Using TensorFlow backend.
INFO: Model name '../corpora/domain-adaption/german-alternative/' not found in model shortcut name list (bert-base-uncased, bert-large-uncased, bert-base-cased, bert-large-cased, bert-base-multilingual-uncased, bert-base-multilingual-cased, bert-base-chinese, bert-base-german-cased, bert-large-uncased-whole-word-masking, bert-large-cased-whole-word-masking, bert-large-uncased-whole-word-masking-finetuned-squad, bert-large-cased-whole-word-masking-finetuned-squad, bert-base-cased-finetuned-mrpc, bert-base-german-dbmdz-cased, bert-base-german-dbmdz-uncased, TurkuNLP/bert-base-finnish-cased-v1, TurkuNLP/bert-base-finnish-uncased-v1, wietsedv/bert-base-dutch-cased). Assuming '../corpora/domain-adaption/german-alternative/' is a path, a model identifier, or url to a directory containing tokenizer files.
INFO: Didn't find file ../corpora/domain-adaption/german-alternative/added_tokens.json. We won't load it.
INFO: loading file ../corpora/domain-adaption/german-alternative/vocab.txt
INFO: loading file None
INFO: loading file ../corpora/domain-adaption/german-alternative/special_tokens_map.json
INFO: loading file ../corpora/domain-adaption/german-alternative/tokenizer_config.json
INFO: loading configuration file ../corpora/domain-adaption/german-alternative/config.json
INFO: Model config BertConfig {
  "architectures": [
    "BertForMaskedLM"
  ],
  "attention_probs_dropout_prob": 0.1,
  "hidden_act": "gelu",
  "hidden_dropout_prob": 0.1,
  "hidden_size": 768,
  "id2label": {
    "0": "LABEL_0",
    "1": "LABEL_1",
    "2": "LABEL_2"
  },
  "initializer_range": 0.02,
  "intermediate_size": 3072,
  "label2id": {
    "LABEL_0": 0,
    "LABEL_1": 1,
    "LABEL_2": 2
  },
  "layer_norm_eps": 1e-12,
  "max_position_embeddings": 512,
  "model_type": "bert",
  "num_attention_heads": 12,
  "num_hidden_layers": 12,
  "pad_token_id": 0,
  "type_vocab_size": 2,
  "vocab_size": 31102
}

INFO: loading weights file ../corpora/domain-adaption/german-alternative/pytorch_model.bin
INFO: Weights of BertForSequenceClassification not initialized from pretrained model: ['classifier.weight', 'classifier.bias']
INFO: Weights from pretrained model not used in BertForSequenceClassification: ['cls.predictions.bias', 'cls.predictions.transform.dense.weight', 'cls.predictions.transform.dense.bias', 'cls.predictions.transform.LayerNorm.weight', 'cls.predictions.transform.LayerNorm.bias', 'cls.predictions.decoder.weight', 'cls.predictions.decoder.bias']
INFO: Stopping epoch run early (Epoch 5).
INFO: Training for epoch_year done.
INFO: Training took 0:03:05 (h:mm:ss) 

INFO: Testing for epoch_year done.
INFO: CV Test F1-Score: 0.6580405747204543 (run: 1/10).
INFO: Testing took 0:03:07 (h:mm:ss) 

INFO: Model name '../corpora/domain-adaption/german-alternative/' not found in model shortcut name list (bert-base-uncased, bert-large-uncased, bert-base-cased, bert-large-cased, bert-base-multilingual-uncased, bert-base-multilingual-cased, bert-base-chinese, bert-base-german-cased, bert-large-uncased-whole-word-masking, bert-large-cased-whole-word-masking, bert-large-uncased-whole-word-masking-finetuned-squad, bert-large-cased-whole-word-masking-finetuned-squad, bert-base-cased-finetuned-mrpc, bert-base-german-dbmdz-cased, bert-base-german-dbmdz-uncased, TurkuNLP/bert-base-finnish-cased-v1, TurkuNLP/bert-base-finnish-uncased-v1, wietsedv/bert-base-dutch-cased). Assuming '../corpora/domain-adaption/german-alternative/' is a path, a model identifier, or url to a directory containing tokenizer files.
INFO: Didn't find file ../corpora/domain-adaption/german-alternative/added_tokens.json. We won't load it.
INFO: loading file ../corpora/domain-adaption/german-alternative/vocab.txt
INFO: loading file None
INFO: loading file ../corpora/domain-adaption/german-alternative/special_tokens_map.json
INFO: loading file ../corpora/domain-adaption/german-alternative/tokenizer_config.json
INFO: loading configuration file ../corpora/domain-adaption/german-alternative/config.json
INFO: Model config BertConfig {
  "architectures": [
    "BertForMaskedLM"
  ],
  "attention_probs_dropout_prob": 0.1,
  "hidden_act": "gelu",
  "hidden_dropout_prob": 0.1,
  "hidden_size": 768,
  "id2label": {
    "0": "LABEL_0",
    "1": "LABEL_1",
    "2": "LABEL_2"
  },
  "initializer_range": 0.02,
  "intermediate_size": 3072,
  "label2id": {
    "LABEL_0": 0,
    "LABEL_1": 1,
    "LABEL_2": 2
  },
  "layer_norm_eps": 1e-12,
  "max_position_embeddings": 512,
  "model_type": "bert",
  "num_attention_heads": 12,
  "num_hidden_layers": 12,
  "pad_token_id": 0,
  "type_vocab_size": 2,
  "vocab_size": 31102
}

INFO: loading weights file ../corpora/domain-adaption/german-alternative/pytorch_model.bin
INFO: Weights of BertForSequenceClassification not initialized from pretrained model: ['classifier.weight', 'classifier.bias']
INFO: Weights from pretrained model not used in BertForSequenceClassification: ['cls.predictions.bias', 'cls.predictions.transform.dense.weight', 'cls.predictions.transform.dense.bias', 'cls.predictions.transform.LayerNorm.weight', 'cls.predictions.transform.LayerNorm.bias', 'cls.predictions.decoder.weight', 'cls.predictions.decoder.bias']
INFO: Stopping epoch run early (Epoch 8).
INFO: Training for epoch_poet done.
INFO: Training took 0:04:48 (h:mm:ss) 

INFO: Testing for epoch_poet done.
INFO: CV Test F1-Score: 0.6354858934169277 (run: 1/10).
INFO: Testing took 0:04:49 (h:mm:ss) 

INFO: Training for run 1/10 completed.
INFO: Training run took 0:04:49 (h:mm:ss)
INFO: Model name '../corpora/domain-adaption/german-alternative/' not found in model shortcut name list (bert-base-uncased, bert-large-uncased, bert-base-cased, bert-large-cased, bert-base-multilingual-uncased, bert-base-multilingual-cased, bert-base-chinese, bert-base-german-cased, bert-large-uncased-whole-word-masking, bert-large-cased-whole-word-masking, bert-large-uncased-whole-word-masking-finetuned-squad, bert-large-cased-whole-word-masking-finetuned-squad, bert-base-cased-finetuned-mrpc, bert-base-german-dbmdz-cased, bert-base-german-dbmdz-uncased, TurkuNLP/bert-base-finnish-cased-v1, TurkuNLP/bert-base-finnish-uncased-v1, wietsedv/bert-base-dutch-cased). Assuming '../corpora/domain-adaption/german-alternative/' is a path, a model identifier, or url to a directory containing tokenizer files.
INFO: Didn't find file ../corpora/domain-adaption/german-alternative/added_tokens.json. We won't load it.
INFO: loading file ../corpora/domain-adaption/german-alternative/vocab.txt
INFO: loading file None
INFO: loading file ../corpora/domain-adaption/german-alternative/special_tokens_map.json
INFO: loading file ../corpora/domain-adaption/german-alternative/tokenizer_config.json
INFO: loading configuration file ../corpora/domain-adaption/german-alternative/config.json
INFO: Model config BertConfig {
  "architectures": [
    "BertForMaskedLM"
  ],
  "attention_probs_dropout_prob": 0.1,
  "hidden_act": "gelu",
  "hidden_dropout_prob": 0.1,
  "hidden_size": 768,
  "id2label": {
    "0": "LABEL_0",
    "1": "LABEL_1",
    "2": "LABEL_2"
  },
  "initializer_range": 0.02,
  "intermediate_size": 3072,
  "label2id": {
    "LABEL_0": 0,
    "LABEL_1": 1,
    "LABEL_2": 2
  },
  "layer_norm_eps": 1e-12,
  "max_position_embeddings": 512,
  "model_type": "bert",
  "num_attention_heads": 12,
  "num_hidden_layers": 12,
  "pad_token_id": 0,
  "type_vocab_size": 2,
  "vocab_size": 31102
}

INFO: loading weights file ../corpora/domain-adaption/german-alternative/pytorch_model.bin
INFO: Weights of BertForSequenceClassification not initialized from pretrained model: ['classifier.weight', 'classifier.bias']
INFO: Weights from pretrained model not used in BertForSequenceClassification: ['cls.predictions.bias', 'cls.predictions.transform.dense.weight', 'cls.predictions.transform.dense.bias', 'cls.predictions.transform.LayerNorm.weight', 'cls.predictions.transform.LayerNorm.bias', 'cls.predictions.decoder.weight', 'cls.predictions.decoder.bias']
INFO: Stopping epoch run early (Epoch 6).
INFO: Training for epoch_year done.
INFO: Training took 0:03:43 (h:mm:ss) 

INFO: Testing for epoch_year done.
INFO: CV Test F1-Score: 0.6172428481750516 (run: 2/10).
INFO: Testing took 0:03:45 (h:mm:ss) 

INFO: Model name '../corpora/domain-adaption/german-alternative/' not found in model shortcut name list (bert-base-uncased, bert-large-uncased, bert-base-cased, bert-large-cased, bert-base-multilingual-uncased, bert-base-multilingual-cased, bert-base-chinese, bert-base-german-cased, bert-large-uncased-whole-word-masking, bert-large-cased-whole-word-masking, bert-large-uncased-whole-word-masking-finetuned-squad, bert-large-cased-whole-word-masking-finetuned-squad, bert-base-cased-finetuned-mrpc, bert-base-german-dbmdz-cased, bert-base-german-dbmdz-uncased, TurkuNLP/bert-base-finnish-cased-v1, TurkuNLP/bert-base-finnish-uncased-v1, wietsedv/bert-base-dutch-cased). Assuming '../corpora/domain-adaption/german-alternative/' is a path, a model identifier, or url to a directory containing tokenizer files.
INFO: Didn't find file ../corpora/domain-adaption/german-alternative/added_tokens.json. We won't load it.
INFO: loading file ../corpora/domain-adaption/german-alternative/vocab.txt
INFO: loading file None
INFO: loading file ../corpora/domain-adaption/german-alternative/special_tokens_map.json
INFO: loading file ../corpora/domain-adaption/german-alternative/tokenizer_config.json
INFO: loading configuration file ../corpora/domain-adaption/german-alternative/config.json
INFO: Model config BertConfig {
  "architectures": [
    "BertForMaskedLM"
  ],
  "attention_probs_dropout_prob": 0.1,
  "hidden_act": "gelu",
  "hidden_dropout_prob": 0.1,
  "hidden_size": 768,
  "id2label": {
    "0": "LABEL_0",
    "1": "LABEL_1",
    "2": "LABEL_2"
  },
  "initializer_range": 0.02,
  "intermediate_size": 3072,
  "label2id": {
    "LABEL_0": 0,
    "LABEL_1": 1,
    "LABEL_2": 2
  },
  "layer_norm_eps": 1e-12,
  "max_position_embeddings": 512,
  "model_type": "bert",
  "num_attention_heads": 12,
  "num_hidden_layers": 12,
  "pad_token_id": 0,
  "type_vocab_size": 2,
  "vocab_size": 31102
}

INFO: loading weights file ../corpora/domain-adaption/german-alternative/pytorch_model.bin
INFO: Weights of BertForSequenceClassification not initialized from pretrained model: ['classifier.weight', 'classifier.bias']
INFO: Weights from pretrained model not used in BertForSequenceClassification: ['cls.predictions.bias', 'cls.predictions.transform.dense.weight', 'cls.predictions.transform.dense.bias', 'cls.predictions.transform.LayerNorm.weight', 'cls.predictions.transform.LayerNorm.bias', 'cls.predictions.decoder.weight', 'cls.predictions.decoder.bias']
INFO: Stopping epoch run early (Epoch 4).
INFO: Training for epoch_poet done.
INFO: Training took 0:02:40 (h:mm:ss) 

INFO: Testing for epoch_poet done.
INFO: CV Test F1-Score: 0.6093755169105566 (run: 2/10).
INFO: Testing took 0:02:42 (h:mm:ss) 

INFO: Training for run 2/10 completed.
INFO: Training run took 0:02:42 (h:mm:ss)
INFO: Model name '../corpora/domain-adaption/german-alternative/' not found in model shortcut name list (bert-base-uncased, bert-large-uncased, bert-base-cased, bert-large-cased, bert-base-multilingual-uncased, bert-base-multilingual-cased, bert-base-chinese, bert-base-german-cased, bert-large-uncased-whole-word-masking, bert-large-cased-whole-word-masking, bert-large-uncased-whole-word-masking-finetuned-squad, bert-large-cased-whole-word-masking-finetuned-squad, bert-base-cased-finetuned-mrpc, bert-base-german-dbmdz-cased, bert-base-german-dbmdz-uncased, TurkuNLP/bert-base-finnish-cased-v1, TurkuNLP/bert-base-finnish-uncased-v1, wietsedv/bert-base-dutch-cased). Assuming '../corpora/domain-adaption/german-alternative/' is a path, a model identifier, or url to a directory containing tokenizer files.
INFO: Didn't find file ../corpora/domain-adaption/german-alternative/added_tokens.json. We won't load it.
INFO: loading file ../corpora/domain-adaption/german-alternative/vocab.txt
INFO: loading file None
INFO: loading file ../corpora/domain-adaption/german-alternative/special_tokens_map.json
INFO: loading file ../corpora/domain-adaption/german-alternative/tokenizer_config.json
INFO: loading configuration file ../corpora/domain-adaption/german-alternative/config.json
INFO: Model config BertConfig {
  "architectures": [
    "BertForMaskedLM"
  ],
  "attention_probs_dropout_prob": 0.1,
  "hidden_act": "gelu",
  "hidden_dropout_prob": 0.1,
  "hidden_size": 768,
  "id2label": {
    "0": "LABEL_0",
    "1": "LABEL_1",
    "2": "LABEL_2"
  },
  "initializer_range": 0.02,
  "intermediate_size": 3072,
  "label2id": {
    "LABEL_0": 0,
    "LABEL_1": 1,
    "LABEL_2": 2
  },
  "layer_norm_eps": 1e-12,
  "max_position_embeddings": 512,
  "model_type": "bert",
  "num_attention_heads": 12,
  "num_hidden_layers": 12,
  "pad_token_id": 0,
  "type_vocab_size": 2,
  "vocab_size": 31102
}

INFO: loading weights file ../corpora/domain-adaption/german-alternative/pytorch_model.bin
INFO: Weights of BertForSequenceClassification not initialized from pretrained model: ['classifier.weight', 'classifier.bias']
INFO: Weights from pretrained model not used in BertForSequenceClassification: ['cls.predictions.bias', 'cls.predictions.transform.dense.weight', 'cls.predictions.transform.dense.bias', 'cls.predictions.transform.LayerNorm.weight', 'cls.predictions.transform.LayerNorm.bias', 'cls.predictions.decoder.weight', 'cls.predictions.decoder.bias']
There are 1 GPU(s) available.
Used GPU: GeForce RTX 2080 Ti

======== Epoch 1 / 10 ========
Now Training.
Batch    50  of     86.    Elapsed: 0:00:16.

  Average training loss: 1.11
  Training epoch took: 0:00:28

Now Validating.
  Validation Accuracy: 0.24
  Validation Loss: 1.10
  Validation took: 0:00:01

======== Epoch 2 / 10 ========
Now Training.
Batch    50  of     86.    Elapsed: 0:00:17.

  Average training loss: 1.09
  Training epoch took: 0:00:29

Now Validating.
  Validation Accuracy: 0.29
  Validation Loss: 1.07
  Validation took: 0:00:01

======== Epoch 3 / 10 ========
Now Training.
Batch    50  of     86.    Elapsed: 0:00:17.

  Average training loss: 0.89
  Training epoch took: 0:00:29

Now Validating.
  Validation Accuracy: 0.37
  Validation Loss: 1.12
  Validation took: 0:00:01

======== Epoch 4 / 10 ========
Now Training.
Batch    50  of     86.    Elapsed: 0:00:18.

  Average training loss: 0.63
  Training epoch took: 0:00:31

Now Validating.
  Validation Accuracy: 0.44
  Validation Loss: 1.05
  Validation took: 0:00:01

======== Epoch 5 / 10 ========
Now Training.
Batch    50  of     86.    Elapsed: 0:00:18.

  Average training loss: 0.40
  Training epoch took: 0:00:31

Now Validating.
  Validation Accuracy: 0.38
  Validation Loss: 1.27
  Validation took: 0:00:01

======== Epoch 6 / 10 ========
Now Training.
Batch    50  of     86.    Elapsed: 0:00:18.

  Average training loss: 0.25
  Training epoch took: 0:00:31

Now Validating.
  Validation Accuracy: 0.53
  Validation Loss: 1.34
  Validation took: 0:00:01
--------------------------------

--------------------------------


======== Epoch 1 / 10 ========
Now Training.
Batch    50  of     86.    Elapsed: 0:00:18.

  Average training loss: 1.11
  Training epoch took: 0:00:31

Now Validating.
  Validation Accuracy: 0.22
  Validation Loss: 1.13
  Validation took: 0:00:01

======== Epoch 2 / 10 ========
Now Training.
Batch    50  of     86.    Elapsed: 0:00:18.

  Average training loss: 1.01
  Training epoch took: 0:00:31

Now Validating.
  Validation Accuracy: 0.30
  Validation Loss: 1.08
  Validation took: 0:00:01

======== Epoch 3 / 10 ========
Now Training.
Batch    50  of     86.    Elapsed: 0:00:18.

  Average training loss: 0.81
  Training epoch took: 0:00:31

Now Validating.
  Validation Accuracy: 0.38
  Validation Loss: 1.07
  Validation took: 0:00:01

======== Epoch 4 / 10 ========
Now Training.
Batch    50  of     86.    Elapsed: 0:00:18.

  Average training loss: 0.63
  Training epoch took: 0:00:31

Now Validating.
  Validation Accuracy: 0.43
  Validation Loss: 1.00
  Validation took: 0:00:01

======== Epoch 5 / 10 ========
Now Training.
Batch    50  of     86.    Elapsed: 0:00:18.

  Average training loss: 0.45
  Training epoch took: 0:00:31

Now Validating.
  Validation Accuracy: 0.46
  Validation Loss: 0.96
  Validation took: 0:00:01

======== Epoch 6 / 10 ========
Now Training.
Batch    50  of     86.    Elapsed: 0:00:18.

  Average training loss: 0.30
  Training epoch took: 0:00:31

Now Validating.
  Validation Accuracy: 0.38
  Validation Loss: 1.47
  Validation took: 0:00:01

======== Epoch 7 / 10 ========
Now Training.
Batch    50  of     86.    Elapsed: 0:00:18.

  Average training loss: 0.21
  Training epoch took: 0:00:31

Now Validating.
  Validation Accuracy: 0.45
  Validation Loss: 1.05
  Validation took: 0:00:01

======== Epoch 8 / 10 ========
Now Training.
Batch    50  of     86.    Elapsed: 0:00:18.

  Average training loss: 0.11
  Training epoch took: 0:00:31

Now Validating.
  Validation Accuracy: 0.47
  Validation Loss: 1.15
  Validation took: 0:00:01

======== Epoch 9 / 10 ========
Now Training.
Batch    50  of     86.    Elapsed: 0:00:18.

  Average training loss: 0.06
  Training epoch took: 0:00:31

Now Validating.
  Validation Accuracy: 0.48
  Validation Loss: 1.61
  Validation took: 0:00:01
--------------------------------

--------------------------------

________________________________
________________________________


======== Epoch 1 / 10 ========
Now Training.
Batch    50  of     86.    Elapsed: 0:00:18.

  Average training loss: 1.09
  Training epoch took: 0:00:30

Now Validating.
  Validation Accuracy: 0.40
  Validation Loss: 1.00
  Validation took: 0:00:01

======== Epoch 2 / 10 ========
Now Training.
Batch    50  of     86.    Elapsed: 0:00:18.

  Average training loss: 0.92
  Training epoch took: 0:00:31

Now Validating.
  Validation Accuracy: 0.51
  Validation Loss: 0.91
  Validation took: 0:00:01

======== Epoch 3 / 10 ========
Now Training.
Batch    50  of     86.    Elapsed: 0:00:18.

  Average training loss: 0.67
  Training epoch took: 0:00:31

Now Validating.
  Validation Accuracy: 0.65
  Validation Loss: 0.79
  Validation took: 0:00:01

======== Epoch 4 / 10 ========
Now Training.
Batch    50  of     86.    Elapsed: 0:00:18.

  Average training loss: 0.44
  Training epoch took: 0:00:31

Now Validating.
  Validation Accuracy: 0.61
  Validation Loss: 1.07
  Validation took: 0:00:01

======== Epoch 5 / 10 ========
Now Training.
Batch    50  of     86.    Elapsed: 0:00:18.

  Average training loss: 0.31
  Training epoch took: 0:00:31

Now Validating.
  Validation Accuracy: 0.57
  Validation Loss: 0.86
  Validation took: 0:00:01

======== Epoch 6 / 10 ========
Now Training.
Batch    50  of     86.    Elapsed: 0:00:18.

  Average training loss: 0.19
  Training epoch took: 0:00:31

Now Validating.
  Validation Accuracy: 0.57
  Validation Loss: 1.05
  Validation took: 0:00:01

======== Epoch 7 / 10 ========
Now Training.
Batch    50  of     86.    Elapsed: 0:00:18.

  Average training loss: 0.09
  Training epoch took: 0:00:31

Now Validating.
  Validation Accuracy: 0.61
  Validation Loss: 1.35
  Validation took: 0:00:01
--------------------------------

--------------------------------


======== Epoch 1 / 10 ========
Now Training.
Batch    50  of     86.    Elapsed: 0:00:18.

  Average training loss: 1.09
  Training epoch took: 0:00:31

Now Validating.
  Validation Accuracy: 0.39
  Validation Loss: 1.01
  Validation took: 0:00:01

======== Epoch 2 / 10 ========
Now Training.
Batch    50  of     86.    Elapsed: 0:00:18.

  Average training loss: 1.01
  Training epoch took: 0:00:31

Now Validating.
  Validation Accuracy: 0.40
  Validation Loss: 1.00
  Validation took: 0:00:01

======== Epoch 3 / 10 ========
Now Training.
Batch    50  of     86.    Elapsed: 0:00:18.

  Average training loss: 0.82
  Training epoch took: 0:00:31

Now Validating.
  Validation Accuracy: 0.59
  Validation Loss: 0.91
  Validation took: 0:00:01

======== Epoch 4 / 10 ========
Now Training.
Batch    50  of     86.    Elapsed: 0:00:18.

  Average training loss: 0.61
  Training epoch took: 0:00:31

Now Validating.
  Validation Accuracy: 0.45
  Validation Loss: 0.97
  Validation took: 0:00:01

======== Epoch 5 / 10 ========
Now Training.
Batch    50  of     86.    Elapsed: 0:00:18.

  Average training loss: 0.41
  Training epoch took: 0:00:31

Now Validating.
  Validation Accuracy: 0.49
  Validation Loss: 1.06
  Validation took: 0:00:01
--------------------------------

--------------------------------

________________________________
________________________________


======== Epoch 1 / 10 ========
Now Training.
Batch    50  of     86.    Elapsed: 0:00:18.

  Average training loss: 1.09
  Training epoch took: 0:00:31

Now Validating.
  Validation Accuracy: 0.29
  Validation Loss: 1.16
  Validation took: 0:00:01

======== Epoch 2 / 10 ========
Now Training.
Batch    50  of     86.    Elapsed: 0:00:18.

  Average training loss: 1.01
  Training epoch took: 0:00:31

Now Validating.
  Validation Accuracy: 0.35
  Validation Loss: 1.10
  Validation took: 0:00:01

======== Epoch 3 / 10 ========
Now Training.
Batch    50  of     86.    Elapsed: 0:00:18.

  Average training loss: 0.80
  Training epoch took: 0:00:31

Now Validating.
  Validation Accuracy: 0.34
  Validation Loss: 1.31
  Validation took: 0:00:01

======== Epoch 4 / 10 ========
Now Training.
Batch    50  of     86.    Elapsed: 0:00:18.

  Average training loss: 0.57
  Training epoch took: 0:00:31

Now Validating.
  Validation Accuracy: 0.38
  Validation Loss: 1.25
  Validation took: 0:00:01

======== Epoch 5 / 10 ========INFO: Stopping epoch run early (Epoch 5).
INFO: Training for epoch_year done.
INFO: Training took 0:03:11 (h:mm:ss) 

INFO: Testing for epoch_year done.
INFO: CV Test F1-Score: 0.5858117795492345 (run: 3/10).
INFO: Testing took 0:03:12 (h:mm:ss) 

INFO: Model name '../corpora/domain-adaption/german-alternative/' not found in model shortcut name list (bert-base-uncased, bert-large-uncased, bert-base-cased, bert-large-cased, bert-base-multilingual-uncased, bert-base-multilingual-cased, bert-base-chinese, bert-base-german-cased, bert-large-uncased-whole-word-masking, bert-large-cased-whole-word-masking, bert-large-uncased-whole-word-masking-finetuned-squad, bert-large-cased-whole-word-masking-finetuned-squad, bert-base-cased-finetuned-mrpc, bert-base-german-dbmdz-cased, bert-base-german-dbmdz-uncased, TurkuNLP/bert-base-finnish-cased-v1, TurkuNLP/bert-base-finnish-uncased-v1, wietsedv/bert-base-dutch-cased). Assuming '../corpora/domain-adaption/german-alternative/' is a path, a model identifier, or url to a directory containing tokenizer files.
INFO: Didn't find file ../corpora/domain-adaption/german-alternative/added_tokens.json. We won't load it.
INFO: loading file ../corpora/domain-adaption/german-alternative/vocab.txt
INFO: loading file None
INFO: loading file ../corpora/domain-adaption/german-alternative/special_tokens_map.json
INFO: loading file ../corpora/domain-adaption/german-alternative/tokenizer_config.json
INFO: loading configuration file ../corpora/domain-adaption/german-alternative/config.json
INFO: Model config BertConfig {
  "architectures": [
    "BertForMaskedLM"
  ],
  "attention_probs_dropout_prob": 0.1,
  "hidden_act": "gelu",
  "hidden_dropout_prob": 0.1,
  "hidden_size": 768,
  "id2label": {
    "0": "LABEL_0",
    "1": "LABEL_1",
    "2": "LABEL_2"
  },
  "initializer_range": 0.02,
  "intermediate_size": 3072,
  "label2id": {
    "LABEL_0": 0,
    "LABEL_1": 1,
    "LABEL_2": 2
  },
  "layer_norm_eps": 1e-12,
  "max_position_embeddings": 512,
  "model_type": "bert",
  "num_attention_heads": 12,
  "num_hidden_layers": 12,
  "pad_token_id": 0,
  "type_vocab_size": 2,
  "vocab_size": 31102
}

INFO: loading weights file ../corpora/domain-adaption/german-alternative/pytorch_model.bin
INFO: Weights of BertForSequenceClassification not initialized from pretrained model: ['classifier.weight', 'classifier.bias']
INFO: Weights from pretrained model not used in BertForSequenceClassification: ['cls.predictions.bias', 'cls.predictions.transform.dense.weight', 'cls.predictions.transform.dense.bias', 'cls.predictions.transform.LayerNorm.weight', 'cls.predictions.transform.LayerNorm.bias', 'cls.predictions.decoder.weight', 'cls.predictions.decoder.bias']
INFO: Stopping epoch run early (Epoch 5).
INFO: Training for epoch_poet done.
INFO: Training took 0:03:11 (h:mm:ss) 

INFO: Testing for epoch_poet done.
INFO: CV Test F1-Score: 0.5753000387146728 (run: 3/10).
INFO: Testing took 0:03:12 (h:mm:ss) 

INFO: Training for run 3/10 completed.
INFO: Training run took 0:03:12 (h:mm:ss)
INFO: Model name '../corpora/domain-adaption/german-alternative/' not found in model shortcut name list (bert-base-uncased, bert-large-uncased, bert-base-cased, bert-large-cased, bert-base-multilingual-uncased, bert-base-multilingual-cased, bert-base-chinese, bert-base-german-cased, bert-large-uncased-whole-word-masking, bert-large-cased-whole-word-masking, bert-large-uncased-whole-word-masking-finetuned-squad, bert-large-cased-whole-word-masking-finetuned-squad, bert-base-cased-finetuned-mrpc, bert-base-german-dbmdz-cased, bert-base-german-dbmdz-uncased, TurkuNLP/bert-base-finnish-cased-v1, TurkuNLP/bert-base-finnish-uncased-v1, wietsedv/bert-base-dutch-cased). Assuming '../corpora/domain-adaption/german-alternative/' is a path, a model identifier, or url to a directory containing tokenizer files.
INFO: Didn't find file ../corpora/domain-adaption/german-alternative/added_tokens.json. We won't load it.
INFO: loading file ../corpora/domain-adaption/german-alternative/vocab.txt
INFO: loading file None
INFO: loading file ../corpora/domain-adaption/german-alternative/special_tokens_map.json
INFO: loading file ../corpora/domain-adaption/german-alternative/tokenizer_config.json
INFO: loading configuration file ../corpora/domain-adaption/german-alternative/config.json
INFO: Model config BertConfig {
  "architectures": [
    "BertForMaskedLM"
  ],
  "attention_probs_dropout_prob": 0.1,
  "hidden_act": "gelu",
  "hidden_dropout_prob": 0.1,
  "hidden_size": 768,
  "id2label": {
    "0": "LABEL_0",
    "1": "LABEL_1",
    "2": "LABEL_2"
  },
  "initializer_range": 0.02,
  "intermediate_size": 3072,
  "label2id": {
    "LABEL_0": 0,
    "LABEL_1": 1,
    "LABEL_2": 2
  },
  "layer_norm_eps": 1e-12,
  "max_position_embeddings": 512,
  "model_type": "bert",
  "num_attention_heads": 12,
  "num_hidden_layers": 12,
  "pad_token_id": 0,
  "type_vocab_size": 2,
  "vocab_size": 31102
}

INFO: loading weights file ../corpora/domain-adaption/german-alternative/pytorch_model.bin
INFO: Weights of BertForSequenceClassification not initialized from pretrained model: ['classifier.weight', 'classifier.bias']
INFO: Weights from pretrained model not used in BertForSequenceClassification: ['cls.predictions.bias', 'cls.predictions.transform.dense.weight', 'cls.predictions.transform.dense.bias', 'cls.predictions.transform.LayerNorm.weight', 'cls.predictions.transform.LayerNorm.bias', 'cls.predictions.decoder.weight', 'cls.predictions.decoder.bias']
INFO: Stopping epoch run early (Epoch 6).
INFO: Training for epoch_year done.
INFO: Training took 0:03:42 (h:mm:ss) 

INFO: Testing for epoch_year done.
INFO: CV Test F1-Score: 0.6579442336248144 (run: 4/10).
INFO: Testing took 0:03:43 (h:mm:ss) 

INFO: Model name '../corpora/domain-adaption/german-alternative/' not found in model shortcut name list (bert-base-uncased, bert-large-uncased, bert-base-cased, bert-large-cased, bert-base-multilingual-uncased, bert-base-multilingual-cased, bert-base-chinese, bert-base-german-cased, bert-large-uncased-whole-word-masking, bert-large-cased-whole-word-masking, bert-large-uncased-whole-word-masking-finetuned-squad, bert-large-cased-whole-word-masking-finetuned-squad, bert-base-cased-finetuned-mrpc, bert-base-german-dbmdz-cased, bert-base-german-dbmdz-uncased, TurkuNLP/bert-base-finnish-cased-v1, TurkuNLP/bert-base-finnish-uncased-v1, wietsedv/bert-base-dutch-cased). Assuming '../corpora/domain-adaption/german-alternative/' is a path, a model identifier, or url to a directory containing tokenizer files.
INFO: Didn't find file ../corpora/domain-adaption/german-alternative/added_tokens.json. We won't load it.
INFO: loading file ../corpora/domain-adaption/german-alternative/vocab.txt
INFO: loading file None
INFO: loading file ../corpora/domain-adaption/german-alternative/special_tokens_map.json
INFO: loading file ../corpora/domain-adaption/german-alternative/tokenizer_config.json
INFO: loading configuration file ../corpora/domain-adaption/german-alternative/config.json
INFO: Model config BertConfig {
  "architectures": [
    "BertForMaskedLM"
  ],
  "attention_probs_dropout_prob": 0.1,
  "hidden_act": "gelu",
  "hidden_dropout_prob": 0.1,
  "hidden_size": 768,
  "id2label": {
    "0": "LABEL_0",
    "1": "LABEL_1",
    "2": "LABEL_2"
  },
  "initializer_range": 0.02,
  "intermediate_size": 3072,
  "label2id": {
    "LABEL_0": 0,
    "LABEL_1": 1,
    "LABEL_2": 2
  },
  "layer_norm_eps": 1e-12,
  "max_position_embeddings": 512,
  "model_type": "bert",
  "num_attention_heads": 12,
  "num_hidden_layers": 12,
  "pad_token_id": 0,
  "type_vocab_size": 2,
  "vocab_size": 31102
}

INFO: loading weights file ../corpora/domain-adaption/german-alternative/pytorch_model.bin
INFO: Weights of BertForSequenceClassification not initialized from pretrained model: ['classifier.weight', 'classifier.bias']
INFO: Weights from pretrained model not used in BertForSequenceClassification: ['cls.predictions.bias', 'cls.predictions.transform.dense.weight', 'cls.predictions.transform.dense.bias', 'cls.predictions.transform.LayerNorm.weight', 'cls.predictions.transform.LayerNorm.bias', 'cls.predictions.decoder.weight', 'cls.predictions.decoder.bias']
INFO: Stopping epoch run early (Epoch 7).
INFO: Training for epoch_poet done.
INFO: Training took 0:04:14 (h:mm:ss) 

INFO: Testing for epoch_poet done.
INFO: CV Test F1-Score: 0.5828460038986355 (run: 4/10).
INFO: Testing took 0:04:16 (h:mm:ss) 

INFO: Training for run 4/10 completed.
INFO: Training run took 0:04:16 (h:mm:ss)
INFO: Model name '../corpora/domain-adaption/german-alternative/' not found in model shortcut name list (bert-base-uncased, bert-large-uncased, bert-base-cased, bert-large-cased, bert-base-multilingual-uncased, bert-base-multilingual-cased, bert-base-chinese, bert-base-german-cased, bert-large-uncased-whole-word-masking, bert-large-cased-whole-word-masking, bert-large-uncased-whole-word-masking-finetuned-squad, bert-large-cased-whole-word-masking-finetuned-squad, bert-base-cased-finetuned-mrpc, bert-base-german-dbmdz-cased, bert-base-german-dbmdz-uncased, TurkuNLP/bert-base-finnish-cased-v1, TurkuNLP/bert-base-finnish-uncased-v1, wietsedv/bert-base-dutch-cased). Assuming '../corpora/domain-adaption/german-alternative/' is a path, a model identifier, or url to a directory containing tokenizer files.
INFO: Didn't find file ../corpora/domain-adaption/german-alternative/added_tokens.json. We won't load it.
INFO: loading file ../corpora/domain-adaption/german-alternative/vocab.txt
INFO: loading file None
INFO: loading file ../corpora/domain-adaption/german-alternative/special_tokens_map.json
INFO: loading file ../corpora/domain-adaption/german-alternative/tokenizer_config.json
INFO: loading configuration file ../corpora/domain-adaption/german-alternative/config.json
INFO: Model config BertConfig {
  "architectures": [
    "BertForMaskedLM"
  ],
  "attention_probs_dropout_prob": 0.1,
  "hidden_act": "gelu",
  "hidden_dropout_prob": 0.1,
  "hidden_size": 768,
  "id2label": {
    "0": "LABEL_0",
    "1": "LABEL_1",
    "2": "LABEL_2"
  },
  "initializer_range": 0.02,
  "intermediate_size": 3072,
  "label2id": {
    "LABEL_0": 0,
    "LABEL_1": 1,
    "LABEL_2": 2
  },
  "layer_norm_eps": 1e-12,
  "max_position_embeddings": 512,
  "model_type": "bert",
  "num_attention_heads": 12,
  "num_hidden_layers": 12,
  "pad_token_id": 0,
  "type_vocab_size": 2,
  "vocab_size": 31102
}

INFO: loading weights file ../corpora/domain-adaption/german-alternative/pytorch_model.bin
INFO: Weights of BertForSequenceClassification not initialized from pretrained model: ['classifier.weight', 'classifier.bias']
INFO: Weights from pretrained model not used in BertForSequenceClassification: ['cls.predictions.bias', 'cls.predictions.transform.dense.weight', 'cls.predictions.transform.dense.bias', 'cls.predictions.transform.LayerNorm.weight', 'cls.predictions.transform.LayerNorm.bias', 'cls.predictions.decoder.weight', 'cls.predictions.decoder.bias']
INFO: Stopping epoch run early (Epoch 4).
INFO: Training for epoch_year done.
INFO: Training took 0:02:39 (h:mm:ss) 

INFO: Testing for epoch_year done.
INFO: CV Test F1-Score: 0.585162252035317 (run: 5/10).
INFO: Testing took 0:02:40 (h:mm:ss) 

INFO: Model name '../corpora/domain-adaption/german-alternative/' not found in model shortcut name list (bert-base-uncased, bert-large-uncased, bert-base-cased, bert-large-cased, bert-base-multilingual-uncased, bert-base-multilingual-cased, bert-base-chinese, bert-base-german-cased, bert-large-uncased-whole-word-masking, bert-large-cased-whole-word-masking, bert-large-uncased-whole-word-masking-finetuned-squad, bert-large-cased-whole-word-masking-finetuned-squad, bert-base-cased-finetuned-mrpc, bert-base-german-dbmdz-cased, bert-base-german-dbmdz-uncased, TurkuNLP/bert-base-finnish-cased-v1, TurkuNLP/bert-base-finnish-uncased-v1, wietsedv/bert-base-dutch-cased). Assuming '../corpora/domain-adaption/german-alternative/' is a path, a model identifier, or url to a directory containing tokenizer files.
INFO: Didn't find file ../corpora/domain-adaption/german-alternative/added_tokens.json. We won't load it.
INFO: loading file ../corpora/domain-adaption/german-alternative/vocab.txt
INFO: loading file None
INFO: loading file ../corpora/domain-adaption/german-alternative/special_tokens_map.json
INFO: loading file ../corpora/domain-adaption/german-alternative/tokenizer_config.json
INFO: loading configuration file ../corpora/domain-adaption/german-alternative/config.json
INFO: Model config BertConfig {
  "architectures": [
    "BertForMaskedLM"
  ],
  "attention_probs_dropout_prob": 0.1,
  "hidden_act": "gelu",
  "hidden_dropout_prob": 0.1,
  "hidden_size": 768,
  "id2label": {
    "0": "LABEL_0",
    "1": "LABEL_1",
    "2": "LABEL_2"
  },
  "initializer_range": 0.02,
  "intermediate_size": 3072,
  "label2id": {
    "LABEL_0": 0,
    "LABEL_1": 1,
    "LABEL_2": 2
  },
  "layer_norm_eps": 1e-12,
  "max_position_embeddings": 512,
  "model_type": "bert",
  "num_attention_heads": 12,
  "num_hidden_layers": 12,
  "pad_token_id": 0,
  "type_vocab_size": 2,
  "vocab_size": 31102
}

INFO: loading weights file ../corpora/domain-adaption/german-alternative/pytorch_model.bin
INFO: Weights of BertForSequenceClassification not initialized from pretrained model: ['classifier.weight', 'classifier.bias']
INFO: Weights from pretrained model not used in BertForSequenceClassification: ['cls.predictions.bias', 'cls.predictions.transform.dense.weight', 'cls.predictions.transform.dense.bias', 'cls.predictions.transform.LayerNorm.weight', 'cls.predictions.transform.LayerNorm.bias', 'cls.predictions.decoder.weight', 'cls.predictions.decoder.bias']

Now Training.
Batch    50  of     86.    Elapsed: 0:00:18.

  Average training loss: 0.35
  Training epoch took: 0:00:31

Now Validating.
  Validation Accuracy: 0.40
  Validation Loss: 1.47
  Validation took: 0:00:01

======== Epoch 6 / 10 ========
Now Training.
Batch    50  of     86.    Elapsed: 0:00:18.

  Average training loss: 0.19
  Training epoch took: 0:00:31

Now Validating.
  Validation Accuracy: 0.43
  Validation Loss: 1.58
  Validation took: 0:00:01
--------------------------------

--------------------------------


======== Epoch 1 / 10 ========
Now Training.
Batch    50  of     86.    Elapsed: 0:00:18.

  Average training loss: 1.07
  Training epoch took: 0:00:30

Now Validating.
  Validation Accuracy: 0.35
  Validation Loss: 1.04
  Validation took: 0:00:01

======== Epoch 2 / 10 ========
Now Training.
Batch    50  of     86.    Elapsed: 0:00:18.

  Average training loss: 0.97
  Training epoch took: 0:00:31

Now Validating.
  Validation Accuracy: 0.32
  Validation Loss: 1.08
  Validation took: 0:00:01

======== Epoch 3 / 10 ========
Now Training.
Batch    50  of     86.    Elapsed: 0:00:18.

  Average training loss: 0.83
  Training epoch took: 0:00:31

Now Validating.
  Validation Accuracy: 0.52
  Validation Loss: 0.91
  Validation took: 0:00:01

======== Epoch 4 / 10 ========
Now Training.
Batch    50  of     86.    Elapsed: 0:00:18.

  Average training loss: 0.58
  Training epoch took: 0:00:31

Now Validating.
  Validation Accuracy: 0.46
  Validation Loss: 0.84
  Validation took: 0:00:01

======== Epoch 5 / 10 ========
Now Training.
Batch    50  of     86.    Elapsed: 0:00:18.

  Average training loss: 0.44
  Training epoch took: 0:00:31

Now Validating.
  Validation Accuracy: 0.47
  Validation Loss: 0.97
  Validation took: 0:00:01

======== Epoch 6 / 10 ========
Now Training.
Batch    50  of     86.    Elapsed: 0:00:18.

  Average training loss: 0.30
  Training epoch took: 0:00:31

Now Validating.
  Validation Accuracy: 0.53
  Validation Loss: 1.02
  Validation took: 0:00:01
--------------------------------

--------------------------------

________________________________
________________________________


======== Epoch 1 / 10 ========
Now Training.
Batch    50  of     86.    Elapsed: 0:00:18.

  Average training loss: 1.11
  Training epoch took: 0:00:30

Now Validating.
  Validation Accuracy: 0.20
  Validation Loss: 1.13
  Validation took: 0:00:01

======== Epoch 2 / 10 ========
Now Training.
Batch    50  of     86.    Elapsed: 0:00:18.

  Average training loss: 0.98
  Training epoch took: 0:00:31

Now Validating.
  Validation Accuracy: 0.45
  Validation Loss: 0.95
  Validation took: 0:00:01

======== Epoch 3 / 10 ========
Now Training.
Batch    50  of     86.    Elapsed: 0:00:18.

  Average training loss: 0.77
  Training epoch took: 0:00:31

Now Validating.
  Validation Accuracy: 0.56
  Validation Loss: 0.88
  Validation took: 0:00:01

======== Epoch 4 / 10 ========
Now Training.
Batch    50  of     86.    Elapsed: 0:00:18.

  Average training loss: 0.53
  Training epoch took: 0:00:31

Now Validating.
  Validation Accuracy: 0.48
  Validation Loss: 1.14
  Validation took: 0:00:01

======== Epoch 5 / 10 ========
Now Training.
Batch    50  of     86.    Elapsed: 0:00:18.

  Average training loss: 0.35
  Training epoch took: 0:00:31

Now Validating.
  Validation Accuracy: 0.59
  Validation Loss: 1.04
  Validation took: 0:00:01

======== Epoch 6 / 10 ========
Now Training.
Batch    50  of     86.    Elapsed: 0:00:18.

  Average training loss: 0.22
  Training epoch took: 0:00:31

Now Validating.
  Validation Accuracy: 0.63
  Validation Loss: 1.21
  Validation took: 0:00:01

======== Epoch 7 / 10 ========
Now Training.
Batch    50  of     86.    Elapsed: 0:00:18.

  Average training loss: 0.13
  Training epoch took: 0:00:31

Now Validating.
  Validation Accuracy: 0.56
  Validation Loss: 1.49
  Validation took: 0:00:01
--------------------------------

--------------------------------


======== Epoch 1 / 10 ========
Now Training.
Batch    50  of     86.    Elapsed: 0:00:18.

  Average training loss: 1.09
  Training epoch took: 0:00:30

Now Validating.
  Validation Accuracy: 0.30
  Validation Loss: 1.08
  Validation took: 0:00:01

======== Epoch 2 / 10 ========
Now Training.
Batch    50  of     86.    Elapsed: 0:00:18.

  Average training loss: 1.03
  Training epoch took: 0:00:31

Now Validating.
  Validation Accuracy: 0.37
  Validation Loss: 0.92
  Validation took: 0:00:01

======== Epoch 3 / 10 ========
Now Training.
Batch    50  of     86.    Elapsed: 0:00:18.

  Average training loss: 0.86
  Training epoch took: 0:00:31

Now Validating.
  Validation Accuracy: 0.50
  Validation Loss: 0.89
  Validation took: 0:00:01

======== Epoch 4 / 10 ========
Now Training.
Batch    50  of     86.    Elapsed: 0:00:18.

  Average training loss: 0.64
  Training epoch took: 0:00:31

Now Validating.
  Validation Accuracy: 0.53
  Validation Loss: 0.89
  Validation took: 0:00:01

======== Epoch 5 / 10 ========
Now Training.
Batch    50  of     86.    Elapsed: 0:00:18.

  Average training loss: 0.48
  Training epoch took: 0:00:31

Now Validating.
  Validation Accuracy: 0.51
  Validation Loss: 0.95
  Validation took: 0:00:01

======== Epoch 6 / 10 ========
Now Training.
Batch    50  of     86.    Elapsed: 0:00:18.

  Average training loss: 0.38
  Training epoch took: 0:00:31

Now Validating.
  Validation Accuracy: 0.58
  Validation Loss: 0.83
  Validation took: 0:00:01

======== Epoch 7 / 10 ========
Now Training.
Batch    50  of     86.    Elapsed: 0:00:18.

  Average training loss: 0.29
  Training epoch took: 0:00:31

Now Validating.
  Validation Accuracy: 0.57
  Validation Loss: 1.02
  Validation took: 0:00:01

======== Epoch 8 / 10 ========
Now Training.
Batch    50  of     86.    Elapsed: 0:00:18.

  Average training loss: 0.19
  Training epoch took: 0:00:31

Now Validating.
  Validation Accuracy: 0.57
  Validation Loss: 1.23
  Validation took: 0:00:01
--------------------------------

--------------------------------

________________________________
________________________________


======== Epoch 1 / 10 ========
Now Training.
Batch    50  of     86.    Elapsed: 0:00:18.

  Average training loss: 1.11
  Training epoch took: 0:00:30

Now Validating.
  Validation Accuracy: 0.37
  Validation Loss: 1.04
  Validation took: 0:00:01

======== Epoch 2 / 10 ========
Now Training.
Batch    50  of     86.    Elapsed: 0:00:18.

  Average training loss: 1.04
  Training epoch took: 0:00:31

Now Validating.
  Validation Accuracy: 0.43
  Validation Loss: 1.00
  Validation took: 0:00:01

======== Epoch 3 / 10 ========
Now Training.
Batch    50  of     86.    Elapsed: 0:00:18.

  Average training loss: 0.85
  Training epoch took: 0:00:31

Now Validating.
  Validation Accuracy: 0.50
  Validation Loss: 0.95
  Validation took: 0:00:01

======== Epoch 4 / 10 ========
Now Training.
Batch    50  of     86.    Elapsed: 0:00:18.

  Average training loss: 0.67
  Training epoch took: 0:00:31

Now Validating.
  Validation Accuracy: 0.47
  Validation Loss: 0.96
  Validation took: 0:00:01

======== Epoch 5 / 10 ========
Now Training.
Batch    50  of     86.    Elapsed: 0:00:18.

  Average training loss: 0.45
  Training epoch took: 0:00:31

Now Validating.
  Validation Accuracy: 0.52
  Validation Loss: 1.05
  Validation took: 0:00:01
--------------------------------

--------------------------------


======== Epoch 1 / 10 ========
Now Training.
Batch    50  of     86.    Elapsed: 0:00:18.

  Average training loss: 1.11
  Training epoch took: 0:00:30

Now Validating.
  Validation Accuracy: 0.30
  Validation Loss: 1.10
  Validation took: 0:00:01

======== Epoch 2 / 10 ========
Now Training.
Batch    50  of     86.    Elapsed: 0:00:18.

  Average training loss: 0.96
  Training epoch took: 0:00:31

Now Validating.
  Validation Accuracy: 0.42
  Validation Loss: 0.96
  Validation took: 0:00:01

======== Epoch 3 / 10 ========
Now Training.
Batch    50  of     86.    Elapsed: 0:00:18.

  Average training loss: 0.77
  Training epoch took: 0:00:31

Now Validating.
  Validation Accuracy: 0.50
  Validation Loss: 0.94
  Validation took: 0:00:01

======== Epoch 4 / 10 ========INFO: Stopping epoch run early (Epoch 5).
INFO: Training for epoch_poet done.
INFO: Training took 0:03:11 (h:mm:ss) 

INFO: Testing for epoch_poet done.
INFO: CV Test F1-Score: 0.5252552231718899 (run: 5/10).
INFO: Testing took 0:03:12 (h:mm:ss) 

INFO: Training for run 5/10 completed.
INFO: Training run took 0:03:12 (h:mm:ss)
INFO: Model name '../corpora/domain-adaption/german-alternative/' not found in model shortcut name list (bert-base-uncased, bert-large-uncased, bert-base-cased, bert-large-cased, bert-base-multilingual-uncased, bert-base-multilingual-cased, bert-base-chinese, bert-base-german-cased, bert-large-uncased-whole-word-masking, bert-large-cased-whole-word-masking, bert-large-uncased-whole-word-masking-finetuned-squad, bert-large-cased-whole-word-masking-finetuned-squad, bert-base-cased-finetuned-mrpc, bert-base-german-dbmdz-cased, bert-base-german-dbmdz-uncased, TurkuNLP/bert-base-finnish-cased-v1, TurkuNLP/bert-base-finnish-uncased-v1, wietsedv/bert-base-dutch-cased). Assuming '../corpora/domain-adaption/german-alternative/' is a path, a model identifier, or url to a directory containing tokenizer files.
INFO: Didn't find file ../corpora/domain-adaption/german-alternative/added_tokens.json. We won't load it.
INFO: loading file ../corpora/domain-adaption/german-alternative/vocab.txt
INFO: loading file None
INFO: loading file ../corpora/domain-adaption/german-alternative/special_tokens_map.json
INFO: loading file ../corpora/domain-adaption/german-alternative/tokenizer_config.json
INFO: loading configuration file ../corpora/domain-adaption/german-alternative/config.json
INFO: Model config BertConfig {
  "architectures": [
    "BertForMaskedLM"
  ],
  "attention_probs_dropout_prob": 0.1,
  "hidden_act": "gelu",
  "hidden_dropout_prob": 0.1,
  "hidden_size": 768,
  "id2label": {
    "0": "LABEL_0",
    "1": "LABEL_1",
    "2": "LABEL_2"
  },
  "initializer_range": 0.02,
  "intermediate_size": 3072,
  "label2id": {
    "LABEL_0": 0,
    "LABEL_1": 1,
    "LABEL_2": 2
  },
  "layer_norm_eps": 1e-12,
  "max_position_embeddings": 512,
  "model_type": "bert",
  "num_attention_heads": 12,
  "num_hidden_layers": 12,
  "pad_token_id": 0,
  "type_vocab_size": 2,
  "vocab_size": 31102
}

INFO: loading weights file ../corpora/domain-adaption/german-alternative/pytorch_model.bin
INFO: Weights of BertForSequenceClassification not initialized from pretrained model: ['classifier.weight', 'classifier.bias']
INFO: Weights from pretrained model not used in BertForSequenceClassification: ['cls.predictions.bias', 'cls.predictions.transform.dense.weight', 'cls.predictions.transform.dense.bias', 'cls.predictions.transform.LayerNorm.weight', 'cls.predictions.transform.LayerNorm.bias', 'cls.predictions.decoder.weight', 'cls.predictions.decoder.bias']
INFO: Stopping epoch run early (Epoch 7).
INFO: Training for epoch_year done.
INFO: Training took 0:04:15 (h:mm:ss) 

INFO: Testing for epoch_year done.
INFO: CV Test F1-Score: 0.5892255892255892 (run: 6/10).
INFO: Testing took 0:04:16 (h:mm:ss) 

INFO: Model name '../corpora/domain-adaption/german-alternative/' not found in model shortcut name list (bert-base-uncased, bert-large-uncased, bert-base-cased, bert-large-cased, bert-base-multilingual-uncased, bert-base-multilingual-cased, bert-base-chinese, bert-base-german-cased, bert-large-uncased-whole-word-masking, bert-large-cased-whole-word-masking, bert-large-uncased-whole-word-masking-finetuned-squad, bert-large-cased-whole-word-masking-finetuned-squad, bert-base-cased-finetuned-mrpc, bert-base-german-dbmdz-cased, bert-base-german-dbmdz-uncased, TurkuNLP/bert-base-finnish-cased-v1, TurkuNLP/bert-base-finnish-uncased-v1, wietsedv/bert-base-dutch-cased). Assuming '../corpora/domain-adaption/german-alternative/' is a path, a model identifier, or url to a directory containing tokenizer files.
INFO: Didn't find file ../corpora/domain-adaption/german-alternative/added_tokens.json. We won't load it.
INFO: loading file ../corpora/domain-adaption/german-alternative/vocab.txt
INFO: loading file None
INFO: loading file ../corpora/domain-adaption/german-alternative/special_tokens_map.json
INFO: loading file ../corpora/domain-adaption/german-alternative/tokenizer_config.json
INFO: loading configuration file ../corpora/domain-adaption/german-alternative/config.json
INFO: Model config BertConfig {
  "architectures": [
    "BertForMaskedLM"
  ],
  "attention_probs_dropout_prob": 0.1,
  "hidden_act": "gelu",
  "hidden_dropout_prob": 0.1,
  "hidden_size": 768,
  "id2label": {
    "0": "LABEL_0",
    "1": "LABEL_1",
    "2": "LABEL_2"
  },
  "initializer_range": 0.02,
  "intermediate_size": 3072,
  "label2id": {
    "LABEL_0": 0,
    "LABEL_1": 1,
    "LABEL_2": 2
  },
  "layer_norm_eps": 1e-12,
  "max_position_embeddings": 512,
  "model_type": "bert",
  "num_attention_heads": 12,
  "num_hidden_layers": 12,
  "pad_token_id": 0,
  "type_vocab_size": 2,
  "vocab_size": 31102
}

INFO: loading weights file ../corpora/domain-adaption/german-alternative/pytorch_model.bin
INFO: Weights of BertForSequenceClassification not initialized from pretrained model: ['classifier.weight', 'classifier.bias']
INFO: Weights from pretrained model not used in BertForSequenceClassification: ['cls.predictions.bias', 'cls.predictions.transform.dense.weight', 'cls.predictions.transform.dense.bias', 'cls.predictions.transform.LayerNorm.weight', 'cls.predictions.transform.LayerNorm.bias', 'cls.predictions.decoder.weight', 'cls.predictions.decoder.bias']
INFO: Stopping epoch run early (Epoch 4).
INFO: Training for epoch_poet done.
INFO: Training took 0:02:40 (h:mm:ss) 

INFO: Testing for epoch_poet done.
INFO: CV Test F1-Score: 0.6623500560382612 (run: 6/10).
INFO: Testing took 0:02:42 (h:mm:ss) 

INFO: Training for run 6/10 completed.
INFO: Training run took 0:02:42 (h:mm:ss)
INFO: Model name '../corpora/domain-adaption/german-alternative/' not found in model shortcut name list (bert-base-uncased, bert-large-uncased, bert-base-cased, bert-large-cased, bert-base-multilingual-uncased, bert-base-multilingual-cased, bert-base-chinese, bert-base-german-cased, bert-large-uncased-whole-word-masking, bert-large-cased-whole-word-masking, bert-large-uncased-whole-word-masking-finetuned-squad, bert-large-cased-whole-word-masking-finetuned-squad, bert-base-cased-finetuned-mrpc, bert-base-german-dbmdz-cased, bert-base-german-dbmdz-uncased, TurkuNLP/bert-base-finnish-cased-v1, TurkuNLP/bert-base-finnish-uncased-v1, wietsedv/bert-base-dutch-cased). Assuming '../corpora/domain-adaption/german-alternative/' is a path, a model identifier, or url to a directory containing tokenizer files.
INFO: Didn't find file ../corpora/domain-adaption/german-alternative/added_tokens.json. We won't load it.
INFO: loading file ../corpora/domain-adaption/german-alternative/vocab.txt
INFO: loading file None
INFO: loading file ../corpora/domain-adaption/german-alternative/special_tokens_map.json
INFO: loading file ../corpora/domain-adaption/german-alternative/tokenizer_config.json
INFO: loading configuration file ../corpora/domain-adaption/german-alternative/config.json
INFO: Model config BertConfig {
  "architectures": [
    "BertForMaskedLM"
  ],
  "attention_probs_dropout_prob": 0.1,
  "hidden_act": "gelu",
  "hidden_dropout_prob": 0.1,
  "hidden_size": 768,
  "id2label": {
    "0": "LABEL_0",
    "1": "LABEL_1",
    "2": "LABEL_2"
  },
  "initializer_range": 0.02,
  "intermediate_size": 3072,
  "label2id": {
    "LABEL_0": 0,
    "LABEL_1": 1,
    "LABEL_2": 2
  },
  "layer_norm_eps": 1e-12,
  "max_position_embeddings": 512,
  "model_type": "bert",
  "num_attention_heads": 12,
  "num_hidden_layers": 12,
  "pad_token_id": 0,
  "type_vocab_size": 2,
  "vocab_size": 31102
}

INFO: loading weights file ../corpora/domain-adaption/german-alternative/pytorch_model.bin
INFO: Weights of BertForSequenceClassification not initialized from pretrained model: ['classifier.weight', 'classifier.bias']
INFO: Weights from pretrained model not used in BertForSequenceClassification: ['cls.predictions.bias', 'cls.predictions.transform.dense.weight', 'cls.predictions.transform.dense.bias', 'cls.predictions.transform.LayerNorm.weight', 'cls.predictions.transform.LayerNorm.bias', 'cls.predictions.decoder.weight', 'cls.predictions.decoder.bias']
INFO: Stopping epoch run early (Epoch 7).
INFO: Training for epoch_year done.
INFO: Training took 0:04:18 (h:mm:ss) 

INFO: Testing for epoch_year done.
INFO: CV Test F1-Score: 0.6708386457833768 (run: 7/10).
INFO: Testing took 0:04:19 (h:mm:ss) 

INFO: Model name '../corpora/domain-adaption/german-alternative/' not found in model shortcut name list (bert-base-uncased, bert-large-uncased, bert-base-cased, bert-large-cased, bert-base-multilingual-uncased, bert-base-multilingual-cased, bert-base-chinese, bert-base-german-cased, bert-large-uncased-whole-word-masking, bert-large-cased-whole-word-masking, bert-large-uncased-whole-word-masking-finetuned-squad, bert-large-cased-whole-word-masking-finetuned-squad, bert-base-cased-finetuned-mrpc, bert-base-german-dbmdz-cased, bert-base-german-dbmdz-uncased, TurkuNLP/bert-base-finnish-cased-v1, TurkuNLP/bert-base-finnish-uncased-v1, wietsedv/bert-base-dutch-cased). Assuming '../corpora/domain-adaption/german-alternative/' is a path, a model identifier, or url to a directory containing tokenizer files.
INFO: Didn't find file ../corpora/domain-adaption/german-alternative/added_tokens.json. We won't load it.
INFO: loading file ../corpora/domain-adaption/german-alternative/vocab.txt
INFO: loading file None
INFO: loading file ../corpora/domain-adaption/german-alternative/special_tokens_map.json
INFO: loading file ../corpora/domain-adaption/german-alternative/tokenizer_config.json
INFO: loading configuration file ../corpora/domain-adaption/german-alternative/config.json
INFO: Model config BertConfig {
  "architectures": [
    "BertForMaskedLM"
  ],
  "attention_probs_dropout_prob": 0.1,
  "hidden_act": "gelu",
  "hidden_dropout_prob": 0.1,
  "hidden_size": 768,
  "id2label": {
    "0": "LABEL_0",
    "1": "LABEL_1",
    "2": "LABEL_2"
  },
  "initializer_range": 0.02,
  "intermediate_size": 3072,
  "label2id": {
    "LABEL_0": 0,
    "LABEL_1": 1,
    "LABEL_2": 2
  },
  "layer_norm_eps": 1e-12,
  "max_position_embeddings": 512,
  "model_type": "bert",
  "num_attention_heads": 12,
  "num_hidden_layers": 12,
  "pad_token_id": 0,
  "type_vocab_size": 2,
  "vocab_size": 31102
}

INFO: loading weights file ../corpora/domain-adaption/german-alternative/pytorch_model.bin
INFO: Weights of BertForSequenceClassification not initialized from pretrained model: ['classifier.weight', 'classifier.bias']
INFO: Weights from pretrained model not used in BertForSequenceClassification: ['cls.predictions.bias', 'cls.predictions.transform.dense.weight', 'cls.predictions.transform.dense.bias', 'cls.predictions.transform.LayerNorm.weight', 'cls.predictions.transform.LayerNorm.bias', 'cls.predictions.decoder.weight', 'cls.predictions.decoder.bias']
INFO: Stopping epoch run early (Epoch 5).
INFO: Training for epoch_poet done.
INFO: Training took 0:03:13 (h:mm:ss) 

INFO: Testing for epoch_poet done.
INFO: CV Test F1-Score: 0.6334168755221387 (run: 7/10).
INFO: Testing took 0:03:14 (h:mm:ss) 

INFO: Training for run 7/10 completed.
INFO: Training run took 0:03:14 (h:mm:ss)
INFO: Model name '../corpora/domain-adaption/german-alternative/' not found in model shortcut name list (bert-base-uncased, bert-large-uncased, bert-base-cased, bert-large-cased, bert-base-multilingual-uncased, bert-base-multilingual-cased, bert-base-chinese, bert-base-german-cased, bert-large-uncased-whole-word-masking, bert-large-cased-whole-word-masking, bert-large-uncased-whole-word-masking-finetuned-squad, bert-large-cased-whole-word-masking-finetuned-squad, bert-base-cased-finetuned-mrpc, bert-base-german-dbmdz-cased, bert-base-german-dbmdz-uncased, TurkuNLP/bert-base-finnish-cased-v1, TurkuNLP/bert-base-finnish-uncased-v1, wietsedv/bert-base-dutch-cased). Assuming '../corpora/domain-adaption/german-alternative/' is a path, a model identifier, or url to a directory containing tokenizer files.
INFO: Didn't find file ../corpora/domain-adaption/german-alternative/added_tokens.json. We won't load it.
INFO: loading file ../corpora/domain-adaption/german-alternative/vocab.txt
INFO: loading file None
INFO: loading file ../corpora/domain-adaption/german-alternative/special_tokens_map.json
INFO: loading file ../corpora/domain-adaption/german-alternative/tokenizer_config.json
INFO: loading configuration file ../corpora/domain-adaption/german-alternative/config.json
INFO: Model config BertConfig {
  "architectures": [
    "BertForMaskedLM"
  ],
  "attention_probs_dropout_prob": 0.1,
  "hidden_act": "gelu",
  "hidden_dropout_prob": 0.1,
  "hidden_size": 768,
  "id2label": {
    "0": "LABEL_0",
    "1": "LABEL_1",
    "2": "LABEL_2"
  },
  "initializer_range": 0.02,
  "intermediate_size": 3072,
  "label2id": {
    "LABEL_0": 0,
    "LABEL_1": 1,
    "LABEL_2": 2
  },
  "layer_norm_eps": 1e-12,
  "max_position_embeddings": 512,
  "model_type": "bert",
  "num_attention_heads": 12,
  "num_hidden_layers": 12,
  "pad_token_id": 0,
  "type_vocab_size": 2,
  "vocab_size": 31102
}

INFO: loading weights file ../corpora/domain-adaption/german-alternative/pytorch_model.bin
INFO: Weights of BertForSequenceClassification not initialized from pretrained model: ['classifier.weight', 'classifier.bias']
INFO: Weights from pretrained model not used in BertForSequenceClassification: ['cls.predictions.bias', 'cls.predictions.transform.dense.weight', 'cls.predictions.transform.dense.bias', 'cls.predictions.transform.LayerNorm.weight', 'cls.predictions.transform.LayerNorm.bias', 'cls.predictions.decoder.weight', 'cls.predictions.decoder.bias']

Now Training.
Batch    50  of     86.    Elapsed: 0:00:18.

  Average training loss: 0.58
  Training epoch took: 0:00:31

Now Validating.
  Validation Accuracy: 0.43
  Validation Loss: 0.91
  Validation took: 0:00:01

======== Epoch 5 / 10 ========
Now Training.
Batch    50  of     86.    Elapsed: 0:00:18.

  Average training loss: 0.42
  Training epoch took: 0:00:31

Now Validating.
  Validation Accuracy: 0.53
  Validation Loss: 0.99
  Validation took: 0:00:01

======== Epoch 6 / 10 ========
Now Training.
Batch    50  of     86.    Elapsed: 0:00:18.

  Average training loss: 0.23
  Training epoch took: 0:00:31

Now Validating.
  Validation Accuracy: 0.56
  Validation Loss: 1.04
  Validation took: 0:00:01
--------------------------------

--------------------------------

________________________________
________________________________


======== Epoch 1 / 10 ========
Now Training.
Batch    50  of     86.    Elapsed: 0:00:18.

  Average training loss: 1.13
  Training epoch took: 0:00:31

Now Validating.
  Validation Accuracy: 0.14
  Validation Loss: 1.16
  Validation took: 0:00:01

======== Epoch 2 / 10 ========
Now Training.
Batch    50  of     86.    Elapsed: 0:00:18.

  Average training loss: 1.03
  Training epoch took: 0:00:31

Now Validating.
  Validation Accuracy: 0.31
  Validation Loss: 1.01
  Validation took: 0:00:01

======== Epoch 3 / 10 ========
Now Training.
Batch    50  of     86.    Elapsed: 0:00:18.

  Average training loss: 0.76
  Training epoch took: 0:00:31

Now Validating.
  Validation Accuracy: 0.53
  Validation Loss: 0.84
  Validation took: 0:00:01

======== Epoch 4 / 10 ========
Now Training.
Batch    50  of     86.    Elapsed: 0:00:18.

  Average training loss: 0.52
  Training epoch took: 0:00:31

Now Validating.
  Validation Accuracy: 0.56
  Validation Loss: 0.74
  Validation took: 0:00:01

======== Epoch 5 / 10 ========
Now Training.
Batch    50  of     86.    Elapsed: 0:00:18.

  Average training loss: 0.39
  Training epoch took: 0:00:31

Now Validating.
  Validation Accuracy: 0.49
  Validation Loss: 0.98
  Validation took: 0:00:01

======== Epoch 6 / 10 ========
Now Training.
Batch    50  of     86.    Elapsed: 0:00:18.

  Average training loss: 0.26
  Training epoch took: 0:00:31

Now Validating.
  Validation Accuracy: 0.58
  Validation Loss: 0.79
  Validation took: 0:00:01

======== Epoch 7 / 10 ========
Now Training.
Batch    50  of     86.    Elapsed: 0:00:18.

  Average training loss: 0.13
  Training epoch took: 0:00:31

Now Validating.
  Validation Accuracy: 0.60
  Validation Loss: 0.82
  Validation took: 0:00:01

======== Epoch 8 / 10 ========
Now Training.
Batch    50  of     86.    Elapsed: 0:00:18.

  Average training loss: 0.07
  Training epoch took: 0:00:31

Now Validating.
  Validation Accuracy: 0.48
  Validation Loss: 1.20
  Validation took: 0:00:01
--------------------------------

--------------------------------


======== Epoch 1 / 10 ========
Now Training.
Batch    50  of     86.    Elapsed: 0:00:18.

  Average training loss: 1.09
  Training epoch took: 0:00:31

Now Validating.
  Validation Accuracy: 0.22
  Validation Loss: 1.12
  Validation took: 0:00:01

======== Epoch 2 / 10 ========
Now Training.
Batch    50  of     86.    Elapsed: 0:00:18.

  Average training loss: 1.02
  Training epoch took: 0:00:31

Now Validating.
  Validation Accuracy: 0.41
  Validation Loss: 1.10
  Validation took: 0:00:01

======== Epoch 3 / 10 ========
Now Training.
Batch    50  of     86.    Elapsed: 0:00:18.

  Average training loss: 0.84
  Training epoch took: 0:00:31

Now Validating.
  Validation Accuracy: 0.44
  Validation Loss: 1.00
  Validation took: 0:00:01

======== Epoch 4 / 10 ========
Now Training.
Batch    50  of     86.    Elapsed: 0:00:18.

  Average training loss: 0.67
  Training epoch took: 0:00:31

Now Validating.
  Validation Accuracy: 0.43
  Validation Loss: 1.09
  Validation took: 0:00:01

======== Epoch 5 / 10 ========
Now Training.
Batch    50  of     86.    Elapsed: 0:00:18.

  Average training loss: 0.50
  Training epoch took: 0:00:31

Now Validating.
  Validation Accuracy: 0.48
  Validation Loss: 1.17
  Validation took: 0:00:01
--------------------------------

--------------------------------

________________________________
________________________________


======== Epoch 1 / 10 ========
Now Training.
Batch    50  of     86.    Elapsed: 0:00:18.

  Average training loss: 1.12
  Training epoch took: 0:00:31

Now Validating.
  Validation Accuracy: 0.19
  Validation Loss: 1.09
  Validation took: 0:00:01

======== Epoch 2 / 10 ========
Now Training.
Batch    50  of     86.    Elapsed: 0:00:18.

  Average training loss: 1.04
  Training epoch took: 0:00:31

Now Validating.
  Validation Accuracy: 0.34
  Validation Loss: 1.04
  Validation took: 0:00:01

======== Epoch 3 / 10 ========
Now Training.
Batch    50  of     86.    Elapsed: 0:00:18.

  Average training loss: 0.92
  Training epoch took: 0:00:31

Now Validating.
  Validation Accuracy: 0.47
  Validation Loss: 0.94
  Validation took: 0:00:01

======== Epoch 4 / 10 ========
Now Training.
Batch    50  of     86.    Elapsed: 0:00:18.

  Average training loss: 0.64
  Training epoch took: 0:00:31

Now Validating.
  Validation Accuracy: 0.59
  Validation Loss: 0.90
  Validation took: 0:00:01

======== Epoch 5 / 10 ========
Now Training.
Batch    50  of     86.    Elapsed: 0:00:18.

  Average training loss: 0.44
  Training epoch took: 0:00:31

Now Validating.
  Validation Accuracy: 0.48
  Validation Loss: 1.07
  Validation took: 0:00:01

======== Epoch 6 / 10 ========
Now Training.
Batch    50  of     86.    Elapsed: 0:00:18.

  Average training loss: 0.37
  Training epoch took: 0:00:31

Now Validating.
  Validation Accuracy: 0.58
  Validation Loss: 0.97
  Validation took: 0:00:01

======== Epoch 7 / 10 ========
Now Training.
Batch    50  of     86.    Elapsed: 0:00:18.

  Average training loss: 0.23
  Training epoch took: 0:00:31

Now Validating.
  Validation Accuracy: 0.62
  Validation Loss: 1.14
  Validation took: 0:00:01

======== Epoch 8 / 10 ========
Now Training.
Batch    50  of     86.    Elapsed: 0:00:18.

  Average training loss: 0.14
  Training epoch took: 0:00:31

Now Validating.
  Validation Accuracy: 0.61
  Validation Loss: 1.26
  Validation took: 0:00:01
--------------------------------

--------------------------------


======== Epoch 1 / 10 ========
Now Training.
Batch    50  of     86.    Elapsed: 0:00:18.

  Average training loss: 1.09
  Training epoch took: 0:00:31

Now Validating.
  Validation Accuracy: 0.35
  Validation Loss: 1.04
  Validation took: 0:00:01

======== Epoch 2 / 10 ========
Now Training.
Batch    50  of     86.    Elapsed: 0:00:18.

  Average training loss: 0.97
  Training epoch took: 0:00:31

Now Validating.
  Validation Accuracy: 0.36
  Validation Loss: 1.01
  Validation took: 0:00:01

======== Epoch 3 / 10 ========
Now Training.
Batch    50  of     86.    Elapsed: 0:00:18.

  Average training loss: 0.88
  Training epoch took: 0:00:31

Now Validating.
  Validation Accuracy: 0.39
  Validation Loss: 0.88
  Validation took: 0:00:01

======== Epoch 4 / 10 ========
Now Training.
Batch    50  of     86.    Elapsed: 0:00:18.

  Average training loss: 0.63
  Training epoch took: 0:00:31

Now Validating.
  Validation Accuracy: 0.55
  Validation Loss: 0.75
  Validation took: 0:00:01

======== Epoch 5 / 10 ========
Now Training.
Batch    50  of     86.    Elapsed: 0:00:18.

  Average training loss: 0.46
  Training epoch took: 0:00:31

Now Validating.
  Validation Accuracy: 0.54
  Validation Loss: 0.75
  Validation took: 0:00:01

======== Epoch 6 / 10 ========
Now Training.
Batch    50  of     86.    Elapsed: 0:00:18.

  Average training loss: 0.30
  Training epoch took: 0:00:31

Now Validating.
  Validation Accuracy: 0.64
  Validation Loss: 0.84
  Validation took: 0:00:01
--------------------------------

--------------------------------

________________________________
________________________________


======== Epoch 1 / 10 ========
Now Training.
Batch    50  of     86.    Elapsed: 0:00:18.

  Average training loss: 1.12
  Training epoch took: 0:00:31

Now Validating.
  Validation Accuracy: 0.21
  Validation Loss: 1.09INFO: Stopping epoch run early (Epoch 8).
INFO: Training for epoch_year done.
INFO: Training took 0:04:49 (h:mm:ss) 

INFO: Testing for epoch_year done.
INFO: CV Test F1-Score: 0.6544695253211846 (run: 8/10).
INFO: Testing took 0:04:50 (h:mm:ss) 

INFO: Model name '../corpora/domain-adaption/german-alternative/' not found in model shortcut name list (bert-base-uncased, bert-large-uncased, bert-base-cased, bert-large-cased, bert-base-multilingual-uncased, bert-base-multilingual-cased, bert-base-chinese, bert-base-german-cased, bert-large-uncased-whole-word-masking, bert-large-cased-whole-word-masking, bert-large-uncased-whole-word-masking-finetuned-squad, bert-large-cased-whole-word-masking-finetuned-squad, bert-base-cased-finetuned-mrpc, bert-base-german-dbmdz-cased, bert-base-german-dbmdz-uncased, TurkuNLP/bert-base-finnish-cased-v1, TurkuNLP/bert-base-finnish-uncased-v1, wietsedv/bert-base-dutch-cased). Assuming '../corpora/domain-adaption/german-alternative/' is a path, a model identifier, or url to a directory containing tokenizer files.
INFO: Didn't find file ../corpora/domain-adaption/german-alternative/added_tokens.json. We won't load it.
INFO: loading file ../corpora/domain-adaption/german-alternative/vocab.txt
INFO: loading file None
INFO: loading file ../corpora/domain-adaption/german-alternative/special_tokens_map.json
INFO: loading file ../corpora/domain-adaption/german-alternative/tokenizer_config.json
INFO: loading configuration file ../corpora/domain-adaption/german-alternative/config.json
INFO: Model config BertConfig {
  "architectures": [
    "BertForMaskedLM"
  ],
  "attention_probs_dropout_prob": 0.1,
  "hidden_act": "gelu",
  "hidden_dropout_prob": 0.1,
  "hidden_size": 768,
  "id2label": {
    "0": "LABEL_0",
    "1": "LABEL_1",
    "2": "LABEL_2"
  },
  "initializer_range": 0.02,
  "intermediate_size": 3072,
  "label2id": {
    "LABEL_0": 0,
    "LABEL_1": 1,
    "LABEL_2": 2
  },
  "layer_norm_eps": 1e-12,
  "max_position_embeddings": 512,
  "model_type": "bert",
  "num_attention_heads": 12,
  "num_hidden_layers": 12,
  "pad_token_id": 0,
  "type_vocab_size": 2,
  "vocab_size": 31102
}

INFO: loading weights file ../corpora/domain-adaption/german-alternative/pytorch_model.bin
INFO: Weights of BertForSequenceClassification not initialized from pretrained model: ['classifier.weight', 'classifier.bias']
INFO: Weights from pretrained model not used in BertForSequenceClassification: ['cls.predictions.bias', 'cls.predictions.transform.dense.weight', 'cls.predictions.transform.dense.bias', 'cls.predictions.transform.LayerNorm.weight', 'cls.predictions.transform.LayerNorm.bias', 'cls.predictions.decoder.weight', 'cls.predictions.decoder.bias']
INFO: Stopping epoch run early (Epoch 5).
INFO: Training for epoch_poet done.
INFO: Training took 0:03:11 (h:mm:ss) 

INFO: Testing for epoch_poet done.
INFO: CV Test F1-Score: 0.5598126862494679 (run: 8/10).
INFO: Testing took 0:03:12 (h:mm:ss) 

INFO: Training for run 8/10 completed.
INFO: Training run took 0:03:12 (h:mm:ss)
INFO: Model name '../corpora/domain-adaption/german-alternative/' not found in model shortcut name list (bert-base-uncased, bert-large-uncased, bert-base-cased, bert-large-cased, bert-base-multilingual-uncased, bert-base-multilingual-cased, bert-base-chinese, bert-base-german-cased, bert-large-uncased-whole-word-masking, bert-large-cased-whole-word-masking, bert-large-uncased-whole-word-masking-finetuned-squad, bert-large-cased-whole-word-masking-finetuned-squad, bert-base-cased-finetuned-mrpc, bert-base-german-dbmdz-cased, bert-base-german-dbmdz-uncased, TurkuNLP/bert-base-finnish-cased-v1, TurkuNLP/bert-base-finnish-uncased-v1, wietsedv/bert-base-dutch-cased). Assuming '../corpora/domain-adaption/german-alternative/' is a path, a model identifier, or url to a directory containing tokenizer files.
INFO: Didn't find file ../corpora/domain-adaption/german-alternative/added_tokens.json. We won't load it.
INFO: loading file ../corpora/domain-adaption/german-alternative/vocab.txt
INFO: loading file None
INFO: loading file ../corpora/domain-adaption/german-alternative/special_tokens_map.json
INFO: loading file ../corpora/domain-adaption/german-alternative/tokenizer_config.json
INFO: loading configuration file ../corpora/domain-adaption/german-alternative/config.json
INFO: Model config BertConfig {
  "architectures": [
    "BertForMaskedLM"
  ],
  "attention_probs_dropout_prob": 0.1,
  "hidden_act": "gelu",
  "hidden_dropout_prob": 0.1,
  "hidden_size": 768,
  "id2label": {
    "0": "LABEL_0",
    "1": "LABEL_1",
    "2": "LABEL_2"
  },
  "initializer_range": 0.02,
  "intermediate_size": 3072,
  "label2id": {
    "LABEL_0": 0,
    "LABEL_1": 1,
    "LABEL_2": 2
  },
  "layer_norm_eps": 1e-12,
  "max_position_embeddings": 512,
  "model_type": "bert",
  "num_attention_heads": 12,
  "num_hidden_layers": 12,
  "pad_token_id": 0,
  "type_vocab_size": 2,
  "vocab_size": 31102
}

INFO: loading weights file ../corpora/domain-adaption/german-alternative/pytorch_model.bin
INFO: Weights of BertForSequenceClassification not initialized from pretrained model: ['classifier.weight', 'classifier.bias']
INFO: Weights from pretrained model not used in BertForSequenceClassification: ['cls.predictions.bias', 'cls.predictions.transform.dense.weight', 'cls.predictions.transform.dense.bias', 'cls.predictions.transform.LayerNorm.weight', 'cls.predictions.transform.LayerNorm.bias', 'cls.predictions.decoder.weight', 'cls.predictions.decoder.bias']
INFO: Stopping epoch run early (Epoch 9).
INFO: Training for epoch_year done.
INFO: Training took 0:05:20 (h:mm:ss) 

INFO: Testing for epoch_year done.
INFO: CV Test F1-Score: 0.6458641975308642 (run: 9/10).
INFO: Testing took 0:05:21 (h:mm:ss) 

INFO: Model name '../corpora/domain-adaption/german-alternative/' not found in model shortcut name list (bert-base-uncased, bert-large-uncased, bert-base-cased, bert-large-cased, bert-base-multilingual-uncased, bert-base-multilingual-cased, bert-base-chinese, bert-base-german-cased, bert-large-uncased-whole-word-masking, bert-large-cased-whole-word-masking, bert-large-uncased-whole-word-masking-finetuned-squad, bert-large-cased-whole-word-masking-finetuned-squad, bert-base-cased-finetuned-mrpc, bert-base-german-dbmdz-cased, bert-base-german-dbmdz-uncased, TurkuNLP/bert-base-finnish-cased-v1, TurkuNLP/bert-base-finnish-uncased-v1, wietsedv/bert-base-dutch-cased). Assuming '../corpora/domain-adaption/german-alternative/' is a path, a model identifier, or url to a directory containing tokenizer files.
INFO: Didn't find file ../corpora/domain-adaption/german-alternative/added_tokens.json. We won't load it.
INFO: loading file ../corpora/domain-adaption/german-alternative/vocab.txt
INFO: loading file None
INFO: loading file ../corpora/domain-adaption/german-alternative/special_tokens_map.json
INFO: loading file ../corpora/domain-adaption/german-alternative/tokenizer_config.json
INFO: loading configuration file ../corpora/domain-adaption/german-alternative/config.json
INFO: Model config BertConfig {
  "architectures": [
    "BertForMaskedLM"
  ],
  "attention_probs_dropout_prob": 0.1,
  "hidden_act": "gelu",
  "hidden_dropout_prob": 0.1,
  "hidden_size": 768,
  "id2label": {
    "0": "LABEL_0",
    "1": "LABEL_1",
    "2": "LABEL_2"
  },
  "initializer_range": 0.02,
  "intermediate_size": 3072,
  "label2id": {
    "LABEL_0": 0,
    "LABEL_1": 1,
    "LABEL_2": 2
  },
  "layer_norm_eps": 1e-12,
  "max_position_embeddings": 512,
  "model_type": "bert",
  "num_attention_heads": 12,
  "num_hidden_layers": 12,
  "pad_token_id": 0,
  "type_vocab_size": 2,
  "vocab_size": 31102
}

INFO: loading weights file ../corpora/domain-adaption/german-alternative/pytorch_model.bin
INFO: Weights of BertForSequenceClassification not initialized from pretrained model: ['classifier.weight', 'classifier.bias']
INFO: Weights from pretrained model not used in BertForSequenceClassification: ['cls.predictions.bias', 'cls.predictions.transform.dense.weight', 'cls.predictions.transform.dense.bias', 'cls.predictions.transform.LayerNorm.weight', 'cls.predictions.transform.LayerNorm.bias', 'cls.predictions.decoder.weight', 'cls.predictions.decoder.bias']
INFO: Stopping epoch run early (Epoch 4).
INFO: Training for epoch_poet done.
INFO: Training took 0:02:39 (h:mm:ss) 

INFO: Testing for epoch_poet done.
INFO: CV Test F1-Score: 0.5360180754917597 (run: 9/10).
INFO: Testing took 0:02:41 (h:mm:ss) 

INFO: Training for run 9/10 completed.
INFO: Training run took 0:02:41 (h:mm:ss)
INFO: Model name '../corpora/domain-adaption/german-alternative/' not found in model shortcut name list (bert-base-uncased, bert-large-uncased, bert-base-cased, bert-large-cased, bert-base-multilingual-uncased, bert-base-multilingual-cased, bert-base-chinese, bert-base-german-cased, bert-large-uncased-whole-word-masking, bert-large-cased-whole-word-masking, bert-large-uncased-whole-word-masking-finetuned-squad, bert-large-cased-whole-word-masking-finetuned-squad, bert-base-cased-finetuned-mrpc, bert-base-german-dbmdz-cased, bert-base-german-dbmdz-uncased, TurkuNLP/bert-base-finnish-cased-v1, TurkuNLP/bert-base-finnish-uncased-v1, wietsedv/bert-base-dutch-cased). Assuming '../corpora/domain-adaption/german-alternative/' is a path, a model identifier, or url to a directory containing tokenizer files.
INFO: Didn't find file ../corpora/domain-adaption/german-alternative/added_tokens.json. We won't load it.
INFO: loading file ../corpora/domain-adaption/german-alternative/vocab.txt
INFO: loading file None
INFO: loading file ../corpora/domain-adaption/german-alternative/special_tokens_map.json
INFO: loading file ../corpora/domain-adaption/german-alternative/tokenizer_config.json
INFO: loading configuration file ../corpora/domain-adaption/german-alternative/config.json
INFO: Model config BertConfig {
  "architectures": [
    "BertForMaskedLM"
  ],
  "attention_probs_dropout_prob": 0.1,
  "hidden_act": "gelu",
  "hidden_dropout_prob": 0.1,
  "hidden_size": 768,
  "id2label": {
    "0": "LABEL_0",
    "1": "LABEL_1",
    "2": "LABEL_2"
  },
  "initializer_range": 0.02,
  "intermediate_size": 3072,
  "label2id": {
    "LABEL_0": 0,
    "LABEL_1": 1,
    "LABEL_2": 2
  },
  "layer_norm_eps": 1e-12,
  "max_position_embeddings": 512,
  "model_type": "bert",
  "num_attention_heads": 12,
  "num_hidden_layers": 12,
  "pad_token_id": 0,
  "type_vocab_size": 2,
  "vocab_size": 31102
}

INFO: loading weights file ../corpora/domain-adaption/german-alternative/pytorch_model.bin
INFO: Weights of BertForSequenceClassification not initialized from pretrained model: ['classifier.weight', 'classifier.bias']
INFO: Weights from pretrained model not used in BertForSequenceClassification: ['cls.predictions.bias', 'cls.predictions.transform.dense.weight', 'cls.predictions.transform.dense.bias', 'cls.predictions.transform.LayerNorm.weight', 'cls.predictions.transform.LayerNorm.bias', 'cls.predictions.decoder.weight', 'cls.predictions.decoder.bias']

  Validation took: 0:00:01

======== Epoch 2 / 10 ========
Now Training.
Batch    50  of     86.    Elapsed: 0:00:18.

  Average training loss: 1.04
  Training epoch took: 0:00:31

Now Validating.
  Validation Accuracy: 0.54
  Validation Loss: 0.90
  Validation took: 0:00:01

======== Epoch 3 / 10 ========
Now Training.
Batch    50  of     86.    Elapsed: 0:00:18.

  Average training loss: 0.83
  Training epoch took: 0:00:31

Now Validating.
  Validation Accuracy: 0.48
  Validation Loss: 0.88
  Validation took: 0:00:01

======== Epoch 4 / 10 ========
Now Training.
Batch    50  of     86.    Elapsed: 0:00:18.

  Average training loss: 0.63
  Training epoch took: 0:00:31

Now Validating.
  Validation Accuracy: 0.43
  Validation Loss: 1.11
  Validation took: 0:00:01

======== Epoch 5 / 10 ========
Now Training.
Batch    50  of     86.    Elapsed: 0:00:18.

  Average training loss: 0.48
  Training epoch took: 0:00:31

Now Validating.
  Validation Accuracy: 0.55
  Validation Loss: 1.10
  Validation took: 0:00:01

======== Epoch 6 / 10 ========
Now Training.
Batch    50  of     86.    Elapsed: 0:00:18.

  Average training loss: 0.32
  Training epoch took: 0:00:31

Now Validating.
  Validation Accuracy: 0.56
  Validation Loss: 1.18
  Validation took: 0:00:01

======== Epoch 7 / 10 ========
Now Training.
Batch    50  of     86.    Elapsed: 0:00:18.

  Average training loss: 0.24
  Training epoch took: 0:00:31

Now Validating.
  Validation Accuracy: 0.61
  Validation Loss: 1.04
  Validation took: 0:00:01

======== Epoch 8 / 10 ========
Now Training.
Batch    50  of     86.    Elapsed: 0:00:18.

  Average training loss: 0.17
  Training epoch took: 0:00:31

Now Validating.
  Validation Accuracy: 0.59
  Validation Loss: 1.28
  Validation took: 0:00:01

======== Epoch 9 / 10 ========
Now Training.
Batch    50  of     86.    Elapsed: 0:00:18.

  Average training loss: 0.11
  Training epoch took: 0:00:31

Now Validating.
  Validation Accuracy: 0.56
  Validation Loss: 1.51
  Validation took: 0:00:01
--------------------------------

--------------------------------


======== Epoch 1 / 10 ========
Now Training.
Batch    50  of     86.    Elapsed: 0:00:18.

  Average training loss: 1.10
  Training epoch took: 0:00:31

Now Validating.
  Validation Accuracy: 0.29
  Validation Loss: 1.02
  Validation took: 0:00:01

======== Epoch 2 / 10 ========
Now Training.
Batch    50  of     86.    Elapsed: 0:00:18.

  Average training loss: 1.01
  Training epoch took: 0:00:31

Now Validating.
  Validation Accuracy: 0.42
  Validation Loss: 0.92
  Validation took: 0:00:01

======== Epoch 3 / 10 ========
Now Training.
Batch    50  of     86.    Elapsed: 0:00:18.

  Average training loss: 0.92
  Training epoch took: 0:00:31

Now Validating.
  Validation Accuracy: 0.31
  Validation Loss: 1.01
  Validation took: 0:00:01

======== Epoch 4 / 10 ========
Now Training.
Batch    50  of     86.    Elapsed: 0:00:18.

  Average training loss: 0.75
  Training epoch took: 0:00:30

Now Validating.
  Validation Accuracy: 0.63
  Validation Loss: 0.64
  Validation took: 0:00:01

======== Epoch 5 / 10 ========
Now Training.
Batch    50  of     86.    Elapsed: 0:00:18.

  Average training loss: 0.55
  Training epoch took: 0:00:30

Now Validating.
  Validation Accuracy: 0.52
  Validation Loss: 0.74
  Validation took: 0:00:01

======== Epoch 6 / 10 ========
Now Training.
Batch    50  of     86.    Elapsed: 0:00:18.

  Average training loss: 0.43
  Training epoch took: 0:00:31

Now Validating.
  Validation Accuracy: 0.50
  Validation Loss: 0.87
  Validation took: 0:00:01
--------------------------------

--------------------------------

________________________________
________________________________


======== Epoch 1 / 10 ========
Now Training.
Batch    50  of     86.    Elapsed: 0:00:18.

  Average training loss: 1.10
  Training epoch took: 0:00:31

Now Validating.
  Validation Accuracy: 0.16
  Validation Loss: 1.15
  Validation took: 0:00:01

======== Epoch 2 / 10 ========
Now Training.
Batch    50  of     86.    Elapsed: 0:00:18.

  Average training loss: 1.02
  Training epoch took: 0:00:31

Now Validating.
  Validation Accuracy: 0.37
  Validation Loss: 0.98
  Validation took: 0:00:01

======== Epoch 3 / 10 ========
Now Training.
Batch    50  of     86.    Elapsed: 0:00:18.

  Average training loss: 0.82
  Training epoch took: 0:00:31

Now Validating.
  Validation Accuracy: 0.45
  Validation Loss: 0.84
  Validation took: 0:00:01

======== Epoch 4 / 10 ========
Now Training.
Batch    50  of     86.    Elapsed: 0:00:18.

  Average training loss: 0.59
  Training epoch took: 0:00:31

Now Validating.
  Validation Accuracy: 0.53
  Validation Loss: 0.78
  Validation took: 0:00:01

======== Epoch 5 / 10 ========
Now Training.
Batch    50  of     86.    Elapsed: 0:00:18.

  Average training loss: 0.41
  Training epoch took: 0:00:31

Now Validating.
  Validation Accuracy: 0.56
  Validation Loss: 0.88
  Validation took: 0:00:01

======== Epoch 6 / 10 ========
Now Training.
Batch    50  of     86.    Elapsed: 0:00:18.

  Average training loss: 0.30
  Training epoch took: 0:00:31

Now Validating.
  Validation Accuracy: 0.63
  Validation Loss: 0.76
  Validation took: 0:00:01

======== Epoch 7 / 10 ========
Now Training.
Batch    50  of     86.    Elapsed: 0:00:18.

  Average training loss: 0.20
  Training epoch took: 0:00:31

Now Validating.
  Validation Accuracy: 0.54
  Validation Loss: 1.21
  Validation took: 0:00:01

======== Epoch 8 / 10 ========
Now Training.
Batch    50  of     86.    Elapsed: 0:00:18.

  Average training loss: 0.10
  Training epoch took: 0:00:31

Now Validating.
  Validation Accuracy: 0.68
  Validation Loss: 1.13
  Validation took: 0:00:01

======== Epoch 9 / 10 ========
Now Training.
Batch    50  of     86.    Elapsed: 0:00:18.

  Average training loss: 0.05
  Training epoch took: 0:00:31

Now Validating.
  Validation Accuracy: 0.66
  Validation Loss: 1.24
  Validation took: 0:00:01

======== Epoch 10 / 10 ========
Now Training.
Batch    50  of     86.    Elapsed: 0:00:18.

  Average training loss: 0.04
  Training epoch took: 0:00:31

Now Validating.
  Validation Accuracy: 0.66
  Validation Loss: 1.30
  Validation took: 0:00:01
--------------------------------

--------------------------------


======== Epoch 1 / 10 ========
Now Training.
Batch    50  of     86.    Elapsed: 0:00:18.

  Average training loss: 1.11
  Training epoch took: 0:00:30

Now Validating.
  Validation Accuracy: 0.23
  Validation Loss: 1.12
  Validation took: 0:00:01

======== Epoch 2 / 10 ========
Now Training.
Batch    50  of     86.    Elapsed: 0:00:18.

  Average training loss: 1.07
  Training epoch took: 0:00:31

Now Validating.
  Validation Accuracy: 0.43
  Validation Loss: 1.03
  Validation took: 0:00:01

======== Epoch 3 / 10 ========
Now Training.
Batch    50  of     86.    Elapsed: 0:00:18.

  Average training loss: 0.90
  Training epoch took: 0:00:31

Now Validating.
  Validation Accuracy: 0.49
  Validation Loss: 0.95
  Validation took: 0:00:01

======== Epoch 4 / 10 ========
Now Training.
Batch    50  of     86.    Elapsed: 0:00:18.

  Average training loss: 0.61
  Training epoch took: 0:00:31

Now Validating.
  Validation Accuracy: 0.44
  Validation Loss: 0.97
  Validation took: 0:00:01

======== Epoch 5 / 10 ========
Now Training.
Batch    50  of     86.    Elapsed: 0:00:18.

  Average training loss: 0.42
  Training epoch took: 0:00:31

Now Validating.
  Validation Accuracy: 0.50
  Validation Loss: 1.05
  Validation took: 0:00:01
--------------------------------

--------------------------------

________________________________
________________________________


======== Epoch 1 / 10 ========
Now Training.
Batch    50  of     86.    Elapsed: 0:00:18.

  Average training loss: 1.12
  Training epoch took: 0:00:30

Now Validating.
  Validation Accuracy: 0.26
  Validation Loss: 1.12
  Validation took: 0:00:01

======== Epoch 2 / 10 ========
Now Training.
Batch    50  of     86.    Elapsed: 0:00:18.

  Average training loss: 1.09
  Training epoch took: 0:00:31

Now Validating.
  Validation Accuracy: 0.30
  Validation Loss: 1.02
  Validation took: 0:00:01

======== Epoch 3 / 10 ========
Now Training.INFO: Stopping epoch run early (Epoch 9).
INFO: Training for epoch_year done.
INFO: Training took 0:05:20 (h:mm:ss) 

INFO: Testing for epoch_year done.
INFO: CV Test F1-Score: 0.5536881419234361 (run: 10/10).
INFO: Testing took 0:05:21 (h:mm:ss) 

INFO: Model name '../corpora/domain-adaption/german-alternative/' not found in model shortcut name list (bert-base-uncased, bert-large-uncased, bert-base-cased, bert-large-cased, bert-base-multilingual-uncased, bert-base-multilingual-cased, bert-base-chinese, bert-base-german-cased, bert-large-uncased-whole-word-masking, bert-large-cased-whole-word-masking, bert-large-uncased-whole-word-masking-finetuned-squad, bert-large-cased-whole-word-masking-finetuned-squad, bert-base-cased-finetuned-mrpc, bert-base-german-dbmdz-cased, bert-base-german-dbmdz-uncased, TurkuNLP/bert-base-finnish-cased-v1, TurkuNLP/bert-base-finnish-uncased-v1, wietsedv/bert-base-dutch-cased). Assuming '../corpora/domain-adaption/german-alternative/' is a path, a model identifier, or url to a directory containing tokenizer files.
INFO: Didn't find file ../corpora/domain-adaption/german-alternative/added_tokens.json. We won't load it.
INFO: loading file ../corpora/domain-adaption/german-alternative/vocab.txt
INFO: loading file None
INFO: loading file ../corpora/domain-adaption/german-alternative/special_tokens_map.json
INFO: loading file ../corpora/domain-adaption/german-alternative/tokenizer_config.json
INFO: loading configuration file ../corpora/domain-adaption/german-alternative/config.json
INFO: Model config BertConfig {
  "architectures": [
    "BertForMaskedLM"
  ],
  "attention_probs_dropout_prob": 0.1,
  "hidden_act": "gelu",
  "hidden_dropout_prob": 0.1,
  "hidden_size": 768,
  "id2label": {
    "0": "LABEL_0",
    "1": "LABEL_1",
    "2": "LABEL_2"
  },
  "initializer_range": 0.02,
  "intermediate_size": 3072,
  "label2id": {
    "LABEL_0": 0,
    "LABEL_1": 1,
    "LABEL_2": 2
  },
  "layer_norm_eps": 1e-12,
  "max_position_embeddings": 512,
  "model_type": "bert",
  "num_attention_heads": 12,
  "num_hidden_layers": 12,
  "pad_token_id": 0,
  "type_vocab_size": 2,
  "vocab_size": 31102
}

INFO: loading weights file ../corpora/domain-adaption/german-alternative/pytorch_model.bin
INFO: Weights of BertForSequenceClassification not initialized from pretrained model: ['classifier.weight', 'classifier.bias']
INFO: Weights from pretrained model not used in BertForSequenceClassification: ['cls.predictions.bias', 'cls.predictions.transform.dense.weight', 'cls.predictions.transform.dense.bias', 'cls.predictions.transform.LayerNorm.weight', 'cls.predictions.transform.LayerNorm.bias', 'cls.predictions.decoder.weight', 'cls.predictions.decoder.bias']
INFO: Stopping epoch run early (Epoch 9).
INFO: Training for epoch_poet done.
INFO: Training took 0:05:21 (h:mm:ss) 

INFO: Testing for epoch_poet done.
INFO: CV Test F1-Score: 0.5447453340310483 (run: 10/10).
INFO: Testing took 0:05:23 (h:mm:ss) 

INFO: Training for run 10/10 completed.
INFO: Training run took 0:05:23 (h:mm:ss)
INFO: Writing results to '../results/bert/'.
INFO: Total duration: 77.11666666666666 minute(s).

Batch    50  of     86.    Elapsed: 0:00:18.

  Average training loss: 1.05
  Training epoch took: 0:00:31

Now Validating.
  Validation Accuracy: 0.38
  Validation Loss: 1.05
  Validation took: 0:00:01

======== Epoch 4 / 10 ========
Now Training.
Batch    50  of     86.    Elapsed: 0:00:18.

  Average training loss: 0.89
  Training epoch took: 0:00:31

Now Validating.
  Validation Accuracy: 0.59
  Validation Loss: 0.82
  Validation took: 0:00:01

======== Epoch 5 / 10 ========
Now Training.
Batch    50  of     86.    Elapsed: 0:00:18.

  Average training loss: 0.62
  Training epoch took: 0:00:31

Now Validating.
  Validation Accuracy: 0.65
  Validation Loss: 0.64
  Validation took: 0:00:01

======== Epoch 6 / 10 ========
Now Training.
Batch    50  of     86.    Elapsed: 0:00:18.

  Average training loss: 0.44
  Training epoch took: 0:00:31

Now Validating.
  Validation Accuracy: 0.66
  Validation Loss: 0.60
  Validation took: 0:00:01

======== Epoch 7 / 10 ========
Now Training.
Batch    50  of     86.    Elapsed: 0:00:18.

  Average training loss: 0.25
  Training epoch took: 0:00:31

Now Validating.
  Validation Accuracy: 0.68
  Validation Loss: 0.70
  Validation took: 0:00:01

======== Epoch 8 / 10 ========
Now Training.
Batch    50  of     86.    Elapsed: 0:00:18.

  Average training loss: 0.16
  Training epoch took: 0:00:31

Now Validating.
  Validation Accuracy: 0.69
  Validation Loss: 0.65
  Validation took: 0:00:01

======== Epoch 9 / 10 ========
Now Training.
Batch    50  of     86.    Elapsed: 0:00:18.

  Average training loss: 0.11
  Training epoch took: 0:00:31

Now Validating.
  Validation Accuracy: 0.70
  Validation Loss: 0.86
  Validation took: 0:00:01

======== Epoch 10 / 10 ========
Now Training.
Batch    50  of     86.    Elapsed: 0:00:18.

  Average training loss: 0.05
  Training epoch took: 0:00:31

Now Validating.
  Validation Accuracy: 0.67
  Validation Loss: 0.87
  Validation took: 0:00:01
--------------------------------

--------------------------------


======== Epoch 1 / 10 ========
Now Training.
Batch    50  of     86.    Elapsed: 0:00:18.

  Average training loss: 1.10
  Training epoch took: 0:00:31

Now Validating.
  Validation Accuracy: 0.33
  Validation Loss: 1.13
  Validation took: 0:00:01

======== Epoch 2 / 10 ========
Now Training.
Batch    50  of     86.    Elapsed: 0:00:18.

  Average training loss: 1.04
  Training epoch took: 0:00:31

Now Validating.
  Validation Accuracy: 0.47
  Validation Loss: 0.99
  Validation took: 0:00:01

======== Epoch 3 / 10 ========
Now Training.
Batch    50  of     86.    Elapsed: 0:00:18.

  Average training loss: 0.90
  Training epoch took: 0:00:31

Now Validating.
  Validation Accuracy: 0.45
  Validation Loss: 0.92
  Validation took: 0:00:01

======== Epoch 4 / 10 ========
Now Training.
Batch    50  of     86.    Elapsed: 0:00:18.

  Average training loss: 0.68
  Training epoch took: 0:00:31

Now Validating.
  Validation Accuracy: 0.49
  Validation Loss: 0.89
  Validation took: 0:00:01

======== Epoch 5 / 10 ========
Now Training.
Batch    50  of     86.    Elapsed: 0:00:18.

  Average training loss: 0.50
  Training epoch took: 0:00:31

Now Validating.
  Validation Accuracy: 0.54
  Validation Loss: 0.90
  Validation took: 0:00:01

======== Epoch 6 / 10 ========
Now Training.
Batch    50  of     86.    Elapsed: 0:00:18.

  Average training loss: 0.38
  Training epoch took: 0:00:31

Now Validating.
  Validation Accuracy: 0.60
  Validation Loss: 0.90
  Validation took: 0:00:01

======== Epoch 7 / 10 ========
Now Training.
Batch    50  of     86.    Elapsed: 0:00:18.

  Average training loss: 0.24
  Training epoch took: 0:00:31

Now Validating.
  Validation Accuracy: 0.59
  Validation Loss: 1.09
  Validation took: 0:00:01

======== Epoch 8 / 10 ========
Now Training.
Batch    50  of     86.    Elapsed: 0:00:18.

  Average training loss: 0.13
  Training epoch took: 0:00:31

Now Validating.
  Validation Accuracy: 0.58
  Validation Loss: 1.01
  Validation took: 0:00:01

======== Epoch 9 / 10 ========
Now Training.
Batch    50  of     86.    Elapsed: 0:00:18.

  Average training loss: 0.09
  Training epoch took: 0:00:31

Now Validating.
  Validation Accuracy: 0.59
  Validation Loss: 1.11
  Validation took: 0:00:01

======== Epoch 10 / 10 ========
Now Training.
Batch    50  of     86.    Elapsed: 0:00:18.

  Average training loss: 0.06
  Training epoch took: 0:00:31

Now Validating.
  Validation Accuracy: 0.56
  Validation Loss: 1.15
  Validation took: 0:00:01
--------------------------------

--------------------------------

________________________________
________________________________

