Using TensorFlow backend.
INFO: There are 1 GPU(s) available.
INFO: Used GPU: GeForce RTX 2080 Ti
INFO: Model name '../corpora/domain-adaption/redewiedergabe-alternative/' not found in model shortcut name list (bert-base-uncased, bert-large-uncased, bert-base-cased, bert-large-cased, bert-base-multilingual-uncased, bert-base-multilingual-cased, bert-base-chinese, bert-base-german-cased, bert-large-uncased-whole-word-masking, bert-large-cased-whole-word-masking, bert-large-uncased-whole-word-masking-finetuned-squad, bert-large-cased-whole-word-masking-finetuned-squad, bert-base-cased-finetuned-mrpc, bert-base-german-dbmdz-cased, bert-base-german-dbmdz-uncased, TurkuNLP/bert-base-finnish-cased-v1, TurkuNLP/bert-base-finnish-uncased-v1, wietsedv/bert-base-dutch-cased). Assuming '../corpora/domain-adaption/redewiedergabe-alternative/' is a path, a model identifier, or url to a directory containing tokenizer files.
INFO: Didn't find file ../corpora/domain-adaption/redewiedergabe-alternative/added_tokens.json. We won't load it.
INFO: loading file ../corpora/domain-adaption/redewiedergabe-alternative/vocab.txt
INFO: loading file None
INFO: loading file ../corpora/domain-adaption/redewiedergabe-alternative/special_tokens_map.json
INFO: loading file ../corpora/domain-adaption/redewiedergabe-alternative/tokenizer_config.json
/home/paulus/.conda/envs/bertpoems/lib/python3.8/site-packages/transformers/tokenization_utils.py:884: FutureWarning: Parameter max_len is deprecated and will be removed in a future release. Use model_max_length instead.
  warnings.warn(
INFO: loading configuration file ../corpora/domain-adaption/redewiedergabe-alternative/config.json
INFO: Model config BertConfig {
  "architectures": [
    "BertForMaskedLM"
  ],
  "attention_probs_dropout_prob": 0.1,
  "hidden_act": "gelu",
  "hidden_dropout_prob": 0.1,
  "hidden_size": 768,
  "id2label": {
    "0": "LABEL_0",
    "1": "LABEL_1",
    "2": "LABEL_2"
  },
  "initializer_range": 0.02,
  "intermediate_size": 3072,
  "label2id": {
    "LABEL_0": 0,
    "LABEL_1": 1,
    "LABEL_2": 2
  },
  "layer_norm_eps": 1e-12,
  "max_position_embeddings": 512,
  "model_type": "bert",
  "num_attention_heads": 12,
  "num_hidden_layers": 12,
  "pad_token_id": 0,
  "type_vocab_size": 2,
  "vocab_size": 30000
}

INFO: loading weights file ../corpora/domain-adaption/redewiedergabe-alternative/pytorch_model.bin
INFO: Weights of BertForSequenceClassification not initialized from pretrained model: ['classifier.weight', 'classifier.bias']
INFO: Weights from pretrained model not used in BertForSequenceClassification: ['cls.predictions.bias', 'cls.predictions.transform.dense.weight', 'cls.predictions.transform.dense.bias', 'cls.predictions.transform.LayerNorm.weight', 'cls.predictions.transform.LayerNorm.bias', 'cls.predictions.decoder.weight', 'cls.predictions.decoder.bias']
INFO: Stopping epoch run early (Epoch 3).
INFO: Training for epoch_poet done.
INFO: Training took 0:02:01 (h:mm:ss) 

INFO: Saving misclassifications.
INFO: Saving confusion matrices.
INFO: Testing for epoch_poet done.
INFO: CV Test F1-Score: 0.8531523378582202 (run: 1/10).
INFO: Testing took 0:02:02 (h:mm:ss) 

INFO: Training for run 1/10 completed.
INFO: Training run took 0:02:02 (h:mm:ss)
INFO: Model name '../corpora/domain-adaption/redewiedergabe-alternative/' not found in model shortcut name list (bert-base-uncased, bert-large-uncased, bert-base-cased, bert-large-cased, bert-base-multilingual-uncased, bert-base-multilingual-cased, bert-base-chinese, bert-base-german-cased, bert-large-uncased-whole-word-masking, bert-large-cased-whole-word-masking, bert-large-uncased-whole-word-masking-finetuned-squad, bert-large-cased-whole-word-masking-finetuned-squad, bert-base-cased-finetuned-mrpc, bert-base-german-dbmdz-cased, bert-base-german-dbmdz-uncased, TurkuNLP/bert-base-finnish-cased-v1, TurkuNLP/bert-base-finnish-uncased-v1, wietsedv/bert-base-dutch-cased). Assuming '../corpora/domain-adaption/redewiedergabe-alternative/' is a path, a model identifier, or url to a directory containing tokenizer files.
INFO: Didn't find file ../corpora/domain-adaption/redewiedergabe-alternative/added_tokens.json. We won't load it.
INFO: loading file ../corpora/domain-adaption/redewiedergabe-alternative/vocab.txt
INFO: loading file None
INFO: loading file ../corpora/domain-adaption/redewiedergabe-alternative/special_tokens_map.json
INFO: loading file ../corpora/domain-adaption/redewiedergabe-alternative/tokenizer_config.json
INFO: loading configuration file ../corpora/domain-adaption/redewiedergabe-alternative/config.json
INFO: Model config BertConfig {
  "architectures": [
    "BertForMaskedLM"
  ],
  "attention_probs_dropout_prob": 0.1,
  "hidden_act": "gelu",
  "hidden_dropout_prob": 0.1,
  "hidden_size": 768,
  "id2label": {
    "0": "LABEL_0",
    "1": "LABEL_1",
    "2": "LABEL_2"
  },
  "initializer_range": 0.02,
  "intermediate_size": 3072,
  "label2id": {
    "LABEL_0": 0,
    "LABEL_1": 1,
    "LABEL_2": 2
  },
  "layer_norm_eps": 1e-12,
  "max_position_embeddings": 512,
  "model_type": "bert",
  "num_attention_heads": 12,
  "num_hidden_layers": 12,
  "pad_token_id": 0,
  "type_vocab_size": 2,
  "vocab_size": 30000
}

INFO: loading weights file ../corpora/domain-adaption/redewiedergabe-alternative/pytorch_model.bin
INFO: Weights of BertForSequenceClassification not initialized from pretrained model: ['classifier.weight', 'classifier.bias']
INFO: Weights from pretrained model not used in BertForSequenceClassification: ['cls.predictions.bias', 'cls.predictions.transform.dense.weight', 'cls.predictions.transform.dense.bias', 'cls.predictions.transform.LayerNorm.weight', 'cls.predictions.transform.LayerNorm.bias', 'cls.predictions.decoder.weight', 'cls.predictions.decoder.bias']
INFO: Stopping epoch run early (Epoch 3).
INFO: Training for epoch_poet done.
INFO: Training took 0:02:14 (h:mm:ss) 

INFO: Saving misclassifications.
INFO: Saving confusion matrices.
INFO: Testing for epoch_poet done.
INFO: CV Test F1-Score: 0.6829573934837093 (run: 2/10).
INFO: Testing took 0:02:15 (h:mm:ss) 

INFO: Training for run 2/10 completed.
INFO: Training run took 0:02:15 (h:mm:ss)
INFO: Model name '../corpora/domain-adaption/redewiedergabe-alternative/' not found in model shortcut name list (bert-base-uncased, bert-large-uncased, bert-base-cased, bert-large-cased, bert-base-multilingual-uncased, bert-base-multilingual-cased, bert-base-chinese, bert-base-german-cased, bert-large-uncased-whole-word-masking, bert-large-cased-whole-word-masking, bert-large-uncased-whole-word-masking-finetuned-squad, bert-large-cased-whole-word-masking-finetuned-squad, bert-base-cased-finetuned-mrpc, bert-base-german-dbmdz-cased, bert-base-german-dbmdz-uncased, TurkuNLP/bert-base-finnish-cased-v1, TurkuNLP/bert-base-finnish-uncased-v1, wietsedv/bert-base-dutch-cased). Assuming '../corpora/domain-adaption/redewiedergabe-alternative/' is a path, a model identifier, or url to a directory containing tokenizer files.
INFO: Didn't find file ../corpora/domain-adaption/redewiedergabe-alternative/added_tokens.json. We won't load it.
INFO: loading file ../corpora/domain-adaption/redewiedergabe-alternative/vocab.txt
INFO: loading file None
INFO: loading file ../corpora/domain-adaption/redewiedergabe-alternative/special_tokens_map.json
INFO: loading file ../corpora/domain-adaption/redewiedergabe-alternative/tokenizer_config.json
INFO: loading configuration file ../corpora/domain-adaption/redewiedergabe-alternative/config.json
INFO: Model config BertConfig {
  "architectures": [
    "BertForMaskedLM"
  ],
  "attention_probs_dropout_prob": 0.1,
  "hidden_act": "gelu",
  "hidden_dropout_prob": 0.1,
  "hidden_size": 768,
  "id2label": {
    "0": "LABEL_0",
    "1": "LABEL_1",
    "2": "LABEL_2"
  },
  "initializer_range": 0.02,
  "intermediate_size": 3072,
  "label2id": {
    "LABEL_0": 0,
    "LABEL_1": 1,
    "LABEL_2": 2
  },
  "layer_norm_eps": 1e-12,
  "max_position_embeddings": 512,
  "model_type": "bert",
  "num_attention_heads": 12,
  "num_hidden_layers": 12,
  "pad_token_id": 0,
  "type_vocab_size": 2,
  "vocab_size": 30000
}

INFO: loading weights file ../corpora/domain-adaption/redewiedergabe-alternative/pytorch_model.bin
INFO: Weights of BertForSequenceClassification not initialized from pretrained model: ['classifier.weight', 'classifier.bias']
INFO: Weights from pretrained model not used in BertForSequenceClassification: ['cls.predictions.bias', 'cls.predictions.transform.dense.weight', 'cls.predictions.transform.dense.bias', 'cls.predictions.transform.LayerNorm.weight', 'cls.predictions.transform.LayerNorm.bias', 'cls.predictions.decoder.weight', 'cls.predictions.decoder.bias']
INFO: Stopping epoch run early (Epoch 3).
INFO: Training for epoch_poet done.
INFO: Training took 0:02:15 (h:mm:ss) 

INFO: Saving misclassifications.
INFO: Saving confusion matrices.
INFO: Testing for epoch_poet done.
INFO: CV Test F1-Score: 0.6916691204783799 (run: 3/10).
INFO: Testing took 0:02:16 (h:mm:ss) 

INFO: Training for run 3/10 completed.
INFO: Training run took 0:02:16 (h:mm:ss)
INFO: Model name '../corpora/domain-adaption/redewiedergabe-alternative/' not found in model shortcut name list (bert-base-uncased, bert-large-uncased, bert-base-cased, bert-large-cased, bert-base-multilingual-uncased, bert-base-multilingual-cased, bert-base-chinese, bert-base-german-cased, bert-large-uncased-whole-word-masking, bert-large-cased-whole-word-masking, bert-large-uncased-whole-word-masking-finetuned-squad, bert-large-cased-whole-word-masking-finetuned-squad, bert-base-cased-finetuned-mrpc, bert-base-german-dbmdz-cased, bert-base-german-dbmdz-uncased, TurkuNLP/bert-base-finnish-cased-v1, TurkuNLP/bert-base-finnish-uncased-v1, wietsedv/bert-base-dutch-cased). Assuming '../corpora/domain-adaption/redewiedergabe-alternative/' is a path, a model identifier, or url to a directory containing tokenizer files.
INFO: Didn't find file ../corpora/domain-adaption/redewiedergabe-alternative/added_tokens.json. We won't load it.
INFO: loading file ../corpora/domain-adaption/redewiedergabe-alternative/vocab.txt
INFO: loading file None
INFO: loading file ../corpora/domain-adaption/redewiedergabe-alternative/special_tokens_map.json
INFO: loading file ../corpora/domain-adaption/redewiedergabe-alternative/tokenizer_config.json
INFO: loading configuration file ../corpora/domain-adaption/redewiedergabe-alternative/config.json
INFO: Model config BertConfig {
  "architectures": [
    "BertForMaskedLM"
  ],
  "attention_probs_dropout_prob": 0.1,
  "hidden_act": "gelu",
  "hidden_dropout_prob": 0.1,
  "hidden_size": 768,
  "id2label": {
    "0": "LABEL_0",
    "1": "LABEL_1",
    "2": "LABEL_2"
  },
  "initializer_range": 0.02,
  "intermediate_size": 3072,
  "label2id": {
    "LABEL_0": 0,
    "LABEL_1": 1,
    "LABEL_2": 2
  },
  "layer_norm_eps": 1e-12,
  "max_position_embeddings": 512,
  "model_type": "bert",
  "num_attention_heads": 12,
  "num_hidden_layers": 12,
  "pad_token_id": 0,
  "type_vocab_size": 2,
  "vocab_size": 30000
}

INFO: loading weights file ../corpora/domain-adaption/redewiedergabe-alternative/pytorch_model.bin
INFO: Weights of BertForSequenceClassification not initialized from pretrained model: ['classifier.weight', 'classifier.bias']
INFO: Weights from pretrained model not used in BertForSequenceClassification: ['cls.predictions.bias', 'cls.predictions.transform.dense.weight', 'cls.predictions.transform.dense.bias', 'cls.predictions.transform.LayerNorm.weight', 'cls.predictions.transform.LayerNorm.bias', 'cls.predictions.decoder.weight', 'cls.predictions.decoder.bias']
INFO: Stopping epoch run early (Epoch 5).
INFO: Training for epoch_poet done.
INFO: Training took 0:03:22 (h:mm:ss) 

INFO: Saving misclassifications.
INFO: Saving confusion matrices.
INFO: Testing for epoch_poet done.
INFO: CV Test F1-Score: 0.7063492063492062 (run: 4/10).
INFO: Testing took 0:03:23 (h:mm:ss) 

INFO: Training for run 4/10 completed.
INFO: Training run took 0:03:23 (h:mm:ss)
INFO: Model name '../corpora/domain-adaption/redewiedergabe-alternative/' not found in model shortcut name list (bert-base-uncased, bert-large-uncased, bert-base-cased, bert-large-cased, bert-base-multilingual-uncased, bert-base-multilingual-cased, bert-base-chinese, bert-base-german-cased, bert-large-uncased-whole-word-masking, bert-large-cased-whole-word-masking, bert-large-uncased-whole-word-masking-finetuned-squad, bert-large-cased-whole-word-masking-finetuned-squad, bert-base-cased-finetuned-mrpc, bert-base-german-dbmdz-cased, bert-base-german-dbmdz-uncased, TurkuNLP/bert-base-finnish-cased-v1, TurkuNLP/bert-base-finnish-uncased-v1, wietsedv/bert-base-dutch-cased). Assuming '../corpora/domain-adaption/redewiedergabe-alternative/' is a path, a model identifier, or url to a directory containing tokenizer files.
INFO: Didn't find file ../corpora/domain-adaption/redewiedergabe-alternative/added_tokens.json. We won't load it.
INFO: loading file ../corpora/domain-adaption/redewiedergabe-alternative/vocab.txt
INFO: loading file None
INFO: loading file ../corpora/domain-adaption/redewiedergabe-alternative/special_tokens_map.json
INFO: loading file ../corpora/domain-adaption/redewiedergabe-alternative/tokenizer_config.json
INFO: loading configuration file ../corpora/domain-adaption/redewiedergabe-alternative/config.json
INFO: Model config BertConfig {
  "architectures": [
    "BertForMaskedLM"
  ],
  "attention_probs_dropout_prob": 0.1,
  "hidden_act": "gelu",
  "hidden_dropout_prob": 0.1,
  "hidden_size": 768,
  "id2label": {
    "0": "LABEL_0",
    "1": "LABEL_1",
    "2": "LABEL_2"
  },
  "initializer_range": 0.02,
  "intermediate_size": 3072,
  "label2id": {
    "LABEL_0": 0,
    "LABEL_1": 1,
    "LABEL_2": 2
  },
  "layer_norm_eps": 1e-12,
  "max_position_embeddings": 512,
  "model_type": "bert",
  "num_attention_heads": 12,
  "num_hidden_layers": 12,
  "pad_token_id": 0,
  "type_vocab_size": 2,
  "vocab_size": 30000
}

INFO: loading weights file ../corpora/domain-adaption/redewiedergabe-alternative/pytorch_model.bin
INFO: Weights of BertForSequenceClassification not initialized from pretrained model: ['classifier.weight', 'classifier.bias']
INFO: Weights from pretrained model not used in BertForSequenceClassification: ['cls.predictions.bias', 'cls.predictions.transform.dense.weight', 'cls.predictions.transform.dense.bias', 'cls.predictions.transform.LayerNorm.weight', 'cls.predictions.transform.LayerNorm.bias', 'cls.predictions.decoder.weight', 'cls.predictions.decoder.bias']
INFO: Stopping epoch run early (Epoch 3).
INFO: Training for epoch_poet done.
INFO: Training took 0:02:14 (h:mm:ss) 

INFO: Saving misclassifications.
INFO: Saving confusion matrices.
INFO: Testing for epoch_poet done.
INFO: CV Test F1-Score: 0.6873809084762431 (run: 5/10).
INFO: Testing took 0:02:15 (h:mm:ss) 

INFO: Training for run 5/10 completed.
INFO: Training run took 0:02:15 (h:mm:ss)
INFO: Model name '../corpora/domain-adaption/redewiedergabe-alternative/' not found in model shortcut name list (bert-base-uncased, bert-large-uncased, bert-base-cased, bert-large-cased, bert-base-multilingual-uncased, bert-base-multilingual-cased, bert-base-chinese, bert-base-german-cased, bert-large-uncased-whole-word-masking, bert-large-cased-whole-word-masking, bert-large-uncased-whole-word-masking-finetuned-squad, bert-large-cased-whole-word-masking-finetuned-squad, bert-base-cased-finetuned-mrpc, bert-base-german-dbmdz-cased, bert-base-german-dbmdz-uncased, TurkuNLP/bert-base-finnish-cased-v1, TurkuNLP/bert-base-finnish-uncased-v1, wietsedv/bert-base-dutch-cased). Assuming '../corpora/domain-adaption/redewiedergabe-alternative/' is a path, a model identifier, or url to a directory containing tokenizer files.
INFO: Didn't find file ../corpora/domain-adaption/redewiedergabe-alternative/added_tokens.json. We won't load it.
INFO: loading file ../corpora/domain-adaption/redewiedergabe-alternative/vocab.txt
INFO: loading file None
INFO: loading file ../corpora/domain-adaption/redewiedergabe-alternative/special_tokens_map.json
INFO: loading file ../corpora/domain-adaption/redewiedergabe-alternative/tokenizer_config.json
INFO: loading configuration file ../corpora/domain-adaption/redewiedergabe-alternative/config.json
INFO: Model config BertConfig {
  "architectures": [
    "BertForMaskedLM"
  ],
  "attention_probs_dropout_prob": 0.1,
  "hidden_act": "gelu",
  "hidden_dropout_prob": 0.1,
  "hidden_size": 768,
  "id2label": {
    "0": "LABEL_0",
    "1": "LABEL_1",
    "2": "LABEL_2"
  },
  "initializer_range": 0.02,
  "intermediate_size": 3072,
  "label2id": {
    "LABEL_0": 0,
    "LABEL_1": 1,
    "LABEL_2": 2
  },
  "layer_norm_eps": 1e-12,
  "max_position_embeddings": 512,
  "model_type": "bert",
  "num_attention_heads": 12,
  "num_hidden_layers": 12,
  "pad_token_id": 0,
  "type_vocab_size": 2,
  "vocab_size": 30000
}

INFO: loading weights file ../corpora/domain-adaption/redewiedergabe-alternative/pytorch_model.bin
INFO: Weights of BertForSequenceClassification not initialized from pretrained model: ['classifier.weight', 'classifier.bias']
INFO: Weights from pretrained model not used in BertForSequenceClassification: ['cls.predictions.bias', 'cls.predictions.transform.dense.weight', 'cls.predictions.transform.dense.bias', 'cls.predictions.transform.LayerNorm.weight', 'cls.predictions.transform.LayerNorm.bias', 'cls.predictions.decoder.weight', 'cls.predictions.decoder.bias']
INFO: Stopping epoch run early (Epoch 3).
INFO: Training for epoch_poet done.
INFO: Training took 0:02:14 (h:mm:ss) 

INFO: Saving misclassifications.
INFO: Saving confusion matrices.
INFO: Testing for epoch_poet done.
INFO: CV Test F1-Score: 0.7516054875787912 (run: 6/10).
INFO: Testing took 0:02:16 (h:mm:ss) 

INFO: Training for run 6/10 completed.
INFO: Training run took 0:02:16 (h:mm:ss)
INFO: Model name '../corpora/domain-adaption/redewiedergabe-alternative/' not found in model shortcut name list (bert-base-uncased, bert-large-uncased, bert-base-cased, bert-large-cased, bert-base-multilingual-uncased, bert-base-multilingual-cased, bert-base-chinese, bert-base-german-cased, bert-large-uncased-whole-word-masking, bert-large-cased-whole-word-masking, bert-large-uncased-whole-word-masking-finetuned-squad, bert-large-cased-whole-word-masking-finetuned-squad, bert-base-cased-finetuned-mrpc, bert-base-german-dbmdz-cased, bert-base-german-dbmdz-uncased, TurkuNLP/bert-base-finnish-cased-v1, TurkuNLP/bert-base-finnish-uncased-v1, wietsedv/bert-base-dutch-cased). Assuming '../corpora/domain-adaption/redewiedergabe-alternative/' is a path, a model identifier, or url to a directory containing tokenizer files.
INFO: Didn't find file ../corpora/domain-adaption/redewiedergabe-alternative/added_tokens.json. We won't load it.
INFO: loading file ../corpora/domain-adaption/redewiedergabe-alternative/vocab.txt
INFO: loading file None
INFO: loading file ../corpora/domain-adaption/redewiedergabe-alternative/special_tokens_map.json
INFO: loading file ../corpora/domain-adaption/redewiedergabe-alternative/tokenizer_config.json
INFO: loading configuration file ../corpora/domain-adaption/redewiedergabe-alternative/config.json
INFO: Model config BertConfig {
  "architectures": [
    "BertForMaskedLM"
  ],
  "attention_probs_dropout_prob": 0.1,
  "hidden_act": "gelu",
  "hidden_dropout_prob": 0.1,
  "hidden_size": 768,
  "id2label": {
    "0": "LABEL_0",
    "1": "LABEL_1",
    "2": "LABEL_2"
  },
  "initializer_range": 0.02,
  "intermediate_size": 3072,
  "label2id": {
    "LABEL_0": 0,
    "LABEL_1": 1,
    "LABEL_2": 2
  },
  "layer_norm_eps": 1e-12,
  "max_position_embeddings": 512,
  "model_type": "bert",
  "num_attention_heads": 12,
  "num_hidden_layers": 12,
  "pad_token_id": 0,
  "type_vocab_size": 2,
  "vocab_size": 30000
}

INFO: loading weights file ../corpora/domain-adaption/redewiedergabe-alternative/pytorch_model.bin
INFO: Weights of BertForSequenceClassification not initialized from pretrained model: ['classifier.weight', 'classifier.bias']
INFO: Weights from pretrained model not used in BertForSequenceClassification: ['cls.predictions.bias', 'cls.predictions.transform.dense.weight', 'cls.predictions.transform.dense.bias', 'cls.predictions.transform.LayerNorm.weight', 'cls.predictions.transform.LayerNorm.bias', 'cls.predictions.decoder.weight', 'cls.predictions.decoder.bias']

======== Epoch 1 / 10 ========
Now Training.
Batch    50  of     86.    Elapsed: 0:00:16.

  Average training loss: 0.92
  Training epoch took: 0:00:27

Now Validating.
  Validation Accuracy: 0.50
  Validation Loss: 0.91
  Validation took: 0:00:01

======== Epoch 2 / 10 ========
Now Training.
Batch    50  of     86.    Elapsed: 0:00:16.

  Average training loss: 0.47
  Training epoch took: 0:00:28

Now Validating.
  Validation Accuracy: 0.54
  Validation Loss: 1.07
  Validation took: 0:00:01

======== Epoch 3 / 10 ========
Now Training.
Batch    50  of     86.    Elapsed: 0:00:17.

  Average training loss: 0.21
  Training epoch took: 0:00:30

Now Validating.
  Validation Accuracy: 0.52
  Validation Loss: 1.35
  Validation took: 0:00:01

======== Epoch 4 / 10 ========
Now Training.
Batch    50  of     86.    Elapsed: 0:00:18.

  Average training loss: 0.04
  Training epoch took: 0:00:31

Now Validating.
  Validation Accuracy: 0.57
  Validation Loss: 1.96
  Validation took: 0:00:01
--------------------------------

--------------------------------

________________________________
________________________________


======== Epoch 1 / 10 ========
Now Training.
Batch    50  of     86.    Elapsed: 0:00:18.

  Average training loss: 0.94
  Training epoch took: 0:00:32

Now Validating.
  Validation Accuracy: 0.60
  Validation Loss: 0.72
  Validation took: 0:00:01

======== Epoch 2 / 10 ========
Now Training.
Batch    50  of     86.    Elapsed: 0:00:19.

  Average training loss: 0.46
  Training epoch took: 0:00:32

Now Validating.
  Validation Accuracy: 0.67
  Validation Loss: 0.68
  Validation took: 0:00:01

======== Epoch 3 / 10 ========
Now Training.
Batch    50  of     86.    Elapsed: 0:00:19.

  Average training loss: 0.15
  Training epoch took: 0:00:33

Now Validating.
  Validation Accuracy: 0.67
  Validation Loss: 1.25
  Validation took: 0:00:01

======== Epoch 4 / 10 ========
Now Training.
Batch    50  of     86.    Elapsed: 0:00:19.

  Average training loss: 0.04
  Training epoch took: 0:00:33

Now Validating.
  Validation Accuracy: 0.75
  Validation Loss: 1.31
  Validation took: 0:00:01
--------------------------------

--------------------------------

________________________________
________________________________


======== Epoch 1 / 10 ========
Now Training.
Batch    50  of     86.    Elapsed: 0:00:19.

  Average training loss: 0.93
  Training epoch took: 0:00:32

Now Validating.
  Validation Accuracy: 0.56
  Validation Loss: 0.83
  Validation took: 0:00:01

======== Epoch 2 / 10 ========
Now Training.
Batch    50  of     86.    Elapsed: 0:00:19.

  Average training loss: 0.48
  Training epoch took: 0:00:33

Now Validating.
  Validation Accuracy: 0.55
  Validation Loss: 0.90
  Validation took: 0:00:01

======== Epoch 3 / 10 ========
Now Training.
Batch    50  of     86.    Elapsed: 0:00:19.

  Average training loss: 0.18
  Training epoch took: 0:00:33

Now Validating.
  Validation Accuracy: 0.75
  Validation Loss: 1.01
  Validation took: 0:00:01

======== Epoch 4 / 10 ========
Now Training.
Batch    50  of     86.    Elapsed: 0:00:19.

  Average training loss: 0.10
  Training epoch took: 0:00:32

Now Validating.
  Validation Accuracy: 0.59
  Validation Loss: 1.73
  Validation took: 0:00:01
--------------------------------

--------------------------------

________________________________
________________________________


======== Epoch 1 / 10 ========
Now Training.
Batch    50  of     86.    Elapsed: 0:00:18.

  Average training loss: 0.90
  Training epoch took: 0:00:32

Now Validating.
  Validation Accuracy: 0.52
  Validation Loss: 0.77
  Validation took: 0:00:01

======== Epoch 2 / 10 ========
Now Training.
Batch    50  of     86.    Elapsed: 0:00:19.

  Average training loss: 0.43
  Training epoch took: 0:00:33

Now Validating.
  Validation Accuracy: 0.63
  Validation Loss: 0.78
  Validation took: 0:00:01

======== Epoch 3 / 10 ========
Now Training.
Batch    50  of     86.    Elapsed: 0:00:19.

  Average training loss: 0.15
  Training epoch took: 0:00:32

Now Validating.
  Validation Accuracy: 0.68
  Validation Loss: 1.18
  Validation took: 0:00:01

======== Epoch 4 / 10 ========
Now Training.
Batch    50  of     86.    Elapsed: 0:00:19.

  Average training loss: 0.06
  Training epoch took: 0:00:33

Now Validating.
  Validation Accuracy: 0.75
  Validation Loss: 0.99
  Validation took: 0:00:01

======== Epoch 5 / 10 ========
Now Training.
Batch    50  of     86.    Elapsed: 0:00:19.

  Average training loss: 0.00
  Training epoch took: 0:00:32

Now Validating.
  Validation Accuracy: 0.73
  Validation Loss: 1.13
  Validation took: 0:00:01

======== Epoch 6 / 10 ========
Now Training.
Batch    50  of     86.    Elapsed: 0:00:19.

  Average training loss: 0.00
  Training epoch took: 0:00:33

Now Validating.
  Validation Accuracy: 0.78
  Validation Loss: 1.21
  Validation took: 0:00:01
--------------------------------

--------------------------------

________________________________
________________________________


======== Epoch 1 / 10 ========
Now Training.
Batch    50  of     86.    Elapsed: 0:00:18.

  Average training loss: 0.87
  Training epoch took: 0:00:32

Now Validating.
  Validation Accuracy: 0.45
  Validation Loss: 1.05
  Validation took: 0:00:01

======== Epoch 2 / 10 ========
Now Training.
Batch    50  of     86.    Elapsed: 0:00:19.

  Average training loss: 0.45
  Training epoch took: 0:00:33

Now Validating.
  Validation Accuracy: 0.57
  Validation Loss: 0.97
  Validation took: 0:00:01

======== Epoch 3 / 10 ========
Now Training.
Batch    50  of     86.    Elapsed: 0:00:19.

  Average training loss: 0.17
  Training epoch took: 0:00:32

Now Validating.
  Validation Accuracy: 0.59
  Validation Loss: 1.39
  Validation took: 0:00:01

======== Epoch 4 / 10 ========
Now Training.
Batch    50  of     86.    Elapsed: 0:00:19.

  Average training loss: 0.09
  Training epoch took: 0:00:32

Now Validating.
  Validation Accuracy: 0.59
  Validation Loss: 1.59
  Validation took: 0:00:01
--------------------------------

--------------------------------

________________________________
________________________________


======== Epoch 1 / 10 ========
Now Training.
Batch    50  of     86.    Elapsed: 0:00:18.

  Average training loss: 0.92
  Training epoch took: 0:00:32

Now Validating.
  Validation Accuracy: 0.53
  Validation Loss: 0.70
  Validation took: 0:00:01

======== Epoch 2 / 10 ========
Now Training.
Batch    50  of     86.    Elapsed: 0:00:19.

  Average training loss: 0.48
  Training epoch took: 0:00:33

Now Validating.
  Validation Accuracy: 0.70
  Validation Loss: 0.60
  Validation took: 0:00:01

======== Epoch 3 / 10 ========
Now Training.
Batch    50  of     86.    Elapsed: 0:00:19.

  Average training loss: 0.18
  Training epoch took: 0:00:32

Now Validating.
  Validation Accuracy: 0.53
  Validation Loss: 1.08
  Validation took: 0:00:01

======== Epoch 4 / 10 ========
Now Training.
Batch    50  of     86.    Elapsed: 0:00:19.

  Average training loss: 0.05
  Training epoch took: 0:00:32

Now Validating.
  Validation Accuracy: 0.58
  Validation Loss: 1.35
  Validation took: 0:00:01
--------------------------------

--------------------------------

________________________________
________________________________


======== Epoch 1 / 10 ========
Now Training.
Batch    50  of     86.    Elapsed: 0:00:18.

  Average training loss: 0.89
  Training epoch took: 0:00:32

Now Validating.
  Validation Accuracy: 0.40
  Validation Loss: 0.97
  Validation took: 0:00:01

======== Epoch 2 / 10 ========
Now Training.
Batch    50  of     86.    Elapsed: 0:00:19.

  Average training loss: 0.43
  Training epoch took: 0:00:33

Now Validating.
  Validation Accuracy: 0.58
  Validation Loss: 0.91
  Validation took: 0:00:01

======== Epoch 3 / 10 ========
Now Training.
Batch    50  of     86.    Elapsed: 0:00:19.

  Average training loss: 0.23
  Training epoch took: 0:00:33

Now Validating.
  Validation Accuracy: 0.67
  Validation Loss: 1.08
  Validation took: 0:00:01

======== Epoch 4 / 10 ========
Now Training.
Batch    50  of     86.    Elapsed: 0:00:19.

  Average training loss: 0.05
  Training epoch took: 0:00:33

Now Validating.INFO: Stopping epoch run early (Epoch 5).
INFO: Training for epoch_poet done.
INFO: Training took 0:03:22 (h:mm:ss) 

INFO: Saving misclassifications.
INFO: Saving confusion matrices.
INFO: Testing for epoch_poet done.
INFO: CV Test F1-Score: 0.7640831287142807 (run: 7/10).
INFO: Testing took 0:03:23 (h:mm:ss) 

INFO: Training for run 7/10 completed.
INFO: Training run took 0:03:23 (h:mm:ss)
INFO: Model name '../corpora/domain-adaption/redewiedergabe-alternative/' not found in model shortcut name list (bert-base-uncased, bert-large-uncased, bert-base-cased, bert-large-cased, bert-base-multilingual-uncased, bert-base-multilingual-cased, bert-base-chinese, bert-base-german-cased, bert-large-uncased-whole-word-masking, bert-large-cased-whole-word-masking, bert-large-uncased-whole-word-masking-finetuned-squad, bert-large-cased-whole-word-masking-finetuned-squad, bert-base-cased-finetuned-mrpc, bert-base-german-dbmdz-cased, bert-base-german-dbmdz-uncased, TurkuNLP/bert-base-finnish-cased-v1, TurkuNLP/bert-base-finnish-uncased-v1, wietsedv/bert-base-dutch-cased). Assuming '../corpora/domain-adaption/redewiedergabe-alternative/' is a path, a model identifier, or url to a directory containing tokenizer files.
INFO: Didn't find file ../corpora/domain-adaption/redewiedergabe-alternative/added_tokens.json. We won't load it.
INFO: loading file ../corpora/domain-adaption/redewiedergabe-alternative/vocab.txt
INFO: loading file None
INFO: loading file ../corpora/domain-adaption/redewiedergabe-alternative/special_tokens_map.json
INFO: loading file ../corpora/domain-adaption/redewiedergabe-alternative/tokenizer_config.json
INFO: loading configuration file ../corpora/domain-adaption/redewiedergabe-alternative/config.json
INFO: Model config BertConfig {
  "architectures": [
    "BertForMaskedLM"
  ],
  "attention_probs_dropout_prob": 0.1,
  "hidden_act": "gelu",
  "hidden_dropout_prob": 0.1,
  "hidden_size": 768,
  "id2label": {
    "0": "LABEL_0",
    "1": "LABEL_1",
    "2": "LABEL_2"
  },
  "initializer_range": 0.02,
  "intermediate_size": 3072,
  "label2id": {
    "LABEL_0": 0,
    "LABEL_1": 1,
    "LABEL_2": 2
  },
  "layer_norm_eps": 1e-12,
  "max_position_embeddings": 512,
  "model_type": "bert",
  "num_attention_heads": 12,
  "num_hidden_layers": 12,
  "pad_token_id": 0,
  "type_vocab_size": 2,
  "vocab_size": 30000
}

INFO: loading weights file ../corpora/domain-adaption/redewiedergabe-alternative/pytorch_model.bin
INFO: Weights of BertForSequenceClassification not initialized from pretrained model: ['classifier.weight', 'classifier.bias']
INFO: Weights from pretrained model not used in BertForSequenceClassification: ['cls.predictions.bias', 'cls.predictions.transform.dense.weight', 'cls.predictions.transform.dense.bias', 'cls.predictions.transform.LayerNorm.weight', 'cls.predictions.transform.LayerNorm.bias', 'cls.predictions.decoder.weight', 'cls.predictions.decoder.bias']
INFO: Stopping epoch run early (Epoch 3).
INFO: Training for epoch_poet done.
INFO: Training took 0:02:15 (h:mm:ss) 

INFO: Saving misclassifications.
INFO: Saving confusion matrices.
INFO: Testing for epoch_poet done.
INFO: CV Test F1-Score: 0.6894146264908977 (run: 8/10).
INFO: Testing took 0:02:16 (h:mm:ss) 

INFO: Training for run 8/10 completed.
INFO: Training run took 0:02:16 (h:mm:ss)
INFO: Model name '../corpora/domain-adaption/redewiedergabe-alternative/' not found in model shortcut name list (bert-base-uncased, bert-large-uncased, bert-base-cased, bert-large-cased, bert-base-multilingual-uncased, bert-base-multilingual-cased, bert-base-chinese, bert-base-german-cased, bert-large-uncased-whole-word-masking, bert-large-cased-whole-word-masking, bert-large-uncased-whole-word-masking-finetuned-squad, bert-large-cased-whole-word-masking-finetuned-squad, bert-base-cased-finetuned-mrpc, bert-base-german-dbmdz-cased, bert-base-german-dbmdz-uncased, TurkuNLP/bert-base-finnish-cased-v1, TurkuNLP/bert-base-finnish-uncased-v1, wietsedv/bert-base-dutch-cased). Assuming '../corpora/domain-adaption/redewiedergabe-alternative/' is a path, a model identifier, or url to a directory containing tokenizer files.
INFO: Didn't find file ../corpora/domain-adaption/redewiedergabe-alternative/added_tokens.json. We won't load it.
INFO: loading file ../corpora/domain-adaption/redewiedergabe-alternative/vocab.txt
INFO: loading file None
INFO: loading file ../corpora/domain-adaption/redewiedergabe-alternative/special_tokens_map.json
INFO: loading file ../corpora/domain-adaption/redewiedergabe-alternative/tokenizer_config.json
INFO: loading configuration file ../corpora/domain-adaption/redewiedergabe-alternative/config.json
INFO: Model config BertConfig {
  "architectures": [
    "BertForMaskedLM"
  ],
  "attention_probs_dropout_prob": 0.1,
  "hidden_act": "gelu",
  "hidden_dropout_prob": 0.1,
  "hidden_size": 768,
  "id2label": {
    "0": "LABEL_0",
    "1": "LABEL_1",
    "2": "LABEL_2"
  },
  "initializer_range": 0.02,
  "intermediate_size": 3072,
  "label2id": {
    "LABEL_0": 0,
    "LABEL_1": 1,
    "LABEL_2": 2
  },
  "layer_norm_eps": 1e-12,
  "max_position_embeddings": 512,
  "model_type": "bert",
  "num_attention_heads": 12,
  "num_hidden_layers": 12,
  "pad_token_id": 0,
  "type_vocab_size": 2,
  "vocab_size": 30000
}

INFO: loading weights file ../corpora/domain-adaption/redewiedergabe-alternative/pytorch_model.bin
INFO: Weights of BertForSequenceClassification not initialized from pretrained model: ['classifier.weight', 'classifier.bias']
INFO: Weights from pretrained model not used in BertForSequenceClassification: ['cls.predictions.bias', 'cls.predictions.transform.dense.weight', 'cls.predictions.transform.dense.bias', 'cls.predictions.transform.LayerNorm.weight', 'cls.predictions.transform.LayerNorm.bias', 'cls.predictions.decoder.weight', 'cls.predictions.decoder.bias']
INFO: Stopping epoch run early (Epoch 3).
INFO: Training for epoch_poet done.
INFO: Training took 0:02:14 (h:mm:ss) 

INFO: Saving misclassifications.
INFO: Saving confusion matrices.
INFO: Testing for epoch_poet done.
INFO: CV Test F1-Score: 0.7330458283019953 (run: 9/10).
INFO: Testing took 0:02:16 (h:mm:ss) 

INFO: Training for run 9/10 completed.
INFO: Training run took 0:02:16 (h:mm:ss)
INFO: Model name '../corpora/domain-adaption/redewiedergabe-alternative/' not found in model shortcut name list (bert-base-uncased, bert-large-uncased, bert-base-cased, bert-large-cased, bert-base-multilingual-uncased, bert-base-multilingual-cased, bert-base-chinese, bert-base-german-cased, bert-large-uncased-whole-word-masking, bert-large-cased-whole-word-masking, bert-large-uncased-whole-word-masking-finetuned-squad, bert-large-cased-whole-word-masking-finetuned-squad, bert-base-cased-finetuned-mrpc, bert-base-german-dbmdz-cased, bert-base-german-dbmdz-uncased, TurkuNLP/bert-base-finnish-cased-v1, TurkuNLP/bert-base-finnish-uncased-v1, wietsedv/bert-base-dutch-cased). Assuming '../corpora/domain-adaption/redewiedergabe-alternative/' is a path, a model identifier, or url to a directory containing tokenizer files.
INFO: Didn't find file ../corpora/domain-adaption/redewiedergabe-alternative/added_tokens.json. We won't load it.
INFO: loading file ../corpora/domain-adaption/redewiedergabe-alternative/vocab.txt
INFO: loading file None
INFO: loading file ../corpora/domain-adaption/redewiedergabe-alternative/special_tokens_map.json
INFO: loading file ../corpora/domain-adaption/redewiedergabe-alternative/tokenizer_config.json
INFO: loading configuration file ../corpora/domain-adaption/redewiedergabe-alternative/config.json
INFO: Model config BertConfig {
  "architectures": [
    "BertForMaskedLM"
  ],
  "attention_probs_dropout_prob": 0.1,
  "hidden_act": "gelu",
  "hidden_dropout_prob": 0.1,
  "hidden_size": 768,
  "id2label": {
    "0": "LABEL_0",
    "1": "LABEL_1",
    "2": "LABEL_2"
  },
  "initializer_range": 0.02,
  "intermediate_size": 3072,
  "label2id": {
    "LABEL_0": 0,
    "LABEL_1": 1,
    "LABEL_2": 2
  },
  "layer_norm_eps": 1e-12,
  "max_position_embeddings": 512,
  "model_type": "bert",
  "num_attention_heads": 12,
  "num_hidden_layers": 12,
  "pad_token_id": 0,
  "type_vocab_size": 2,
  "vocab_size": 30000
}

INFO: loading weights file ../corpora/domain-adaption/redewiedergabe-alternative/pytorch_model.bin
INFO: Weights of BertForSequenceClassification not initialized from pretrained model: ['classifier.weight', 'classifier.bias']
INFO: Weights from pretrained model not used in BertForSequenceClassification: ['cls.predictions.bias', 'cls.predictions.transform.dense.weight', 'cls.predictions.transform.dense.bias', 'cls.predictions.transform.LayerNorm.weight', 'cls.predictions.transform.LayerNorm.bias', 'cls.predictions.decoder.weight', 'cls.predictions.decoder.bias']
INFO: Stopping epoch run early (Epoch 3).
INFO: Training for epoch_poet done.
INFO: Training took 0:02:14 (h:mm:ss) 

INFO: Saving misclassifications.
INFO: Saving confusion matrices.
INFO: Testing for epoch_poet done.
INFO: CV Test F1-Score: 0.73988953988954 (run: 10/10).
INFO: Testing took 0:02:16 (h:mm:ss) 

INFO: Training for run 10/10 completed.
INFO: Training run took 0:02:16 (h:mm:ss)
INFO: Writing results to '../results/bert/'.
INFO: Total duration: 25.233333333333334 minute(s).

  Validation Accuracy: 0.69
  Validation Loss: 1.07
  Validation took: 0:00:01

======== Epoch 5 / 10 ========
Now Training.
Batch    50  of     86.    Elapsed: 0:00:19.

  Average training loss: 0.00
  Training epoch took: 0:00:33

Now Validating.
  Validation Accuracy: 0.69
  Validation Loss: 1.56
  Validation took: 0:00:01

======== Epoch 6 / 10 ========
Now Training.
Batch    50  of     86.    Elapsed: 0:00:19.

  Average training loss: 0.00
  Training epoch took: 0:00:32

Now Validating.
  Validation Accuracy: 0.66
  Validation Loss: 1.71
  Validation took: 0:00:01
--------------------------------

--------------------------------

________________________________
________________________________


======== Epoch 1 / 10 ========
Now Training.
Batch    50  of     86.    Elapsed: 0:00:19.

  Average training loss: 0.92
  Training epoch took: 0:00:32

Now Validating.
  Validation Accuracy: 0.59
  Validation Loss: 0.61
  Validation took: 0:00:01

======== Epoch 2 / 10 ========
Now Training.
Batch    50  of     86.    Elapsed: 0:00:19.

  Average training loss: 0.46
  Training epoch took: 0:00:33

Now Validating.
  Validation Accuracy: 0.57
  Validation Loss: 0.75
  Validation took: 0:00:01

======== Epoch 3 / 10 ========
Now Training.
Batch    50  of     86.    Elapsed: 0:00:19.

  Average training loss: 0.24
  Training epoch took: 0:00:33

Now Validating.
  Validation Accuracy: 0.64
  Validation Loss: 0.82
  Validation took: 0:00:01

======== Epoch 4 / 10 ========
Now Training.
Batch    50  of     86.    Elapsed: 0:00:19.

  Average training loss: 0.09
  Training epoch took: 0:00:32

Now Validating.
  Validation Accuracy: 0.77
  Validation Loss: 0.96
  Validation took: 0:00:01
--------------------------------

--------------------------------

________________________________
________________________________


======== Epoch 1 / 10 ========
Now Training.
Batch    50  of     86.    Elapsed: 0:00:18.

  Average training loss: 0.94
  Training epoch took: 0:00:32

Now Validating.
  Validation Accuracy: 0.52
  Validation Loss: 0.80
  Validation took: 0:00:01

======== Epoch 2 / 10 ========
Now Training.
Batch    50  of     86.    Elapsed: 0:00:19.

  Average training loss: 0.39
  Training epoch took: 0:00:32

Now Validating.
  Validation Accuracy: 0.76
  Validation Loss: 0.64
  Validation took: 0:00:01

======== Epoch 3 / 10 ========
Now Training.
Batch    50  of     86.    Elapsed: 0:00:19.

  Average training loss: 0.16
  Training epoch took: 0:00:33

Now Validating.
  Validation Accuracy: 0.70
  Validation Loss: 1.09
  Validation took: 0:00:01

======== Epoch 4 / 10 ========
Now Training.
Batch    50  of     86.    Elapsed: 0:00:19.

  Average training loss: 0.04
  Training epoch took: 0:00:33

Now Validating.
  Validation Accuracy: 0.65
  Validation Loss: 1.59
  Validation took: 0:00:01
--------------------------------

--------------------------------

________________________________
________________________________


======== Epoch 1 / 10 ========
Now Training.
Batch    50  of     86.    Elapsed: 0:00:18.

  Average training loss: 0.94
  Training epoch took: 0:00:32

Now Validating.
  Validation Accuracy: 0.67
  Validation Loss: 0.60
  Validation took: 0:00:01

======== Epoch 2 / 10 ========
Now Training.
Batch    50  of     86.    Elapsed: 0:00:19.

  Average training loss: 0.41
  Training epoch took: 0:00:32

Now Validating.
  Validation Accuracy: 0.63
  Validation Loss: 0.93
  Validation took: 0:00:01

======== Epoch 3 / 10 ========
Now Training.
Batch    50  of     86.    Elapsed: 0:00:19.

  Average training loss: 0.16
  Training epoch took: 0:00:33

Now Validating.
  Validation Accuracy: 0.66
  Validation Loss: 1.14
  Validation took: 0:00:01

======== Epoch 4 / 10 ========
Now Training.
Batch    50  of     86.    Elapsed: 0:00:19.

  Average training loss: 0.04
  Training epoch took: 0:00:33

Now Validating.
  Validation Accuracy: 0.65
  Validation Loss: 1.32
  Validation took: 0:00:01
--------------------------------

--------------------------------

________________________________
________________________________

