Using TensorFlow backend.
INFO: There are 1 GPU(s) available.
INFO: Used GPU: GeForce RTX 2080 Ti
INFO: Model name '../corpora/domain-adaption/redewiedergabe-alternative/' not found in model shortcut name list (bert-base-uncased, bert-large-uncased, bert-base-cased, bert-large-cased, bert-base-multilingual-uncased, bert-base-multilingual-cased, bert-base-chinese, bert-base-german-cased, bert-large-uncased-whole-word-masking, bert-large-cased-whole-word-masking, bert-large-uncased-whole-word-masking-finetuned-squad, bert-large-cased-whole-word-masking-finetuned-squad, bert-base-cased-finetuned-mrpc, bert-base-german-dbmdz-cased, bert-base-german-dbmdz-uncased, TurkuNLP/bert-base-finnish-cased-v1, TurkuNLP/bert-base-finnish-uncased-v1, wietsedv/bert-base-dutch-cased). Assuming '../corpora/domain-adaption/redewiedergabe-alternative/' is a path, a model identifier, or url to a directory containing tokenizer files.
INFO: Didn't find file ../corpora/domain-adaption/redewiedergabe-alternative/added_tokens.json. We won't load it.
INFO: loading file ../corpora/domain-adaption/redewiedergabe-alternative/vocab.txt
INFO: loading file None
INFO: loading file ../corpora/domain-adaption/redewiedergabe-alternative/special_tokens_map.json
INFO: loading file ../corpora/domain-adaption/redewiedergabe-alternative/tokenizer_config.json
/home/paulus/.conda/envs/bertpoems/lib/python3.8/site-packages/transformers/tokenization_utils.py:884: FutureWarning: Parameter max_len is deprecated and will be removed in a future release. Use model_max_length instead.
  warnings.warn(
INFO: loading configuration file ../corpora/domain-adaption/redewiedergabe-alternative/config.json
INFO: Model config BertConfig {
  "architectures": [
    "BertForMaskedLM"
  ],
  "attention_probs_dropout_prob": 0.1,
  "hidden_act": "gelu",
  "hidden_dropout_prob": 0.1,
  "hidden_size": 768,
  "id2label": {
    "0": "LABEL_0",
    "1": "LABEL_1",
    "2": "LABEL_2"
  },
  "initializer_range": 0.02,
  "intermediate_size": 3072,
  "label2id": {
    "LABEL_0": 0,
    "LABEL_1": 1,
    "LABEL_2": 2
  },
  "layer_norm_eps": 1e-12,
  "max_position_embeddings": 512,
  "model_type": "bert",
  "num_attention_heads": 12,
  "num_hidden_layers": 12,
  "pad_token_id": 0,
  "type_vocab_size": 2,
  "vocab_size": 30000
}

INFO: loading weights file ../corpora/domain-adaption/redewiedergabe-alternative/pytorch_model.bin
INFO: Weights of BertForSequenceClassification not initialized from pretrained model: ['classifier.weight', 'classifier.bias']
INFO: Weights from pretrained model not used in BertForSequenceClassification: ['cls.predictions.bias', 'cls.predictions.transform.dense.weight', 'cls.predictions.transform.dense.bias', 'cls.predictions.transform.LayerNorm.weight', 'cls.predictions.transform.LayerNorm.bias', 'cls.predictions.decoder.weight', 'cls.predictions.decoder.bias']
INFO: Stopping epoch run early (Epoch 3).
INFO: Training for epoch_poet done.
INFO: Training took 0:03:29 (h:mm:ss) 

INFO: Saving misclassifications.
INFO: Saving confusion matrices.
INFO: Testing for epoch_poet done.
INFO: CV Test F1-Score: 0.7421602642244657 (run: 1/10).
INFO: Testing took 0:03:32 (h:mm:ss) 

INFO: Training for run 1/10 completed.
INFO: Training run took 0:03:32 (h:mm:ss)
INFO: Model name '../corpora/domain-adaption/redewiedergabe-alternative/' not found in model shortcut name list (bert-base-uncased, bert-large-uncased, bert-base-cased, bert-large-cased, bert-base-multilingual-uncased, bert-base-multilingual-cased, bert-base-chinese, bert-base-german-cased, bert-large-uncased-whole-word-masking, bert-large-cased-whole-word-masking, bert-large-uncased-whole-word-masking-finetuned-squad, bert-large-cased-whole-word-masking-finetuned-squad, bert-base-cased-finetuned-mrpc, bert-base-german-dbmdz-cased, bert-base-german-dbmdz-uncased, TurkuNLP/bert-base-finnish-cased-v1, TurkuNLP/bert-base-finnish-uncased-v1, wietsedv/bert-base-dutch-cased). Assuming '../corpora/domain-adaption/redewiedergabe-alternative/' is a path, a model identifier, or url to a directory containing tokenizer files.
INFO: Didn't find file ../corpora/domain-adaption/redewiedergabe-alternative/added_tokens.json. We won't load it.
INFO: loading file ../corpora/domain-adaption/redewiedergabe-alternative/vocab.txt
INFO: loading file None
INFO: loading file ../corpora/domain-adaption/redewiedergabe-alternative/special_tokens_map.json
INFO: loading file ../corpora/domain-adaption/redewiedergabe-alternative/tokenizer_config.json
INFO: loading configuration file ../corpora/domain-adaption/redewiedergabe-alternative/config.json
INFO: Model config BertConfig {
  "architectures": [
    "BertForMaskedLM"
  ],
  "attention_probs_dropout_prob": 0.1,
  "hidden_act": "gelu",
  "hidden_dropout_prob": 0.1,
  "hidden_size": 768,
  "id2label": {
    "0": "LABEL_0",
    "1": "LABEL_1",
    "2": "LABEL_2"
  },
  "initializer_range": 0.02,
  "intermediate_size": 3072,
  "label2id": {
    "LABEL_0": 0,
    "LABEL_1": 1,
    "LABEL_2": 2
  },
  "layer_norm_eps": 1e-12,
  "max_position_embeddings": 512,
  "model_type": "bert",
  "num_attention_heads": 12,
  "num_hidden_layers": 12,
  "pad_token_id": 0,
  "type_vocab_size": 2,
  "vocab_size": 30000
}

INFO: loading weights file ../corpora/domain-adaption/redewiedergabe-alternative/pytorch_model.bin
INFO: Weights of BertForSequenceClassification not initialized from pretrained model: ['classifier.weight', 'classifier.bias']
INFO: Weights from pretrained model not used in BertForSequenceClassification: ['cls.predictions.bias', 'cls.predictions.transform.dense.weight', 'cls.predictions.transform.dense.bias', 'cls.predictions.transform.LayerNorm.weight', 'cls.predictions.transform.LayerNorm.bias', 'cls.predictions.decoder.weight', 'cls.predictions.decoder.bias']
INFO: Stopping epoch run early (Epoch 3).
INFO: Training for epoch_poet done.
INFO: Training took 0:03:31 (h:mm:ss) 

INFO: Saving misclassifications.
INFO: Saving confusion matrices.
INFO: Testing for epoch_poet done.
INFO: CV Test F1-Score: 0.7746320346320347 (run: 2/10).
INFO: Testing took 0:03:33 (h:mm:ss) 

INFO: Training for run 2/10 completed.
INFO: Training run took 0:03:33 (h:mm:ss)
INFO: Model name '../corpora/domain-adaption/redewiedergabe-alternative/' not found in model shortcut name list (bert-base-uncased, bert-large-uncased, bert-base-cased, bert-large-cased, bert-base-multilingual-uncased, bert-base-multilingual-cased, bert-base-chinese, bert-base-german-cased, bert-large-uncased-whole-word-masking, bert-large-cased-whole-word-masking, bert-large-uncased-whole-word-masking-finetuned-squad, bert-large-cased-whole-word-masking-finetuned-squad, bert-base-cased-finetuned-mrpc, bert-base-german-dbmdz-cased, bert-base-german-dbmdz-uncased, TurkuNLP/bert-base-finnish-cased-v1, TurkuNLP/bert-base-finnish-uncased-v1, wietsedv/bert-base-dutch-cased). Assuming '../corpora/domain-adaption/redewiedergabe-alternative/' is a path, a model identifier, or url to a directory containing tokenizer files.
INFO: Didn't find file ../corpora/domain-adaption/redewiedergabe-alternative/added_tokens.json. We won't load it.
INFO: loading file ../corpora/domain-adaption/redewiedergabe-alternative/vocab.txt
INFO: loading file None
INFO: loading file ../corpora/domain-adaption/redewiedergabe-alternative/special_tokens_map.json
INFO: loading file ../corpora/domain-adaption/redewiedergabe-alternative/tokenizer_config.json
INFO: loading configuration file ../corpora/domain-adaption/redewiedergabe-alternative/config.json
INFO: Model config BertConfig {
  "architectures": [
    "BertForMaskedLM"
  ],
  "attention_probs_dropout_prob": 0.1,
  "hidden_act": "gelu",
  "hidden_dropout_prob": 0.1,
  "hidden_size": 768,
  "id2label": {
    "0": "LABEL_0",
    "1": "LABEL_1",
    "2": "LABEL_2"
  },
  "initializer_range": 0.02,
  "intermediate_size": 3072,
  "label2id": {
    "LABEL_0": 0,
    "LABEL_1": 1,
    "LABEL_2": 2
  },
  "layer_norm_eps": 1e-12,
  "max_position_embeddings": 512,
  "model_type": "bert",
  "num_attention_heads": 12,
  "num_hidden_layers": 12,
  "pad_token_id": 0,
  "type_vocab_size": 2,
  "vocab_size": 30000
}

INFO: loading weights file ../corpora/domain-adaption/redewiedergabe-alternative/pytorch_model.bin
INFO: Weights of BertForSequenceClassification not initialized from pretrained model: ['classifier.weight', 'classifier.bias']
INFO: Weights from pretrained model not used in BertForSequenceClassification: ['cls.predictions.bias', 'cls.predictions.transform.dense.weight', 'cls.predictions.transform.dense.bias', 'cls.predictions.transform.LayerNorm.weight', 'cls.predictions.transform.LayerNorm.bias', 'cls.predictions.decoder.weight', 'cls.predictions.decoder.bias']
INFO: Stopping epoch run early (Epoch 3).
INFO: Training for epoch_poet done.
INFO: Training took 0:03:30 (h:mm:ss) 

INFO: Saving misclassifications.
INFO: Saving confusion matrices.
INFO: Testing for epoch_poet done.
INFO: CV Test F1-Score: 0.7554194919335173 (run: 3/10).
INFO: Testing took 0:03:33 (h:mm:ss) 

INFO: Training for run 3/10 completed.
INFO: Training run took 0:03:33 (h:mm:ss)
INFO: Model name '../corpora/domain-adaption/redewiedergabe-alternative/' not found in model shortcut name list (bert-base-uncased, bert-large-uncased, bert-base-cased, bert-large-cased, bert-base-multilingual-uncased, bert-base-multilingual-cased, bert-base-chinese, bert-base-german-cased, bert-large-uncased-whole-word-masking, bert-large-cased-whole-word-masking, bert-large-uncased-whole-word-masking-finetuned-squad, bert-large-cased-whole-word-masking-finetuned-squad, bert-base-cased-finetuned-mrpc, bert-base-german-dbmdz-cased, bert-base-german-dbmdz-uncased, TurkuNLP/bert-base-finnish-cased-v1, TurkuNLP/bert-base-finnish-uncased-v1, wietsedv/bert-base-dutch-cased). Assuming '../corpora/domain-adaption/redewiedergabe-alternative/' is a path, a model identifier, or url to a directory containing tokenizer files.
INFO: Didn't find file ../corpora/domain-adaption/redewiedergabe-alternative/added_tokens.json. We won't load it.
INFO: loading file ../corpora/domain-adaption/redewiedergabe-alternative/vocab.txt
INFO: loading file None
INFO: loading file ../corpora/domain-adaption/redewiedergabe-alternative/special_tokens_map.json
INFO: loading file ../corpora/domain-adaption/redewiedergabe-alternative/tokenizer_config.json
INFO: loading configuration file ../corpora/domain-adaption/redewiedergabe-alternative/config.json
INFO: Model config BertConfig {
  "architectures": [
    "BertForMaskedLM"
  ],
  "attention_probs_dropout_prob": 0.1,
  "hidden_act": "gelu",
  "hidden_dropout_prob": 0.1,
  "hidden_size": 768,
  "id2label": {
    "0": "LABEL_0",
    "1": "LABEL_1",
    "2": "LABEL_2"
  },
  "initializer_range": 0.02,
  "intermediate_size": 3072,
  "label2id": {
    "LABEL_0": 0,
    "LABEL_1": 1,
    "LABEL_2": 2
  },
  "layer_norm_eps": 1e-12,
  "max_position_embeddings": 512,
  "model_type": "bert",
  "num_attention_heads": 12,
  "num_hidden_layers": 12,
  "pad_token_id": 0,
  "type_vocab_size": 2,
  "vocab_size": 30000
}

INFO: loading weights file ../corpora/domain-adaption/redewiedergabe-alternative/pytorch_model.bin
INFO: Weights of BertForSequenceClassification not initialized from pretrained model: ['classifier.weight', 'classifier.bias']
INFO: Weights from pretrained model not used in BertForSequenceClassification: ['cls.predictions.bias', 'cls.predictions.transform.dense.weight', 'cls.predictions.transform.dense.bias', 'cls.predictions.transform.LayerNorm.weight', 'cls.predictions.transform.LayerNorm.bias', 'cls.predictions.decoder.weight', 'cls.predictions.decoder.bias']
INFO: Stopping epoch run early (Epoch 3).
INFO: Training for epoch_poet done.
INFO: Training took 0:03:30 (h:mm:ss) 

INFO: Saving misclassifications.
INFO: Saving confusion matrices.
INFO: Testing for epoch_poet done.
INFO: CV Test F1-Score: 0.7562918507404629 (run: 4/10).
INFO: Testing took 0:03:32 (h:mm:ss) 

INFO: Training for run 4/10 completed.
INFO: Training run took 0:03:32 (h:mm:ss)
INFO: Model name '../corpora/domain-adaption/redewiedergabe-alternative/' not found in model shortcut name list (bert-base-uncased, bert-large-uncased, bert-base-cased, bert-large-cased, bert-base-multilingual-uncased, bert-base-multilingual-cased, bert-base-chinese, bert-base-german-cased, bert-large-uncased-whole-word-masking, bert-large-cased-whole-word-masking, bert-large-uncased-whole-word-masking-finetuned-squad, bert-large-cased-whole-word-masking-finetuned-squad, bert-base-cased-finetuned-mrpc, bert-base-german-dbmdz-cased, bert-base-german-dbmdz-uncased, TurkuNLP/bert-base-finnish-cased-v1, TurkuNLP/bert-base-finnish-uncased-v1, wietsedv/bert-base-dutch-cased). Assuming '../corpora/domain-adaption/redewiedergabe-alternative/' is a path, a model identifier, or url to a directory containing tokenizer files.
INFO: Didn't find file ../corpora/domain-adaption/redewiedergabe-alternative/added_tokens.json. We won't load it.
INFO: loading file ../corpora/domain-adaption/redewiedergabe-alternative/vocab.txt
INFO: loading file None
INFO: loading file ../corpora/domain-adaption/redewiedergabe-alternative/special_tokens_map.json
INFO: loading file ../corpora/domain-adaption/redewiedergabe-alternative/tokenizer_config.json
INFO: loading configuration file ../corpora/domain-adaption/redewiedergabe-alternative/config.json
INFO: Model config BertConfig {
  "architectures": [
    "BertForMaskedLM"
  ],
  "attention_probs_dropout_prob": 0.1,
  "hidden_act": "gelu",
  "hidden_dropout_prob": 0.1,
  "hidden_size": 768,
  "id2label": {
    "0": "LABEL_0",
    "1": "LABEL_1",
    "2": "LABEL_2"
  },
  "initializer_range": 0.02,
  "intermediate_size": 3072,
  "label2id": {
    "LABEL_0": 0,
    "LABEL_1": 1,
    "LABEL_2": 2
  },
  "layer_norm_eps": 1e-12,
  "max_position_embeddings": 512,
  "model_type": "bert",
  "num_attention_heads": 12,
  "num_hidden_layers": 12,
  "pad_token_id": 0,
  "type_vocab_size": 2,
  "vocab_size": 30000
}

INFO: loading weights file ../corpora/domain-adaption/redewiedergabe-alternative/pytorch_model.bin
INFO: Weights of BertForSequenceClassification not initialized from pretrained model: ['classifier.weight', 'classifier.bias']
INFO: Weights from pretrained model not used in BertForSequenceClassification: ['cls.predictions.bias', 'cls.predictions.transform.dense.weight', 'cls.predictions.transform.dense.bias', 'cls.predictions.transform.LayerNorm.weight', 'cls.predictions.transform.LayerNorm.bias', 'cls.predictions.decoder.weight', 'cls.predictions.decoder.bias']
INFO: Stopping epoch run early (Epoch 3).
INFO: Training for epoch_poet done.
INFO: Training took 0:03:28 (h:mm:ss) 

INFO: Saving misclassifications.
INFO: Saving confusion matrices.
INFO: Testing for epoch_poet done.
INFO: CV Test F1-Score: 0.8196376933490335 (run: 5/10).
INFO: Testing took 0:03:30 (h:mm:ss) 

INFO: Training for run 5/10 completed.
INFO: Training run took 0:03:30 (h:mm:ss)
INFO: Model name '../corpora/domain-adaption/redewiedergabe-alternative/' not found in model shortcut name list (bert-base-uncased, bert-large-uncased, bert-base-cased, bert-large-cased, bert-base-multilingual-uncased, bert-base-multilingual-cased, bert-base-chinese, bert-base-german-cased, bert-large-uncased-whole-word-masking, bert-large-cased-whole-word-masking, bert-large-uncased-whole-word-masking-finetuned-squad, bert-large-cased-whole-word-masking-finetuned-squad, bert-base-cased-finetuned-mrpc, bert-base-german-dbmdz-cased, bert-base-german-dbmdz-uncased, TurkuNLP/bert-base-finnish-cased-v1, TurkuNLP/bert-base-finnish-uncased-v1, wietsedv/bert-base-dutch-cased). Assuming '../corpora/domain-adaption/redewiedergabe-alternative/' is a path, a model identifier, or url to a directory containing tokenizer files.
INFO: Didn't find file ../corpora/domain-adaption/redewiedergabe-alternative/added_tokens.json. We won't load it.
INFO: loading file ../corpora/domain-adaption/redewiedergabe-alternative/vocab.txt
INFO: loading file None
INFO: loading file ../corpora/domain-adaption/redewiedergabe-alternative/special_tokens_map.json
INFO: loading file ../corpora/domain-adaption/redewiedergabe-alternative/tokenizer_config.json
INFO: loading configuration file ../corpora/domain-adaption/redewiedergabe-alternative/config.json
INFO: Model config BertConfig {
  "architectures": [
    "BertForMaskedLM"
  ],
  "attention_probs_dropout_prob": 0.1,
  "hidden_act": "gelu",
  "hidden_dropout_prob": 0.1,
  "hidden_size": 768,
  "id2label": {
    "0": "LABEL_0",
    "1": "LABEL_1",
    "2": "LABEL_2"
  },
  "initializer_range": 0.02,
  "intermediate_size": 3072,
  "label2id": {
    "LABEL_0": 0,
    "LABEL_1": 1,
    "LABEL_2": 2
  },
  "layer_norm_eps": 1e-12,
  "max_position_embeddings": 512,
  "model_type": "bert",
  "num_attention_heads": 12,
  "num_hidden_layers": 12,
  "pad_token_id": 0,
  "type_vocab_size": 2,
  "vocab_size": 30000
}

INFO: loading weights file ../corpora/domain-adaption/redewiedergabe-alternative/pytorch_model.bin
INFO: Weights of BertForSequenceClassification not initialized from pretrained model: ['classifier.weight', 'classifier.bias']
INFO: Weights from pretrained model not used in BertForSequenceClassification: ['cls.predictions.bias', 'cls.predictions.transform.dense.weight', 'cls.predictions.transform.dense.bias', 'cls.predictions.transform.LayerNorm.weight', 'cls.predictions.transform.LayerNorm.bias', 'cls.predictions.decoder.weight', 'cls.predictions.decoder.bias']

======== Epoch 1 / 10 ========
Now Training.
Batch    50  of    152.    Elapsed: 0:00:16.
Batch   100  of    152.    Elapsed: 0:00:33.
Batch   150  of    152.    Elapsed: 0:00:49.

  Average training loss: 0.84
  Training epoch took: 0:00:50

Now Validating.
  Validation Accuracy: 0.62
  Validation Loss: 0.71
  Validation took: 0:00:02

======== Epoch 2 / 10 ========
Now Training.
Batch    50  of    152.    Elapsed: 0:00:17.
Batch   100  of    152.    Elapsed: 0:00:33.
Batch   150  of    152.    Elapsed: 0:00:50.

  Average training loss: 0.43
  Training epoch took: 0:00:51

Now Validating.
  Validation Accuracy: 0.67
  Validation Loss: 0.75
  Validation took: 0:00:02

======== Epoch 3 / 10 ========
Now Training.
Batch    50  of    152.    Elapsed: 0:00:17.
Batch   100  of    152.    Elapsed: 0:00:34.
Batch   150  of    152.    Elapsed: 0:00:50.

  Average training loss: 0.21
  Training epoch took: 0:00:51

Now Validating.
  Validation Accuracy: 0.64
  Validation Loss: 0.92
  Validation took: 0:00:02

======== Epoch 4 / 10 ========
Now Training.
Batch    50  of    152.    Elapsed: 0:00:17.
Batch   100  of    152.    Elapsed: 0:00:33.
Batch   150  of    152.    Elapsed: 0:00:50.

  Average training loss: 0.06
  Training epoch took: 0:00:51

Now Validating.
  Validation Accuracy: 0.68
  Validation Loss: 1.26
  Validation took: 0:00:02
--------------------------------

--------------------------------

________________________________
________________________________


======== Epoch 1 / 10 ========
Now Training.
Batch    50  of    152.    Elapsed: 0:00:17.
Batch   100  of    152.    Elapsed: 0:00:33.
Batch   150  of    152.    Elapsed: 0:00:50.

  Average training loss: 0.84
  Training epoch took: 0:00:51

Now Validating.
  Validation Accuracy: 0.65
  Validation Loss: 0.65
  Validation took: 0:00:02

======== Epoch 2 / 10 ========
Now Training.
Batch    50  of    152.    Elapsed: 0:00:17.
Batch   100  of    152.    Elapsed: 0:00:33.
Batch   150  of    152.    Elapsed: 0:00:50.

  Average training loss: 0.44
  Training epoch took: 0:00:51

Now Validating.
  Validation Accuracy: 0.69
  Validation Loss: 0.60
  Validation took: 0:00:02

======== Epoch 3 / 10 ========
Now Training.
Batch    50  of    152.    Elapsed: 0:00:17.
Batch   100  of    152.    Elapsed: 0:00:34.
Batch   150  of    152.    Elapsed: 0:00:51.

  Average training loss: 0.15
  Training epoch took: 0:00:51

Now Validating.
  Validation Accuracy: 0.66
  Validation Loss: 1.10
  Validation took: 0:00:02

======== Epoch 4 / 10 ========
Now Training.
Batch    50  of    152.    Elapsed: 0:00:17.
Batch   100  of    152.    Elapsed: 0:00:33.
Batch   150  of    152.    Elapsed: 0:00:50.

  Average training loss: 0.04
  Training epoch took: 0:00:51

Now Validating.
  Validation Accuracy: 0.69
  Validation Loss: 1.29
  Validation took: 0:00:02
--------------------------------

--------------------------------

________________________________
________________________________


======== Epoch 1 / 10 ========
Now Training.
Batch    50  of    152.    Elapsed: 0:00:17.
Batch   100  of    152.    Elapsed: 0:00:33.
Batch   150  of    152.    Elapsed: 0:00:50.

  Average training loss: 0.83
  Training epoch took: 0:00:50

Now Validating.
  Validation Accuracy: 0.74
  Validation Loss: 0.56
  Validation took: 0:00:02

======== Epoch 2 / 10 ========
Now Training.
Batch    50  of    152.    Elapsed: 0:00:17.
Batch   100  of    152.    Elapsed: 0:00:34.
Batch   150  of    152.    Elapsed: 0:00:50.

  Average training loss: 0.43
  Training epoch took: 0:00:51

Now Validating.
  Validation Accuracy: 0.72
  Validation Loss: 0.51
  Validation took: 0:00:02

======== Epoch 3 / 10 ========
Now Training.
Batch    50  of    152.    Elapsed: 0:00:17.
Batch   100  of    152.    Elapsed: 0:00:34.
Batch   150  of    152.    Elapsed: 0:00:51.

  Average training loss: 0.15
  Training epoch took: 0:00:51

Now Validating.
  Validation Accuracy: 0.77
  Validation Loss: 0.71
  Validation took: 0:00:02

======== Epoch 4 / 10 ========
Now Training.
Batch    50  of    152.    Elapsed: 0:00:17.
Batch   100  of    152.    Elapsed: 0:00:34.
Batch   150  of    152.    Elapsed: 0:00:50.

  Average training loss: 0.05
  Training epoch took: 0:00:51

Now Validating.
  Validation Accuracy: 0.75
  Validation Loss: 0.88
  Validation took: 0:00:02
--------------------------------

--------------------------------

________________________________
________________________________


======== Epoch 1 / 10 ========
Now Training.
Batch    50  of    152.    Elapsed: 0:00:17.
Batch   100  of    152.    Elapsed: 0:00:33.
Batch   150  of    152.    Elapsed: 0:00:50.

  Average training loss: 0.85
  Training epoch took: 0:00:50

Now Validating.
  Validation Accuracy: 0.63
  Validation Loss: 0.77
  Validation took: 0:00:02

======== Epoch 2 / 10 ========
Now Training.
Batch    50  of    152.    Elapsed: 0:00:17.
Batch   100  of    152.    Elapsed: 0:00:34.
Batch   150  of    152.    Elapsed: 0:00:51.

  Average training loss: 0.41
  Training epoch took: 0:00:51

Now Validating.
  Validation Accuracy: 0.74
  Validation Loss: 0.57
  Validation took: 0:00:02

======== Epoch 3 / 10 ========
Now Training.
Batch    50  of    152.    Elapsed: 0:00:17.
Batch   100  of    152.    Elapsed: 0:00:33.
Batch   150  of    152.    Elapsed: 0:00:50.

  Average training loss: 0.17
  Training epoch took: 0:00:51

Now Validating.
  Validation Accuracy: 0.74
  Validation Loss: 0.82
  Validation took: 0:00:02

======== Epoch 4 / 10 ========
Now Training.
Batch    50  of    152.    Elapsed: 0:00:16.
Batch   100  of    152.    Elapsed: 0:00:33.
Batch   150  of    152.    Elapsed: 0:00:50.

  Average training loss: 0.04
  Training epoch took: 0:00:50

Now Validating.
  Validation Accuracy: 0.68
  Validation Loss: 1.38
  Validation took: 0:00:02
--------------------------------

--------------------------------

________________________________
________________________________


======== Epoch 1 / 10 ========
Now Training.
Batch    50  of    152.    Elapsed: 0:00:17.
Batch   100  of    152.    Elapsed: 0:00:33.
Batch   150  of    152.    Elapsed: 0:00:50.

  Average training loss: 0.84
  Training epoch took: 0:00:50

Now Validating.
  Validation Accuracy: 0.72
  Validation Loss: 0.63
  Validation took: 0:00:02

======== Epoch 2 / 10 ========
Now Training.
Batch    50  of    152.    Elapsed: 0:00:17.
Batch   100  of    152.    Elapsed: 0:00:33.
Batch   150  of    152.    Elapsed: 0:00:50.

  Average training loss: 0.43
  Training epoch took: 0:00:51

Now Validating.
  Validation Accuracy: 0.67
  Validation Loss: 0.70
  Validation took: 0:00:02

======== Epoch 3 / 10 ========
Now Training.
Batch    50  of    152.    Elapsed: 0:00:17.
Batch   100  of    152.    Elapsed: 0:00:33.
Batch   150  of    152.    Elapsed: 0:00:49.

  Average training loss: 0.21
  Training epoch took: 0:00:50

Now Validating.
  Validation Accuracy: 0.63
  Validation Loss: 0.88
  Validation took: 0:00:02

======== Epoch 4 / 10 ========
Now Training.
Batch    50  of    152.    Elapsed: 0:00:16.
Batch   100  of    152.    Elapsed: 0:00:33.
Batch   150  of    152.    Elapsed: 0:00:50.

  Average training loss: 0.06
  Training epoch took: 0:00:50

Now Validating.
  Validation Accuracy: 0.71
  Validation Loss: 1.12
  Validation took: 0:00:02
--------------------------------

--------------------------------

________________________________
________________________________


======== Epoch 1 / 10 ========
Now Training.
Batch    50  of    152.    Elapsed: 0:00:17.
Batch   100  of    152.    Elapsed: 0:00:33.
Batch   150  of    152.    Elapsed: 0:00:50.

  Average training loss: 0.84
  Training epoch took: 0:00:51

Now Validating.
  Validation Accuracy: 0.73
  Validation Loss: 0.64
  Validation took: 0:00:02

======== Epoch 2 / 10 ========
Now Training.
Batch    50  of    152.    Elapsed: 0:00:17.
Batch   100  of    152.    Elapsed: 0:00:33.
Batch   150  of    152.    Elapsed: 0:00:50.

  Average training loss: 0.43
  Training epoch took: 0:00:51

Now Validating.
  Validation Accuracy: 0.75
  Validation Loss: 0.57
  Validation took: 0:00:02

======== Epoch 3 / 10 ========
Now Training.
Batch    50  of    152.    Elapsed: 0:00:16.INFO: Stopping epoch run early (Epoch 3).
INFO: Training for epoch_poet done.
INFO: Training took 0:03:29 (h:mm:ss) 

INFO: Saving misclassifications.
INFO: Saving confusion matrices.
INFO: Testing for epoch_poet done.
INFO: CV Test F1-Score: 0.6464248929365208 (run: 6/10).
INFO: Testing took 0:03:31 (h:mm:ss) 

INFO: Training for run 6/10 completed.
INFO: Training run took 0:03:31 (h:mm:ss)
INFO: Model name '../corpora/domain-adaption/redewiedergabe-alternative/' not found in model shortcut name list (bert-base-uncased, bert-large-uncased, bert-base-cased, bert-large-cased, bert-base-multilingual-uncased, bert-base-multilingual-cased, bert-base-chinese, bert-base-german-cased, bert-large-uncased-whole-word-masking, bert-large-cased-whole-word-masking, bert-large-uncased-whole-word-masking-finetuned-squad, bert-large-cased-whole-word-masking-finetuned-squad, bert-base-cased-finetuned-mrpc, bert-base-german-dbmdz-cased, bert-base-german-dbmdz-uncased, TurkuNLP/bert-base-finnish-cased-v1, TurkuNLP/bert-base-finnish-uncased-v1, wietsedv/bert-base-dutch-cased). Assuming '../corpora/domain-adaption/redewiedergabe-alternative/' is a path, a model identifier, or url to a directory containing tokenizer files.
INFO: Didn't find file ../corpora/domain-adaption/redewiedergabe-alternative/added_tokens.json. We won't load it.
INFO: loading file ../corpora/domain-adaption/redewiedergabe-alternative/vocab.txt
INFO: loading file None
INFO: loading file ../corpora/domain-adaption/redewiedergabe-alternative/special_tokens_map.json
INFO: loading file ../corpora/domain-adaption/redewiedergabe-alternative/tokenizer_config.json
INFO: loading configuration file ../corpora/domain-adaption/redewiedergabe-alternative/config.json
INFO: Model config BertConfig {
  "architectures": [
    "BertForMaskedLM"
  ],
  "attention_probs_dropout_prob": 0.1,
  "hidden_act": "gelu",
  "hidden_dropout_prob": 0.1,
  "hidden_size": 768,
  "id2label": {
    "0": "LABEL_0",
    "1": "LABEL_1",
    "2": "LABEL_2"
  },
  "initializer_range": 0.02,
  "intermediate_size": 3072,
  "label2id": {
    "LABEL_0": 0,
    "LABEL_1": 1,
    "LABEL_2": 2
  },
  "layer_norm_eps": 1e-12,
  "max_position_embeddings": 512,
  "model_type": "bert",
  "num_attention_heads": 12,
  "num_hidden_layers": 12,
  "pad_token_id": 0,
  "type_vocab_size": 2,
  "vocab_size": 30000
}

INFO: loading weights file ../corpora/domain-adaption/redewiedergabe-alternative/pytorch_model.bin
INFO: Weights of BertForSequenceClassification not initialized from pretrained model: ['classifier.weight', 'classifier.bias']
INFO: Weights from pretrained model not used in BertForSequenceClassification: ['cls.predictions.bias', 'cls.predictions.transform.dense.weight', 'cls.predictions.transform.dense.bias', 'cls.predictions.transform.LayerNorm.weight', 'cls.predictions.transform.LayerNorm.bias', 'cls.predictions.decoder.weight', 'cls.predictions.decoder.bias']
INFO: Stopping epoch run early (Epoch 3).
INFO: Training for epoch_poet done.
INFO: Training took 0:03:28 (h:mm:ss) 

INFO: Saving misclassifications.
INFO: Saving confusion matrices.
INFO: Testing for epoch_poet done.
INFO: CV Test F1-Score: 0.8149509803921569 (run: 7/10).
INFO: Testing took 0:03:30 (h:mm:ss) 

INFO: Training for run 7/10 completed.
INFO: Training run took 0:03:30 (h:mm:ss)
INFO: Model name '../corpora/domain-adaption/redewiedergabe-alternative/' not found in model shortcut name list (bert-base-uncased, bert-large-uncased, bert-base-cased, bert-large-cased, bert-base-multilingual-uncased, bert-base-multilingual-cased, bert-base-chinese, bert-base-german-cased, bert-large-uncased-whole-word-masking, bert-large-cased-whole-word-masking, bert-large-uncased-whole-word-masking-finetuned-squad, bert-large-cased-whole-word-masking-finetuned-squad, bert-base-cased-finetuned-mrpc, bert-base-german-dbmdz-cased, bert-base-german-dbmdz-uncased, TurkuNLP/bert-base-finnish-cased-v1, TurkuNLP/bert-base-finnish-uncased-v1, wietsedv/bert-base-dutch-cased). Assuming '../corpora/domain-adaption/redewiedergabe-alternative/' is a path, a model identifier, or url to a directory containing tokenizer files.
INFO: Didn't find file ../corpora/domain-adaption/redewiedergabe-alternative/added_tokens.json. We won't load it.
INFO: loading file ../corpora/domain-adaption/redewiedergabe-alternative/vocab.txt
INFO: loading file None
INFO: loading file ../corpora/domain-adaption/redewiedergabe-alternative/special_tokens_map.json
INFO: loading file ../corpora/domain-adaption/redewiedergabe-alternative/tokenizer_config.json
INFO: loading configuration file ../corpora/domain-adaption/redewiedergabe-alternative/config.json
INFO: Model config BertConfig {
  "architectures": [
    "BertForMaskedLM"
  ],
  "attention_probs_dropout_prob": 0.1,
  "hidden_act": "gelu",
  "hidden_dropout_prob": 0.1,
  "hidden_size": 768,
  "id2label": {
    "0": "LABEL_0",
    "1": "LABEL_1",
    "2": "LABEL_2"
  },
  "initializer_range": 0.02,
  "intermediate_size": 3072,
  "label2id": {
    "LABEL_0": 0,
    "LABEL_1": 1,
    "LABEL_2": 2
  },
  "layer_norm_eps": 1e-12,
  "max_position_embeddings": 512,
  "model_type": "bert",
  "num_attention_heads": 12,
  "num_hidden_layers": 12,
  "pad_token_id": 0,
  "type_vocab_size": 2,
  "vocab_size": 30000
}

INFO: loading weights file ../corpora/domain-adaption/redewiedergabe-alternative/pytorch_model.bin
INFO: Weights of BertForSequenceClassification not initialized from pretrained model: ['classifier.weight', 'classifier.bias']
INFO: Weights from pretrained model not used in BertForSequenceClassification: ['cls.predictions.bias', 'cls.predictions.transform.dense.weight', 'cls.predictions.transform.dense.bias', 'cls.predictions.transform.LayerNorm.weight', 'cls.predictions.transform.LayerNorm.bias', 'cls.predictions.decoder.weight', 'cls.predictions.decoder.bias']
INFO: Stopping epoch run early (Epoch 3).
INFO: Training for epoch_poet done.
INFO: Training took 0:03:28 (h:mm:ss) 

INFO: Saving misclassifications.
INFO: Saving confusion matrices.
INFO: Testing for epoch_poet done.
INFO: CV Test F1-Score: 0.8018749189181111 (run: 8/10).
INFO: Testing took 0:03:30 (h:mm:ss) 

INFO: Training for run 8/10 completed.
INFO: Training run took 0:03:30 (h:mm:ss)
INFO: Model name '../corpora/domain-adaption/redewiedergabe-alternative/' not found in model shortcut name list (bert-base-uncased, bert-large-uncased, bert-base-cased, bert-large-cased, bert-base-multilingual-uncased, bert-base-multilingual-cased, bert-base-chinese, bert-base-german-cased, bert-large-uncased-whole-word-masking, bert-large-cased-whole-word-masking, bert-large-uncased-whole-word-masking-finetuned-squad, bert-large-cased-whole-word-masking-finetuned-squad, bert-base-cased-finetuned-mrpc, bert-base-german-dbmdz-cased, bert-base-german-dbmdz-uncased, TurkuNLP/bert-base-finnish-cased-v1, TurkuNLP/bert-base-finnish-uncased-v1, wietsedv/bert-base-dutch-cased). Assuming '../corpora/domain-adaption/redewiedergabe-alternative/' is a path, a model identifier, or url to a directory containing tokenizer files.
INFO: Didn't find file ../corpora/domain-adaption/redewiedergabe-alternative/added_tokens.json. We won't load it.
INFO: loading file ../corpora/domain-adaption/redewiedergabe-alternative/vocab.txt
INFO: loading file None
INFO: loading file ../corpora/domain-adaption/redewiedergabe-alternative/special_tokens_map.json
INFO: loading file ../corpora/domain-adaption/redewiedergabe-alternative/tokenizer_config.json
INFO: loading configuration file ../corpora/domain-adaption/redewiedergabe-alternative/config.json
INFO: Model config BertConfig {
  "architectures": [
    "BertForMaskedLM"
  ],
  "attention_probs_dropout_prob": 0.1,
  "hidden_act": "gelu",
  "hidden_dropout_prob": 0.1,
  "hidden_size": 768,
  "id2label": {
    "0": "LABEL_0",
    "1": "LABEL_1",
    "2": "LABEL_2"
  },
  "initializer_range": 0.02,
  "intermediate_size": 3072,
  "label2id": {
    "LABEL_0": 0,
    "LABEL_1": 1,
    "LABEL_2": 2
  },
  "layer_norm_eps": 1e-12,
  "max_position_embeddings": 512,
  "model_type": "bert",
  "num_attention_heads": 12,
  "num_hidden_layers": 12,
  "pad_token_id": 0,
  "type_vocab_size": 2,
  "vocab_size": 30000
}

INFO: loading weights file ../corpora/domain-adaption/redewiedergabe-alternative/pytorch_model.bin
INFO: Weights of BertForSequenceClassification not initialized from pretrained model: ['classifier.weight', 'classifier.bias']
INFO: Weights from pretrained model not used in BertForSequenceClassification: ['cls.predictions.bias', 'cls.predictions.transform.dense.weight', 'cls.predictions.transform.dense.bias', 'cls.predictions.transform.LayerNorm.weight', 'cls.predictions.transform.LayerNorm.bias', 'cls.predictions.decoder.weight', 'cls.predictions.decoder.bias']
INFO: Stopping epoch run early (Epoch 3).
INFO: Training for epoch_poet done.
INFO: Training took 0:03:30 (h:mm:ss) 

INFO: Saving misclassifications.
INFO: Saving confusion matrices.
INFO: Testing for epoch_poet done.
INFO: CV Test F1-Score: 0.7752108512303278 (run: 9/10).
INFO: Testing took 0:03:32 (h:mm:ss) 

INFO: Training for run 9/10 completed.
INFO: Training run took 0:03:32 (h:mm:ss)
INFO: Model name '../corpora/domain-adaption/redewiedergabe-alternative/' not found in model shortcut name list (bert-base-uncased, bert-large-uncased, bert-base-cased, bert-large-cased, bert-base-multilingual-uncased, bert-base-multilingual-cased, bert-base-chinese, bert-base-german-cased, bert-large-uncased-whole-word-masking, bert-large-cased-whole-word-masking, bert-large-uncased-whole-word-masking-finetuned-squad, bert-large-cased-whole-word-masking-finetuned-squad, bert-base-cased-finetuned-mrpc, bert-base-german-dbmdz-cased, bert-base-german-dbmdz-uncased, TurkuNLP/bert-base-finnish-cased-v1, TurkuNLP/bert-base-finnish-uncased-v1, wietsedv/bert-base-dutch-cased). Assuming '../corpora/domain-adaption/redewiedergabe-alternative/' is a path, a model identifier, or url to a directory containing tokenizer files.
INFO: Didn't find file ../corpora/domain-adaption/redewiedergabe-alternative/added_tokens.json. We won't load it.
INFO: loading file ../corpora/domain-adaption/redewiedergabe-alternative/vocab.txt
INFO: loading file None
INFO: loading file ../corpora/domain-adaption/redewiedergabe-alternative/special_tokens_map.json
INFO: loading file ../corpora/domain-adaption/redewiedergabe-alternative/tokenizer_config.json
INFO: loading configuration file ../corpora/domain-adaption/redewiedergabe-alternative/config.json
INFO: Model config BertConfig {
  "architectures": [
    "BertForMaskedLM"
  ],
  "attention_probs_dropout_prob": 0.1,
  "hidden_act": "gelu",
  "hidden_dropout_prob": 0.1,
  "hidden_size": 768,
  "id2label": {
    "0": "LABEL_0",
    "1": "LABEL_1",
    "2": "LABEL_2"
  },
  "initializer_range": 0.02,
  "intermediate_size": 3072,
  "label2id": {
    "LABEL_0": 0,
    "LABEL_1": 1,
    "LABEL_2": 2
  },
  "layer_norm_eps": 1e-12,
  "max_position_embeddings": 512,
  "model_type": "bert",
  "num_attention_heads": 12,
  "num_hidden_layers": 12,
  "pad_token_id": 0,
  "type_vocab_size": 2,
  "vocab_size": 30000
}

INFO: loading weights file ../corpora/domain-adaption/redewiedergabe-alternative/pytorch_model.bin
INFO: Weights of BertForSequenceClassification not initialized from pretrained model: ['classifier.weight', 'classifier.bias']
INFO: Weights from pretrained model not used in BertForSequenceClassification: ['cls.predictions.bias', 'cls.predictions.transform.dense.weight', 'cls.predictions.transform.dense.bias', 'cls.predictions.transform.LayerNorm.weight', 'cls.predictions.transform.LayerNorm.bias', 'cls.predictions.decoder.weight', 'cls.predictions.decoder.bias']
INFO: Stopping epoch run early (Epoch 3).
INFO: Training for epoch_poet done.
INFO: Training took 0:03:31 (h:mm:ss) 

INFO: Saving misclassifications.
INFO: Saving confusion matrices.
INFO: Testing for epoch_poet done.
INFO: CV Test F1-Score: 0.6808097165991903 (run: 10/10).
INFO: Testing took 0:03:33 (h:mm:ss) 

INFO: Training for run 10/10 completed.
INFO: Training run took 0:03:33 (h:mm:ss)
INFO: Writing results to '../results/bert/'.
INFO: Total duration: 36.13333333333333 minute(s).

Batch   100  of    152.    Elapsed: 0:00:33.
Batch   150  of    152.    Elapsed: 0:00:50.

  Average training loss: 0.16
  Training epoch took: 0:00:50

Now Validating.
  Validation Accuracy: 0.71
  Validation Loss: 0.93
  Validation took: 0:00:02

======== Epoch 4 / 10 ========
Now Training.
Batch    50  of    152.    Elapsed: 0:00:17.
Batch   100  of    152.    Elapsed: 0:00:33.
Batch   150  of    152.    Elapsed: 0:00:50.

  Average training loss: 0.04
  Training epoch took: 0:00:51

Now Validating.
  Validation Accuracy: 0.75
  Validation Loss: 1.19
  Validation took: 0:00:02
--------------------------------

--------------------------------

________________________________
________________________________


======== Epoch 1 / 10 ========
Now Training.
Batch    50  of    152.    Elapsed: 0:00:16.
Batch   100  of    152.    Elapsed: 0:00:33.
Batch   150  of    152.    Elapsed: 0:00:49.

  Average training loss: 0.84
  Training epoch took: 0:00:50

Now Validating.
  Validation Accuracy: 0.68
  Validation Loss: 0.67
  Validation took: 0:00:02

======== Epoch 2 / 10 ========
Now Training.
Batch    50  of    152.    Elapsed: 0:00:17.
Batch   100  of    152.    Elapsed: 0:00:33.
Batch   150  of    152.    Elapsed: 0:00:50.

  Average training loss: 0.44
  Training epoch took: 0:00:51

Now Validating.
  Validation Accuracy: 0.73
  Validation Loss: 0.70
  Validation took: 0:00:02

======== Epoch 3 / 10 ========
Now Training.
Batch    50  of    152.    Elapsed: 0:00:17.
Batch   100  of    152.    Elapsed: 0:00:33.
Batch   150  of    152.    Elapsed: 0:00:50.

  Average training loss: 0.18
  Training epoch took: 0:00:51

Now Validating.
  Validation Accuracy: 0.74
  Validation Loss: 0.91
  Validation took: 0:00:02

======== Epoch 4 / 10 ========
Now Training.
Batch    50  of    152.    Elapsed: 0:00:16.
Batch   100  of    152.    Elapsed: 0:00:33.
Batch   150  of    152.    Elapsed: 0:00:49.

  Average training loss: 0.06
  Training epoch took: 0:00:50

Now Validating.
  Validation Accuracy: 0.68
  Validation Loss: 1.31
  Validation took: 0:00:02
--------------------------------

--------------------------------

________________________________
________________________________


======== Epoch 1 / 10 ========
Now Training.
Batch    50  of    152.    Elapsed: 0:00:17.
Batch   100  of    152.    Elapsed: 0:00:33.
Batch   150  of    152.    Elapsed: 0:00:49.

  Average training loss: 0.81
  Training epoch took: 0:00:50

Now Validating.
  Validation Accuracy: 0.56
  Validation Loss: 0.78
  Validation took: 0:00:02

======== Epoch 2 / 10 ========
Now Training.
Batch    50  of    152.    Elapsed: 0:00:17.
Batch   100  of    152.    Elapsed: 0:00:34.
Batch   150  of    152.    Elapsed: 0:00:50.

  Average training loss: 0.40
  Training epoch took: 0:00:51

Now Validating.
  Validation Accuracy: 0.73
  Validation Loss: 0.65
  Validation took: 0:00:02

======== Epoch 3 / 10 ========
Now Training.
Batch    50  of    152.    Elapsed: 0:00:17.
Batch   100  of    152.    Elapsed: 0:00:33.
Batch   150  of    152.    Elapsed: 0:00:50.

  Average training loss: 0.19
  Training epoch took: 0:00:50

Now Validating.
  Validation Accuracy: 0.71
  Validation Loss: 0.90
  Validation took: 0:00:02

======== Epoch 4 / 10 ========
Now Training.
Batch    50  of    152.    Elapsed: 0:00:16.
Batch   100  of    152.    Elapsed: 0:00:33.
Batch   150  of    152.    Elapsed: 0:00:50.

  Average training loss: 0.03
  Training epoch took: 0:00:50

Now Validating.
  Validation Accuracy: 0.65
  Validation Loss: 1.29
  Validation took: 0:00:02
--------------------------------

--------------------------------

________________________________
________________________________


======== Epoch 1 / 10 ========
Now Training.
Batch    50  of    152.    Elapsed: 0:00:17.
Batch   100  of    152.    Elapsed: 0:00:33.
Batch   150  of    152.    Elapsed: 0:00:50.

  Average training loss: 0.85
  Training epoch took: 0:00:50

Now Validating.
  Validation Accuracy: 0.72
  Validation Loss: 0.59
  Validation took: 0:00:02

======== Epoch 2 / 10 ========
Now Training.
Batch    50  of    152.    Elapsed: 0:00:17.
Batch   100  of    152.    Elapsed: 0:00:33.
Batch   150  of    152.    Elapsed: 0:00:50.

  Average training loss: 0.43
  Training epoch took: 0:00:51

Now Validating.
  Validation Accuracy: 0.66
  Validation Loss: 0.77
  Validation took: 0:00:02

======== Epoch 3 / 10 ========
Now Training.
Batch    50  of    152.    Elapsed: 0:00:17.
Batch   100  of    152.    Elapsed: 0:00:33.
Batch   150  of    152.    Elapsed: 0:00:50.

  Average training loss: 0.20
  Training epoch took: 0:00:51

Now Validating.
  Validation Accuracy: 0.66
  Validation Loss: 0.83
  Validation took: 0:00:02

======== Epoch 4 / 10 ========
Now Training.
Batch    50  of    152.    Elapsed: 0:00:17.
Batch   100  of    152.    Elapsed: 0:00:33.
Batch   150  of    152.    Elapsed: 0:00:50.

  Average training loss: 0.06
  Training epoch took: 0:00:51

Now Validating.
  Validation Accuracy: 0.74
  Validation Loss: 1.03
  Validation took: 0:00:02
--------------------------------

--------------------------------

________________________________
________________________________


======== Epoch 1 / 10 ========
Now Training.
Batch    50  of    152.    Elapsed: 0:00:17.
Batch   100  of    152.    Elapsed: 0:00:34.
Batch   150  of    152.    Elapsed: 0:00:50.

  Average training loss: 0.87
  Training epoch took: 0:00:51

Now Validating.
  Validation Accuracy: 0.70
  Validation Loss: 0.72
  Validation took: 0:00:02

======== Epoch 2 / 10 ========
Now Training.
Batch    50  of    152.    Elapsed: 0:00:17.
Batch   100  of    152.    Elapsed: 0:00:34.
Batch   150  of    152.    Elapsed: 0:00:50.

  Average training loss: 0.46
  Training epoch took: 0:00:51

Now Validating.
  Validation Accuracy: 0.75
  Validation Loss: 0.64
  Validation took: 0:00:02

======== Epoch 3 / 10 ========
Now Training.
Batch    50  of    152.    Elapsed: 0:00:17.
Batch   100  of    152.    Elapsed: 0:00:34.
Batch   150  of    152.    Elapsed: 0:00:51.

  Average training loss: 0.22
  Training epoch took: 0:00:51

Now Validating.
  Validation Accuracy: 0.62
  Validation Loss: 1.17
  Validation took: 0:00:02

======== Epoch 4 / 10 ========
Now Training.
Batch    50  of    152.    Elapsed: 0:00:17.
Batch   100  of    152.    Elapsed: 0:00:33.
Batch   150  of    152.    Elapsed: 0:00:50.

  Average training loss: 0.07
  Training epoch took: 0:00:51

Now Validating.
  Validation Accuracy: 0.60
  Validation Loss: 1.82
  Validation took: 0:00:02
--------------------------------

--------------------------------

________________________________
________________________________

